[proxy:0:0@c01n14] HYDU_create_process (../../utils/launch/launch.c:590): execvp error on file vasp_std (No such file or directory)
[proxy:0:0@c01n14] HYDU_create_process (../../utils/launch/launch.c:590): execvp error on file vasp_std (No such file or directory)
[proxy:0:0@c01n14] HYDU_create_process (../../utils/launch/launch.c:590): execvp error on file vasp_std (No such file or directory)
[proxy:0:0@c01n14] HYDU_create_process (../../utils/launch/launch.c:590): execvp error on file vasp_std (No such file or directory)
[proxy:0:0@c01n14] HYDU_create_process (../../utils/launch/launch.c:590): execvp error on file vasp_std (No such file or directory)
[proxy:0:0@c01n14] HYDU_create_process (../../utils/launch/launch.c:590): execvp error on file vasp_std (No such file or directory)
[proxy:0:0@c01n14] HYDU_create_process (../../utils/launch/launch.c:590): execvp error on file vasp_std (No such file or directory)
[proxy:0:0@c01n14] HYDU_create_process (../../utils/launch/launch.c:590): execvp error on file vasp_std (No such file or directory)
[proxy:0:0@c01n14] HYDU_create_process (../../utils/launch/launch.c:590): execvp error on file vasp_std (No such file or directory)
[proxy:0:0@c01n14] HYDU_create_process (../../utils/launch/launch.c:590): execvp error on file vasp_std (No such file or directory)
[proxy:0:0@c01n14] HYDU_create_process (../../utils/launch/launch.c:590): execvp error on file vasp_std (No such file or directory)
[proxy:0:0@c01n14] HYDU_create_process (../../utils/launch/launch.c:590): execvp error on file vasp_std (No such file or directory)
[proxy:0:0@c01n14] HYDU_create_process (../../utils/launch/launch.c:590): execvp error on file vasp_std (No such file or directory)
[proxy:0:0@c01n14] HYDU_create_process (../../utils/launch/launch.c:590): execvp error on file vasp_std (No such file or directory)
[proxy:0:0@c01n14] HYDU_create_process (../../utils/launch/launch.c:590): [proxy:0:0@c01n14] HYDU_create_process (../../utils/launch/launch.c:590): execvp error on file vasp_std (No such file or directory)
execvp error on file vasp_std (No such file or directory)
[proxy:0:0@c01n14] HYDU_create_process (../../utils/launch/launch.c:590): execvp error on file vasp_std (No such file or directory)
[proxy:0:0@c01n14] HYDU_create_process (../../utils/launch/launch.c:590): execvp error on file vasp_std (No such file or directory)
[proxy:0:0@c01n14] HYDU_create_process (../../utils/launch/launch.c:590): execvp error on file vasp_std (No such file or directory)
[proxy:0:0@c01n14] HYDU_create_process (../../utils/launch/launch.c:590): execvp error on file vasp_std (No such file or directory)
[proxy:0:0@c01n14] HYDU_create_process (../../utils/launch/launch.c:590): execvp error on file vasp_std (No such file or directory)
[proxy:0:0@c01n14] HYDU_create_process (../../utils/launch/launch.c:590): execvp error on file vasp_std (No such file or directory)
[proxy:0:0@c01n14] HYDU_create_process (../../utils/launch/launch.c:590): execvp error on file vasp_std (No such file or directory)
[proxy:0:0@c01n14] HYDU_create_process (../../utils/launch/launch.c:590): execvp error on file vasp_std (No such file or directory)
[proxy:0:0@c01n14] HYDU_create_process (../../utils/launch/launch.c:590): execvp error on file vasp_std (No such file or directory)
[proxy:0:0@c01n14] HYDU_create_process (../../utils/launch/launch.c:590): execvp error on file vasp_std (No such file or directory)
[proxy:0:0@c01n14] HYDU_create_process (../../utils/launch/launch.c:590): execvp error on file vasp_std (No such file or directory)
[proxy:0:0@c01n14] HYDU_create_process (../../utils/launch/launch.c:590): execvp error on file vasp_std (No such file or directory)
{"moveConflictResolutionStrategy":3,"unitTypes":[{"ID":0, "name":"Resource", "cost":1, "hp":1, "minDamage":1, "maxDamage":1, "attackRange":1, "produceTime":10, "moveTime":10, "attackTime":10, "harvestTime":10, "returnTime":10, "harvestAmount":1, "sightRadius":0, "isResource":true, "isStockpile":false, "canHarvest":false, "canMove":false, "canAttack":false, "produces":[], "producedBy":[]}, {"ID":1, "name":"Base", "cost":10, "hp":10, "minDamage":1, "maxDamage":1, "attackRange":1, "produceTime":250, "moveTime":10, "attackTime":10, "harvestTime":10, "returnTime":10, "harvestAmount":1, "sightRadius":5, "isResource":false, "isStockpile":true, "canHarvest":false, "canMove":false, "canAttack":false, "produces":["Worker"], "producedBy":["Worker"]}, {"ID":2, "name":"Barracks", "cost":5, "hp":4, "minDamage":1, "maxDamage":1, "attackRange":1, "produceTime":200, "moveTime":10, "attackTime":10, "harvestTime":10, "returnTime":10, "harvestAmount":1, "sightRadius":3, "isResource":false, "isStockpile":false, "canHarvest":false, "canMove":false, "canAttack":false, "produces":["Light", "Heavy", "Ranged"], "producedBy":["Worker"]}, {"ID":3, "name":"Worker", "cost":1, "hp":1, "minDamage":1, "maxDamage":1, "attackRange":1, "produceTime":50, "moveTime":10, "attackTime":5, "harvestTime":20, "returnTime":10, "harvestAmount":1, "sightRadius":3, "isResource":false, "isStockpile":false, "canHarvest":true, "canMove":true, "canAttack":true, "produces":["Base", "Barracks"], "producedBy":["Base"]}, {"ID":4, "name":"Light", "cost":2, "hp":4, "minDamage":2, "maxDamage":2, "attackRange":1, "produceTime":80, "moveTime":8, "attackTime":5, "harvestTime":10, "returnTime":10, "harvestAmount":1, "sightRadius":2, "isResource":false, "isStockpile":false, "canHarvest":false, "canMove":true, "canAttack":true, "produces":[], "producedBy":["Barracks"]}, {"ID":5, "name":"Heavy", "cost":2, "hp":4, "minDamage":4, "maxDamage":4, "attackRange":1, "produceTime":120, "moveTime":12, "attackTime":5, "harvestTime":10, "returnTime":10, "harvestAmount":1, "sightRadius":2, "isResource":false, "isStockpile":false, "canHarvest":false, "canMove":true, "canAttack":true, "produces":[], "producedBy":["Barracks"]}, {"ID":6, "name":"Ranged", "cost":2, "hp":1, "minDamage":1, "maxDamage":1, "attackRange":3, "produceTime":100, "moveTime":10, "attackTime":5, "harvestTime":10, "returnTime":10, "harvestAmount":1, "sightRadius":3, "isResource":false, "isStockpile":false, "canHarvest":false, "canMove":true, "canAttack":true, "produces":[], "producedBy":["Barracks"]}]}
{"moveConflictResolutionStrategy":3,"unitTypes":[{"ID":0, "name":"Resource", "cost":1, "hp":1, "minDamage":1, "maxDamage":1, "attackRange":1, "produceTime":10, "moveTime":10, "attackTime":10, "harvestTime":10, "returnTime":10, "harvestAmount":1, "sightRadius":0, "isResource":true, "isStockpile":false, "canHarvest":false, "canMove":false, "canAttack":false, "produces":[], "producedBy":[]}, {"ID":1, "name":"Base", "cost":10, "hp":10, "minDamage":1, "maxDamage":1, "attackRange":1, "produceTime":250, "moveTime":10, "attackTime":10, "harvestTime":10, "returnTime":10, "harvestAmount":1, "sightRadius":5, "isResource":false, "isStockpile":true, "canHarvest":false, "canMove":false, "canAttack":false, "produces":["Worker"], "producedBy":["Worker"]}, {"ID":2, "name":"Barracks", "cost":5, "hp":4, "minDamage":1, "maxDamage":1, "attackRange":1, "produceTime":200, "moveTime":10, "attackTime":10, "harvestTime":10, "returnTime":10, "harvestAmount":1, "sightRadius":3, "isResource":false, "isStockpile":false, "canHarvest":false, "canMove":false, "canAttack":false, "produces":["Light", "Heavy", "Ranged"], "producedBy":["Worker"]}, {"ID":3, "name":"Worker", "cost":1, "hp":1, "minDamage":1, "maxDamage":1, "attackRange":1, "produceTime":50, "moveTime":10, "attackTime":5, "harvestTime":20, "returnTime":10, "harvestAmount":1, "sightRadius":3, "isResource":false, "isStockpile":false, "canHarvest":true, "canMove":true, "canAttack":true, "produces":["Base", "Barracks"], "producedBy":["Base"]}, {"ID":4, "name":"Light", "cost":2, "hp":4, "minDamage":2, "maxDamage":2, "attackRange":1, "produceTime":80, "moveTime":8, "attackTime":5, "harvestTime":10, "returnTime":10, "harvestAmount":1, "sightRadius":2, "isResource":false, "isStockpile":false, "canHarvest":false, "canMove":true, "canAttack":true, "produces":[], "producedBy":["Barracks"]}, {"ID":5, "name":"Heavy", "cost":2, "hp":4, "minDamage":4, "maxDamage":4, "attackRange":1, "produceTime":120, "moveTime":12, "attackTime":5, "harvestTime":10, "returnTime":10, "harvestAmount":1, "sightRadius":2, "isResource":false, "isStockpile":false, "canHarvest":false, "canMove":true, "canAttack":true, "produces":[], "producedBy":["Barracks"]}, {"ID":6, "name":"Ranged", "cost":2, "hp":1, "minDamage":1, "maxDamage":1, "attackRange":3, "produceTime":100, "moveTime":10, "attackTime":5, "harvestTime":10, "returnTime":10, "harvestAmount":1, "sightRadius":3, "isResource":false, "isStockpile":false, "canHarvest":false, "canMove":true, "canAttack":true, "produces":[], "producedBy":["Barracks"]}]}
{"moveConflictResolutionStrategy":3,"unitTypes":[{"ID":0, "name":"Resource", "cost":1, "hp":1, "minDamage":1, "maxDamage":1, "attackRange":1, "produceTime":10, "moveTime":10, "attackTime":10, "harvestTime":10, "returnTime":10, "harvestAmount":1, "sightRadius":0, "isResource":true, "isStockpile":false, "canHarvest":false, "canMove":false, "canAttack":false, "produces":[], "producedBy":[]}, {"ID":1, "name":"Base", "cost":10, "hp":10, "minDamage":1, "maxDamage":1, "attackRange":1, "produceTime":250, "moveTime":10, "attackTime":10, "harvestTime":10, "returnTime":10, "harvestAmount":1, "sightRadius":5, "isResource":false, "isStockpile":true, "canHarvest":false, "canMove":false, "canAttack":false, "produces":["Worker"], "producedBy":["Worker"]}, {"ID":2, "name":"Barracks", "cost":5, "hp":4, "minDamage":1, "maxDamage":1, "attackRange":1, "produceTime":200, "moveTime":10, "attackTime":10, "harvestTime":10, "returnTime":10, "harvestAmount":1, "sightRadius":3, "isResource":false, "isStockpile":false, "canHarvest":false, "canMove":false, "canAttack":false, "produces":["Light", "Heavy", "Ranged"], "producedBy":["Worker"]}, {"ID":3, "name":"Worker", "cost":1, "hp":1, "minDamage":1, "maxDamage":1, "attackRange":1, "produceTime":50, "moveTime":10, "attackTime":5, "harvestTime":20, "returnTime":10, "harvestAmount":1, "sightRadius":3, "isResource":false, "isStockpile":false, "canHarvest":true, "canMove":true, "canAttack":true, "produces":["Base", "Barracks"], "producedBy":["Base"]}, {"ID":4, "name":"Light", "cost":2, "hp":4, "minDamage":2, "maxDamage":2, "attackRange":1, "produceTime":80, "moveTime":8, "attackTime":5, "harvestTime":10, "returnTime":10, "harvestAmount":1, "sightRadius":2, "isResource":false, "isStockpile":false, "canHarvest":false, "canMove":true, "canAttack":true, "produces":[], "producedBy":["Barracks"]}, {"ID":5, "name":"Heavy", "cost":2, "hp":4, "minDamage":4, "maxDamage":4, "attackRange":1, "produceTime":120, "moveTime":12, "attackTime":5, "harvestTime":10, "returnTime":10, "harvestAmount":1, "sightRadius":2, "isResource":false, "isStockpile":false, "canHarvest":false, "canMove":true, "canAttack":true, "produces":[], "producedBy":["Barracks"]}, {"ID":6, "name":"Ranged", "cost":2, "hp":1, "minDamage":1, "maxDamage":1, "attackRange":3, "produceTime":100, "moveTime":10, "attackTime":5, "harvestTime":10, "returnTime":10, "harvestAmount":1, "sightRadius":3, "isResource":false, "isStockpile":false, "canHarvest":false, "canMove":true, "canAttack":true, "produces":[], "producedBy":["Barracks"]}]}
{"moveConflictResolutionStrategy":3,"unitTypes":[{"ID":0, "name":"Resource", "cost":1, "hp":1, "minDamage":1, "maxDamage":1, "attackRange":1, "produceTime":10, "moveTime":10, "attackTime":10, "harvestTime":10, "returnTime":10, "harvestAmount":1, "sightRadius":0, "isResource":true, "isStockpile":false, "canHarvest":false, "canMove":false, "canAttack":false, "produces":[], "producedBy":[]}, {"ID":1, "name":"Base", "cost":10, "hp":10, "minDamage":1, "maxDamage":1, "attackRange":1, "produceTime":250, "moveTime":10, "attackTime":10, "harvestTime":10, "returnTime":10, "harvestAmount":1, "sightRadius":5, "isResource":false, "isStockpile":true, "canHarvest":false, "canMove":false, "canAttack":false, "produces":["Worker"], "producedBy":["Worker"]}, {"ID":2, "name":"Barracks", "cost":5, "hp":4, "minDamage":1, "maxDamage":1, "attackRange":1, "produceTime":200, "moveTime":10, "attackTime":10, "harvestTime":10, "returnTime":10, "harvestAmount":1, "sightRadius":3, "isResource":false, "isStockpile":false, "canHarvest":false, "canMove":false, "canAttack":false, "produces":["Light", "Heavy", "Ranged"], "producedBy":["Worker"]}, {"ID":3, "name":"Worker", "cost":1, "hp":1, "minDamage":1, "maxDamage":1, "attackRange":1, "produceTime":50, "moveTime":10, "attackTime":5, "harvestTime":20, "returnTime":10, "harvestAmount":1, "sightRadius":3, "isResource":false, "isStockpile":false, "canHarvest":true, "canMove":true, "canAttack":true, "produces":["Base", "Barracks"], "producedBy":["Base"]}, {"ID":4, "name":"Light", "cost":2, "hp":4, "minDamage":2, "maxDamage":2, "attackRange":1, "produceTime":80, "moveTime":8, "attackTime":5, "harvestTime":10, "returnTime":10, "harvestAmount":1, "sightRadius":2, "isResource":false, "isStockpile":false, "canHarvest":false, "canMove":true, "canAttack":true, "produces":[], "producedBy":["Barracks"]}, {"ID":5, "name":"Heavy", "cost":2, "hp":4, "minDamage":4, "maxDamage":4, "attackRange":1, "produceTime":120, "moveTime":12, "attackTime":5, "harvestTime":10, "returnTime":10, "harvestAmount":1, "sightRadius":2, "isResource":false, "isStockpile":false, "canHarvest":false, "canMove":true, "canAttack":true, "produces":[], "producedBy":["Barracks"]}, {"ID":6, "name":"Ranged", "cost":2, "hp":1, "minDamage":1, "maxDamage":1, "attackRange":3, "produceTime":100, "moveTime":10, "attackTime":5, "harvestTime":10, "returnTime":10, "harvestAmount":1, "sightRadius":3, "isResource":false, "isStockpile":false, "canHarvest":false, "canMove":true, "canAttack":true, "produces":[], "producedBy":["Barracks"]}]}
{"moveConflictResolutionStrategy":3,"unitTypes":[{"ID":0, "name":"Resource", "cost":1, "hp":1, "minDamage":1, "maxDamage":1, "attackRange":1, "produceTime":10, "moveTime":10, "attackTime":10, "harvestTime":10, "returnTime":10, "harvestAmount":1, "sightRadius":0, "isResource":true, "isStockpile":false, "canHarvest":false, "canMove":false, "canAttack":false, "produces":[], "producedBy":[]}, {"ID":1, "name":"Base", "cost":10, "hp":10, "minDamage":1, "maxDamage":1, "attackRange":1, "produceTime":250, "moveTime":10, "attackTime":10, "harvestTime":10, "returnTime":10, "harvestAmount":1, "sightRadius":5, "isResource":false, "isStockpile":true, "canHarvest":false, "canMove":false, "canAttack":false, "produces":["Worker"], "producedBy":["Worker"]}, {"ID":2, "name":"Barracks", "cost":5, "hp":4, "minDamage":1, "maxDamage":1, "attackRange":1, "produceTime":200, "moveTime":10, "attackTime":10, "harvestTime":10, "returnTime":10, "harvestAmount":1, "sightRadius":3, "isResource":false, "isStockpile":false, "canHarvest":false, "canMove":false, "canAttack":false, "produces":["Light", "Heavy", "Ranged"], "producedBy":["Worker"]}, {"ID":3, "name":"Worker", "cost":1, "hp":1, "minDamage":1, "maxDamage":1, "attackRange":1, "produceTime":50, "moveTime":10, "attackTime":5, "harvestTime":20, "returnTime":10, "harvestAmount":1, "sightRadius":3, "isResource":false, "isStockpile":false, "canHarvest":true, "canMove":true, "canAttack":true, "produces":["Base", "Barracks"], "producedBy":["Base"]}, {"ID":4, "name":"Light", "cost":2, "hp":4, "minDamage":2, "maxDamage":2, "attackRange":1, "produceTime":80, "moveTime":8, "attackTime":5, "harvestTime":10, "returnTime":10, "harvestAmount":1, "sightRadius":2, "isResource":false, "isStockpile":false, "canHarvest":false, "canMove":true, "canAttack":true, "produces":[], "producedBy":["Barracks"]}, {"ID":5, "name":"Heavy", "cost":2, "hp":4, "minDamage":4, "maxDamage":4, "attackRange":1, "produceTime":120, "moveTime":12, "attackTime":5, "harvestTime":10, "returnTime":10, "harvestAmount":1, "sightRadius":2, "isResource":false, "isStockpile":false, "canHarvest":false, "canMove":true, "canAttack":true, "produces":[], "producedBy":["Barracks"]}, {"ID":6, "name":"Ranged", "cost":2, "hp":1, "minDamage":1, "maxDamage":1, "attackRange":3, "produceTime":100, "moveTime":10, "attackTime":5, "harvestTime":10, "returnTime":10, "harvestAmount":1, "sightRadius":3, "isResource":false, "isStockpile":false, "canHarvest":false, "canMove":true, "canAttack":true, "produces":[], "producedBy":["Barracks"]}]}
{"moveConflictResolutionStrategy":3,"unitTypes":[{"ID":0, "name":"Resource", "cost":1, "hp":1, "minDamage":1, "maxDamage":1, "attackRange":1, "produceTime":10, "moveTime":10, "attackTime":10, "harvestTime":10, "returnTime":10, "harvestAmount":1, "sightRadius":0, "isResource":true, "isStockpile":false, "canHarvest":false, "canMove":false, "canAttack":false, "produces":[], "producedBy":[]}, {"ID":1, "name":"Base", "cost":10, "hp":10, "minDamage":1, "maxDamage":1, "attackRange":1, "produceTime":250, "moveTime":10, "attackTime":10, "harvestTime":10, "returnTime":10, "harvestAmount":1, "sightRadius":5, "isResource":false, "isStockpile":true, "canHarvest":false, "canMove":false, "canAttack":false, "produces":["Worker"], "producedBy":["Worker"]}, {"ID":2, "name":"Barracks", "cost":5, "hp":4, "minDamage":1, "maxDamage":1, "attackRange":1, "produceTime":200, "moveTime":10, "attackTime":10, "harvestTime":10, "returnTime":10, "harvestAmount":1, "sightRadius":3, "isResource":false, "isStockpile":false, "canHarvest":false, "canMove":false, "canAttack":false, "produces":["Light", "Heavy", "Ranged"], "producedBy":["Worker"]}, {"ID":3, "name":"Worker", "cost":1, "hp":1, "minDamage":1, "maxDamage":1, "attackRange":1, "produceTime":50, "moveTime":10, "attackTime":5, "harvestTime":20, "returnTime":10, "harvestAmount":1, "sightRadius":3, "isResource":false, "isStockpile":false, "canHarvest":true, "canMove":true, "canAttack":true, "produces":["Base", "Barracks"], "producedBy":["Base"]}, {"ID":4, "name":"Light", "cost":2, "hp":4, "minDamage":2, "maxDamage":2, "attackRange":1, "produceTime":80, "moveTime":8, "attackTime":5, "harvestTime":10, "returnTime":10, "harvestAmount":1, "sightRadius":2, "isResource":false, "isStockpile":false, "canHarvest":false, "canMove":true, "canAttack":true, "produces":[], "producedBy":["Barracks"]}, {"ID":5, "name":"Heavy", "cost":2, "hp":4, "minDamage":4, "maxDamage":4, "attackRange":1, "produceTime":120, "moveTime":12, "attackTime":5, "harvestTime":10, "returnTime":10, "harvestAmount":1, "sightRadius":2, "isResource":false, "isStockpile":false, "canHarvest":false, "canMove":true, "canAttack":true, "produces":[], "producedBy":["Barracks"]}, {"ID":6, "name":"Ranged", "cost":2, "hp":1, "minDamage":1, "maxDamage":1, "attackRange":3, "produceTime":100, "moveTime":10, "attackTime":5, "harvestTime":10, "returnTime":10, "harvestAmount":1, "sightRadius":3, "isResource":false, "isStockpile":false, "canHarvest":false, "canMove":true, "canAttack":true, "produces":[], "producedBy":["Barracks"]}]}
{"moveConflictResolutionStrategy":3,"unitTypes":[{"ID":0, "name":"Resource", "cost":1, "hp":1, "minDamage":1, "maxDamage":1, "attackRange":1, "produceTime":10, "moveTime":10, "attackTime":10, "harvestTime":10, "returnTime":10, "harvestAmount":1, "sightRadius":0, "isResource":true, "isStockpile":false, "canHarvest":false, "canMove":false, "canAttack":false, "produces":[], "producedBy":[]}, {"ID":1, "name":"Base", "cost":10, "hp":10, "minDamage":1, "maxDamage":1, "attackRange":1, "produceTime":250, "moveTime":10, "attackTime":10, "harvestTime":10, "returnTime":10, "harvestAmount":1, "sightRadius":5, "isResource":false, "isStockpile":true, "canHarvest":false, "canMove":false, "canAttack":false, "produces":["Worker"], "producedBy":["Worker"]}, {"ID":2, "name":"Barracks", "cost":5, "hp":4, "minDamage":1, "maxDamage":1, "attackRange":1, "produceTime":200, "moveTime":10, "attackTime":10, "harvestTime":10, "returnTime":10, "harvestAmount":1, "sightRadius":3, "isResource":false, "isStockpile":false, "canHarvest":false, "canMove":false, "canAttack":false, "produces":["Light", "Heavy", "Ranged"], "producedBy":["Worker"]}, {"ID":3, "name":"Worker", "cost":1, "hp":1, "minDamage":1, "maxDamage":1, "attackRange":1, "produceTime":50, "moveTime":10, "attackTime":5, "harvestTime":20, "returnTime":10, "harvestAmount":1, "sightRadius":3, "isResource":false, "isStockpile":false, "canHarvest":true, "canMove":true, "canAttack":true, "produces":["Base", "Barracks"], "producedBy":["Base"]}, {"ID":4, "name":"Light", "cost":2, "hp":4, "minDamage":2, "maxDamage":2, "attackRange":1, "produceTime":80, "moveTime":8, "attackTime":5, "harvestTime":10, "returnTime":10, "harvestAmount":1, "sightRadius":2, "isResource":false, "isStockpile":false, "canHarvest":false, "canMove":true, "canAttack":true, "produces":[], "producedBy":["Barracks"]}, {"ID":5, "name":"Heavy", "cost":2, "hp":4, "minDamage":4, "maxDamage":4, "attackRange":1, "produceTime":120, "moveTime":12, "attackTime":5, "harvestTime":10, "returnTime":10, "harvestAmount":1, "sightRadius":2, "isResource":false, "isStockpile":false, "canHarvest":false, "canMove":true, "canAttack":true, "produces":[], "producedBy":["Barracks"]}, {"ID":6, "name":"Ranged", "cost":2, "hp":1, "minDamage":1, "maxDamage":1, "attackRange":3, "produceTime":100, "moveTime":10, "attackTime":5, "harvestTime":10, "returnTime":10, "harvestAmount":1, "sightRadius":3, "isResource":false, "isStockpile":false, "canHarvest":false, "canMove":true, "canAttack":true, "produces":[], "producedBy":["Barracks"]}]}
{"moveConflictResolutionStrategy":3,"unitTypes":[{"ID":0, "name":"Resource", "cost":1, "hp":1, "minDamage":1, "maxDamage":1, "attackRange":1, "produceTime":10, "moveTime":10, "attackTime":10, "harvestTime":10, "returnTime":10, "harvestAmount":1, "sightRadius":0, "isResource":true, "isStockpile":false, "canHarvest":false, "canMove":false, "canAttack":false, "produces":[], "producedBy":[]}, {"ID":1, "name":"Base", "cost":10, "hp":10, "minDamage":1, "maxDamage":1, "attackRange":1, "produceTime":250, "moveTime":10, "attackTime":10, "harvestTime":10, "returnTime":10, "harvestAmount":1, "sightRadius":5, "isResource":false, "isStockpile":true, "canHarvest":false, "canMove":false, "canAttack":false, "produces":["Worker"], "producedBy":["Worker"]}, {"ID":2, "name":"Barracks", "cost":5, "hp":4, "minDamage":1, "maxDamage":1, "attackRange":1, "produceTime":200, "moveTime":10, "attackTime":10, "harvestTime":10, "returnTime":10, "harvestAmount":1, "sightRadius":3, "isResource":false, "isStockpile":false, "canHarvest":false, "canMove":false, "canAttack":false, "produces":["Light", "Heavy", "Ranged"], "producedBy":["Worker"]}, {"ID":3, "name":"Worker", "cost":1, "hp":1, "minDamage":1, "maxDamage":1, "attackRange":1, "produceTime":50, "moveTime":10, "attackTime":5, "harvestTime":20, "returnTime":10, "harvestAmount":1, "sightRadius":3, "isResource":false, "isStockpile":false, "canHarvest":true, "canMove":true, "canAttack":true, "produces":["Base", "Barracks"], "producedBy":["Base"]}, {"ID":4, "name":"Light", "cost":2, "hp":4, "minDamage":2, "maxDamage":2, "attackRange":1, "produceTime":80, "moveTime":8, "attackTime":5, "harvestTime":10, "returnTime":10, "harvestAmount":1, "sightRadius":2, "isResource":false, "isStockpile":false, "canHarvest":false, "canMove":true, "canAttack":true, "produces":[], "producedBy":["Barracks"]}, {"ID":5, "name":"Heavy", "cost":2, "hp":4, "minDamage":4, "maxDamage":4, "attackRange":1, "produceTime":120, "moveTime":12, "attackTime":5, "harvestTime":10, "returnTime":10, "harvestAmount":1, "sightRadius":2, "isResource":false, "isStockpile":false, "canHarvest":false, "canMove":true, "canAttack":true, "produces":[], "producedBy":["Barracks"]}, {"ID":6, "name":"Ranged", "cost":2, "hp":1, "minDamage":1, "maxDamage":1, "attackRange":3, "produceTime":100, "moveTime":10, "attackTime":5, "harvestTime":10, "returnTime":10, "harvestAmount":1, "sightRadius":3, "isResource":false, "isStockpile":false, "canHarvest":false, "canMove":true, "canAttack":true, "produces":[], "producedBy":["Barracks"]}]}
{"moveConflictResolutionStrategy":3,"unitTypes":[{"ID":0, "name":"Resource", "cost":1, "hp":1, "minDamage":1, "maxDamage":1, "attackRange":1, "produceTime":10, "moveTime":10, "attackTime":10, "harvestTime":10, "returnTime":10, "harvestAmount":1, "sightRadius":0, "isResource":true, "isStockpile":false, "canHarvest":false, "canMove":false, "canAttack":false, "produces":[], "producedBy":[]}, {"ID":1, "name":"Base", "cost":10, "hp":10, "minDamage":1, "maxDamage":1, "attackRange":1, "produceTime":250, "moveTime":10, "attackTime":10, "harvestTime":10, "returnTime":10, "harvestAmount":1, "sightRadius":5, "isResource":false, "isStockpile":true, "canHarvest":false, "canMove":false, "canAttack":false, "produces":["Worker"], "producedBy":["Worker"]}, {"ID":2, "name":"Barracks", "cost":5, "hp":4, "minDamage":1, "maxDamage":1, "attackRange":1, "produceTime":200, "moveTime":10, "attackTime":10, "harvestTime":10, "returnTime":10, "harvestAmount":1, "sightRadius":3, "isResource":false, "isStockpile":false, "canHarvest":false, "canMove":false, "canAttack":false, "produces":["Light", "Heavy", "Ranged"], "producedBy":["Worker"]}, {"ID":3, "name":"Worker", "cost":1, "hp":1, "minDamage":1, "maxDamage":1, "attackRange":1, "produceTime":50, "moveTime":10, "attackTime":5, "harvestTime":20, "returnTime":10, "harvestAmount":1, "sightRadius":3, "isResource":false, "isStockpile":false, "canHarvest":true, "canMove":true, "canAttack":true, "produces":["Base", "Barracks"], "producedBy":["Base"]}, {"ID":4, "name":"Light", "cost":2, "hp":4, "minDamage":2, "maxDamage":2, "attackRange":1, "produceTime":80, "moveTime":8, "attackTime":5, "harvestTime":10, "returnTime":10, "harvestAmount":1, "sightRadius":2, "isResource":false, "isStockpile":false, "canHarvest":false, "canMove":true, "canAttack":true, "produces":[], "producedBy":["Barracks"]}, {"ID":5, "name":"Heavy", "cost":2, "hp":4, "minDamage":4, "maxDamage":4, "attackRange":1, "produceTime":120, "moveTime":12, "attackTime":5, "harvestTime":10, "returnTime":10, "harvestAmount":1, "sightRadius":2, "isResource":false, "isStockpile":false, "canHarvest":false, "canMove":true, "canAttack":true, "produces":[], "producedBy":["Barracks"]}, {"ID":6, "name":"Ranged", "cost":2, "hp":1, "minDamage":1, "maxDamage":1, "attackRange":3, "produceTime":100, "moveTime":10, "attackTime":5, "harvestTime":10, "returnTime":10, "harvestAmount":1, "sightRadius":3, "isResource":false, "isStockpile":false, "canHarvest":false, "canMove":true, "canAttack":true, "produces":[], "producedBy":["Barracks"]}]}
{"moveConflictResolutionStrategy":3,"unitTypes":[{"ID":0, "name":"Resource", "cost":1, "hp":1, "minDamage":1, "maxDamage":1, "attackRange":1, "produceTime":10, "moveTime":10, "attackTime":10, "harvestTime":10, "returnTime":10, "harvestAmount":1, "sightRadius":0, "isResource":true, "isStockpile":false, "canHarvest":false, "canMove":false, "canAttack":false, "produces":[], "producedBy":[]}, {"ID":1, "name":"Base", "cost":10, "hp":10, "minDamage":1, "maxDamage":1, "attackRange":1, "produceTime":250, "moveTime":10, "attackTime":10, "harvestTime":10, "returnTime":10, "harvestAmount":1, "sightRadius":5, "isResource":false, "isStockpile":true, "canHarvest":false, "canMove":false, "canAttack":false, "produces":["Worker"], "producedBy":["Worker"]}, {"ID":2, "name":"Barracks", "cost":5, "hp":4, "minDamage":1, "maxDamage":1, "attackRange":1, "produceTime":200, "moveTime":10, "attackTime":10, "harvestTime":10, "returnTime":10, "harvestAmount":1, "sightRadius":3, "isResource":false, "isStockpile":false, "canHarvest":false, "canMove":false, "canAttack":false, "produces":["Light", "Heavy", "Ranged"], "producedBy":["Worker"]}, {"ID":3, "name":"Worker", "cost":1, "hp":1, "minDamage":1, "maxDamage":1, "attackRange":1, "produceTime":50, "moveTime":10, "attackTime":5, "harvestTime":20, "returnTime":10, "harvestAmount":1, "sightRadius":3, "isResource":false, "isStockpile":false, "canHarvest":true, "canMove":true, "canAttack":true, "produces":["Base", "Barracks"], "producedBy":["Base"]}, {"ID":4, "name":"Light", "cost":2, "hp":4, "minDamage":2, "maxDamage":2, "attackRange":1, "produceTime":80, "moveTime":8, "attackTime":5, "harvestTime":10, "returnTime":10, "harvestAmount":1, "sightRadius":2, "isResource":false, "isStockpile":false, "canHarvest":false, "canMove":true, "canAttack":true, "produces":[], "producedBy":["Barracks"]}, {"ID":5, "name":"Heavy", "cost":2, "hp":4, "minDamage":4, "maxDamage":4, "attackRange":1, "produceTime":120, "moveTime":12, "attackTime":5, "harvestTime":10, "returnTime":10, "harvestAmount":1, "sightRadius":2, "isResource":false, "isStockpile":false, "canHarvest":false, "canMove":true, "canAttack":true, "produces":[], "producedBy":["Barracks"]}, {"ID":6, "name":"Ranged", "cost":2, "hp":1, "minDamage":1, "maxDamage":1, "attackRange":3, "produceTime":100, "moveTime":10, "attackTime":5, "harvestTime":10, "returnTime":10, "harvestAmount":1, "sightRadius":3, "isResource":false, "isStockpile":false, "canHarvest":false, "canMove":true, "canAttack":true, "produces":[], "producedBy":["Barracks"]}]}
{"moveConflictResolutionStrategy":3,"unitTypes":[{"ID":0, "name":"Resource", "cost":1, "hp":1, "minDamage":1, "maxDamage":1, "attackRange":1, "produceTime":10, "moveTime":10, "attackTime":10, "harvestTime":10, "returnTime":10, "harvestAmount":1, "sightRadius":0, "isResource":true, "isStockpile":false, "canHarvest":false, "canMove":false, "canAttack":false, "produces":[], "producedBy":[]}, {"ID":1, "name":"Base", "cost":10, "hp":10, "minDamage":1, "maxDamage":1, "attackRange":1, "produceTime":250, "moveTime":10, "attackTime":10, "harvestTime":10, "returnTime":10, "harvestAmount":1, "sightRadius":5, "isResource":false, "isStockpile":true, "canHarvest":false, "canMove":false, "canAttack":false, "produces":["Worker"], "producedBy":["Worker"]}, {"ID":2, "name":"Barracks", "cost":5, "hp":4, "minDamage":1, "maxDamage":1, "attackRange":1, "produceTime":200, "moveTime":10, "attackTime":10, "harvestTime":10, "returnTime":10, "harvestAmount":1, "sightRadius":3, "isResource":false, "isStockpile":false, "canHarvest":false, "canMove":false, "canAttack":false, "produces":["Light", "Heavy", "Ranged"], "producedBy":["Worker"]}, {"ID":3, "name":"Worker", "cost":1, "hp":1, "minDamage":1, "maxDamage":1, "attackRange":1, "produceTime":50, "moveTime":10, "attackTime":5, "harvestTime":20, "returnTime":10, "harvestAmount":1, "sightRadius":3, "isResource":false, "isStockpile":false, "canHarvest":true, "canMove":true, "canAttack":true, "produces":["Base", "Barracks"], "producedBy":["Base"]}, {"ID":4, "name":"Light", "cost":2, "hp":4, "minDamage":2, "maxDamage":2, "attackRange":1, "produceTime":80, "moveTime":8, "attackTime":5, "harvestTime":10, "returnTime":10, "harvestAmount":1, "sightRadius":2, "isResource":false, "isStockpile":false, "canHarvest":false, "canMove":true, "canAttack":true, "produces":[], "producedBy":["Barracks"]}, {"ID":5, "name":"Heavy", "cost":2, "hp":4, "minDamage":4, "maxDamage":4, "attackRange":1, "produceTime":120, "moveTime":12, "attackTime":5, "harvestTime":10, "returnTime":10, "harvestAmount":1, "sightRadius":2, "isResource":false, "isStockpile":false, "canHarvest":false, "canMove":true, "canAttack":true, "produces":[], "producedBy":["Barracks"]}, {"ID":6, "name":"Ranged", "cost":2, "hp":1, "minDamage":1, "maxDamage":1, "attackRange":3, "produceTime":100, "moveTime":10, "attackTime":5, "harvestTime":10, "returnTime":10, "harvestAmount":1, "sightRadius":3, "isResource":false, "isStockpile":false, "canHarvest":false, "canMove":true, "canAttack":true, "produces":[], "producedBy":["Barracks"]}]}
{"moveConflictResolutionStrategy":3,"unitTypes":[{"ID":0, "name":"Resource", "cost":1, "hp":1, "minDamage":1, "maxDamage":1, "attackRange":1, "produceTime":10, "moveTime":10, "attackTime":10, "harvestTime":10, "returnTime":10, "harvestAmount":1, "sightRadius":0, "isResource":true, "isStockpile":false, "canHarvest":false, "canMove":false, "canAttack":false, "produces":[], "producedBy":[]}, {"ID":1, "name":"Base", "cost":10, "hp":10, "minDamage":1, "maxDamage":1, "attackRange":1, "produceTime":250, "moveTime":10, "attackTime":10, "harvestTime":10, "returnTime":10, "harvestAmount":1, "sightRadius":5, "isResource":false, "isStockpile":true, "canHarvest":false, "canMove":false, "canAttack":false, "produces":["Worker"], "producedBy":["Worker"]}, {"ID":2, "name":"Barracks", "cost":5, "hp":4, "minDamage":1, "maxDamage":1, "attackRange":1, "produceTime":200, "moveTime":10, "attackTime":10, "harvestTime":10, "returnTime":10, "harvestAmount":1, "sightRadius":3, "isResource":false, "isStockpile":false, "canHarvest":false, "canMove":false, "canAttack":false, "produces":["Light", "Heavy", "Ranged"], "producedBy":["Worker"]}, {"ID":3, "name":"Worker", "cost":1, "hp":1, "minDamage":1, "maxDamage":1, "attackRange":1, "produceTime":50, "moveTime":10, "attackTime":5, "harvestTime":20, "returnTime":10, "harvestAmount":1, "sightRadius":3, "isResource":false, "isStockpile":false, "canHarvest":true, "canMove":true, "canAttack":true, "produces":["Base", "Barracks"], "producedBy":["Base"]}, {"ID":4, "name":"Light", "cost":2, "hp":4, "minDamage":2, "maxDamage":2, "attackRange":1, "produceTime":80, "moveTime":8, "attackTime":5, "harvestTime":10, "returnTime":10, "harvestAmount":1, "sightRadius":2, "isResource":false, "isStockpile":false, "canHarvest":false, "canMove":true, "canAttack":true, "produces":[], "producedBy":["Barracks"]}, {"ID":5, "name":"Heavy", "cost":2, "hp":4, "minDamage":4, "maxDamage":4, "attackRange":1, "produceTime":120, "moveTime":12, "attackTime":5, "harvestTime":10, "returnTime":10, "harvestAmount":1, "sightRadius":2, "isResource":false, "isStockpile":false, "canHarvest":false, "canMove":true, "canAttack":true, "produces":[], "producedBy":["Barracks"]}, {"ID":6, "name":"Ranged", "cost":2, "hp":1, "minDamage":1, "maxDamage":1, "attackRange":3, "produceTime":100, "moveTime":10, "attackTime":5, "harvestTime":10, "returnTime":10, "harvestAmount":1, "sightRadius":3, "isResource":false, "isStockpile":false, "canHarvest":false, "canMove":true, "canAttack":true, "produces":[], "producedBy":["Barracks"]}]}
{"moveConflictResolutionStrategy":3,"unitTypes":[{"ID":0, "name":"Resource", "cost":1, "hp":1, "minDamage":1, "maxDamage":1, "attackRange":1, "produceTime":10, "moveTime":10, "attackTime":10, "harvestTime":10, "returnTime":10, "harvestAmount":1, "sightRadius":0, "isResource":true, "isStockpile":false, "canHarvest":false, "canMove":false, "canAttack":false, "produces":[], "producedBy":[]}, {"ID":1, "name":"Base", "cost":10, "hp":10, "minDamage":1, "maxDamage":1, "attackRange":1, "produceTime":250, "moveTime":10, "attackTime":10, "harvestTime":10, "returnTime":10, "harvestAmount":1, "sightRadius":5, "isResource":false, "isStockpile":true, "canHarvest":false, "canMove":false, "canAttack":false, "produces":["Worker"], "producedBy":["Worker"]}, {"ID":2, "name":"Barracks", "cost":5, "hp":4, "minDamage":1, "maxDamage":1, "attackRange":1, "produceTime":200, "moveTime":10, "attackTime":10, "harvestTime":10, "returnTime":10, "harvestAmount":1, "sightRadius":3, "isResource":false, "isStockpile":false, "canHarvest":false, "canMove":false, "canAttack":false, "produces":["Light", "Heavy", "Ranged"], "producedBy":["Worker"]}, {"ID":3, "name":"Worker", "cost":1, "hp":1, "minDamage":1, "maxDamage":1, "attackRange":1, "produceTime":50, "moveTime":10, "attackTime":5, "harvestTime":20, "returnTime":10, "harvestAmount":1, "sightRadius":3, "isResource":false, "isStockpile":false, "canHarvest":true, "canMove":true, "canAttack":true, "produces":["Base", "Barracks"], "producedBy":["Base"]}, {"ID":4, "name":"Light", "cost":2, "hp":4, "minDamage":2, "maxDamage":2, "attackRange":1, "produceTime":80, "moveTime":8, "attackTime":5, "harvestTime":10, "returnTime":10, "harvestAmount":1, "sightRadius":2, "isResource":false, "isStockpile":false, "canHarvest":false, "canMove":true, "canAttack":true, "produces":[], "producedBy":["Barracks"]}, {"ID":5, "name":"Heavy", "cost":2, "hp":4, "minDamage":4, "maxDamage":4, "attackRange":1, "produceTime":120, "moveTime":12, "attackTime":5, "harvestTime":10, "returnTime":10, "harvestAmount":1, "sightRadius":2, "isResource":false, "isStockpile":false, "canHarvest":false, "canMove":true, "canAttack":true, "produces":[], "producedBy":["Barracks"]}, {"ID":6, "name":"Ranged", "cost":2, "hp":1, "minDamage":1, "maxDamage":1, "attackRange":3, "produceTime":100, "moveTime":10, "attackTime":5, "harvestTime":10, "returnTime":10, "harvestAmount":1, "sightRadius":3, "isResource":false, "isStockpile":false, "canHarvest":false, "canMove":true, "canAttack":true, "produces":[], "producedBy":["Barracks"]}]}
{"moveConflictResolutionStrategy":3,"unitTypes":[{"ID":0, "name":"Resource", "cost":1, "hp":1, "minDamage":1, "maxDamage":1, "attackRange":1, "produceTime":10, "moveTime":10, "attackTime":10, "harvestTime":10, "returnTime":10, "harvestAmount":1, "sightRadius":0, "isResource":true, "isStockpile":false, "canHarvest":false, "canMove":false, "canAttack":false, "produces":[], "producedBy":[]}, {"ID":1, "name":"Base", "cost":10, "hp":10, "minDamage":1, "maxDamage":1, "attackRange":1, "produceTime":250, "moveTime":10, "attackTime":10, "harvestTime":10, "returnTime":10, "harvestAmount":1, "sightRadius":5, "isResource":false, "isStockpile":true, "canHarvest":false, "canMove":false, "canAttack":false, "produces":["Worker"], "producedBy":["Worker"]}, {"ID":2, "name":"Barracks", "cost":5, "hp":4, "minDamage":1, "maxDamage":1, "attackRange":1, "produceTime":200, "moveTime":10, "attackTime":10, "harvestTime":10, "returnTime":10, "harvestAmount":1, "sightRadius":3, "isResource":false, "isStockpile":false, "canHarvest":false, "canMove":false, "canAttack":false, "produces":["Light", "Heavy", "Ranged"], "producedBy":["Worker"]}, {"ID":3, "name":"Worker", "cost":1, "hp":1, "minDamage":1, "maxDamage":1, "attackRange":1, "produceTime":50, "moveTime":10, "attackTime":5, "harvestTime":20, "returnTime":10, "harvestAmount":1, "sightRadius":3, "isResource":false, "isStockpile":false, "canHarvest":true, "canMove":true, "canAttack":true, "produces":["Base", "Barracks"], "producedBy":["Base"]}, {"ID":4, "name":"Light", "cost":2, "hp":4, "minDamage":2, "maxDamage":2, "attackRange":1, "produceTime":80, "moveTime":8, "attackTime":5, "harvestTime":10, "returnTime":10, "harvestAmount":1, "sightRadius":2, "isResource":false, "isStockpile":false, "canHarvest":false, "canMove":true, "canAttack":true, "produces":[], "producedBy":["Barracks"]}, {"ID":5, "name":"Heavy", "cost":2, "hp":4, "minDamage":4, "maxDamage":4, "attackRange":1, "produceTime":120, "moveTime":12, "attackTime":5, "harvestTime":10, "returnTime":10, "harvestAmount":1, "sightRadius":2, "isResource":false, "isStockpile":false, "canHarvest":false, "canMove":true, "canAttack":true, "produces":[], "producedBy":["Barracks"]}, {"ID":6, "name":"Ranged", "cost":2, "hp":1, "minDamage":1, "maxDamage":1, "attackRange":3, "produceTime":100, "moveTime":10, "attackTime":5, "harvestTime":10, "returnTime":10, "harvestAmount":1, "sightRadius":3, "isResource":false, "isStockpile":false, "canHarvest":false, "canMove":true, "canAttack":true, "produces":[], "producedBy":["Barracks"]}]}
{"moveConflictResolutionStrategy":3,"unitTypes":[{"ID":0, "name":"Resource", "cost":1, "hp":1, "minDamage":1, "maxDamage":1, "attackRange":1, "produceTime":10, "moveTime":10, "attackTime":10, "harvestTime":10, "returnTime":10, "harvestAmount":1, "sightRadius":0, "isResource":true, "isStockpile":false, "canHarvest":false, "canMove":false, "canAttack":false, "produces":[], "producedBy":[]}, {"ID":1, "name":"Base", "cost":10, "hp":10, "minDamage":1, "maxDamage":1, "attackRange":1, "produceTime":250, "moveTime":10, "attackTime":10, "harvestTime":10, "returnTime":10, "harvestAmount":1, "sightRadius":5, "isResource":false, "isStockpile":true, "canHarvest":false, "canMove":false, "canAttack":false, "produces":["Worker"], "producedBy":["Worker"]}, {"ID":2, "name":"Barracks", "cost":5, "hp":4, "minDamage":1, "maxDamage":1, "attackRange":1, "produceTime":200, "moveTime":10, "attackTime":10, "harvestTime":10, "returnTime":10, "harvestAmount":1, "sightRadius":3, "isResource":false, "isStockpile":false, "canHarvest":false, "canMove":false, "canAttack":false, "produces":["Light", "Heavy", "Ranged"], "producedBy":["Worker"]}, {"ID":3, "name":"Worker", "cost":1, "hp":1, "minDamage":1, "maxDamage":1, "attackRange":1, "produceTime":50, "moveTime":10, "attackTime":5, "harvestTime":20, "returnTime":10, "harvestAmount":1, "sightRadius":3, "isResource":false, "isStockpile":false, "canHarvest":true, "canMove":true, "canAttack":true, "produces":["Base", "Barracks"], "producedBy":["Base"]}, {"ID":4, "name":"Light", "cost":2, "hp":4, "minDamage":2, "maxDamage":2, "attackRange":1, "produceTime":80, "moveTime":8, "attackTime":5, "harvestTime":10, "returnTime":10, "harvestAmount":1, "sightRadius":2, "isResource":false, "isStockpile":false, "canHarvest":false, "canMove":true, "canAttack":true, "produces":[], "producedBy":["Barracks"]}, {"ID":5, "name":"Heavy", "cost":2, "hp":4, "minDamage":4, "maxDamage":4, "attackRange":1, "produceTime":120, "moveTime":12, "attackTime":5, "harvestTime":10, "returnTime":10, "harvestAmount":1, "sightRadius":2, "isResource":false, "isStockpile":false, "canHarvest":false, "canMove":true, "canAttack":true, "produces":[], "producedBy":["Barracks"]}, {"ID":6, "name":"Ranged", "cost":2, "hp":1, "minDamage":1, "maxDamage":1, "attackRange":3, "produceTime":100, "moveTime":10, "attackTime":5, "harvestTime":10, "returnTime":10, "harvestAmount":1, "sightRadius":3, "isResource":false, "isStockpile":false, "canHarvest":false, "canMove":true, "canAttack":true, "produces":[], "producedBy":["Barracks"]}]}
{"moveConflictResolutionStrategy":3,"unitTypes":[{"ID":0, "name":"Resource", "cost":1, "hp":1, "minDamage":1, "maxDamage":1, "attackRange":1, "produceTime":10, "moveTime":10, "attackTime":10, "harvestTime":10, "returnTime":10, "harvestAmount":1, "sightRadius":0, "isResource":true, "isStockpile":false, "canHarvest":false, "canMove":false, "canAttack":false, "produces":[], "producedBy":[]}, {"ID":1, "name":"Base", "cost":10, "hp":10, "minDamage":1, "maxDamage":1, "attackRange":1, "produceTime":250, "moveTime":10, "attackTime":10, "harvestTime":10, "returnTime":10, "harvestAmount":1, "sightRadius":5, "isResource":false, "isStockpile":true, "canHarvest":false, "canMove":false, "canAttack":false, "produces":["Worker"], "producedBy":["Worker"]}, {"ID":2, "name":"Barracks", "cost":5, "hp":4, "minDamage":1, "maxDamage":1, "attackRange":1, "produceTime":200, "moveTime":10, "attackTime":10, "harvestTime":10, "returnTime":10, "harvestAmount":1, "sightRadius":3, "isResource":false, "isStockpile":false, "canHarvest":false, "canMove":false, "canAttack":false, "produces":["Light", "Heavy", "Ranged"], "producedBy":["Worker"]}, {"ID":3, "name":"Worker", "cost":1, "hp":1, "minDamage":1, "maxDamage":1, "attackRange":1, "produceTime":50, "moveTime":10, "attackTime":5, "harvestTime":20, "returnTime":10, "harvestAmount":1, "sightRadius":3, "isResource":false, "isStockpile":false, "canHarvest":true, "canMove":true, "canAttack":true, "produces":["Base", "Barracks"], "producedBy":["Base"]}, {"ID":4, "name":"Light", "cost":2, "hp":4, "minDamage":2, "maxDamage":2, "attackRange":1, "produceTime":80, "moveTime":8, "attackTime":5, "harvestTime":10, "returnTime":10, "harvestAmount":1, "sightRadius":2, "isResource":false, "isStockpile":false, "canHarvest":false, "canMove":true, "canAttack":true, "produces":[], "producedBy":["Barracks"]}, {"ID":5, "name":"Heavy", "cost":2, "hp":4, "minDamage":4, "maxDamage":4, "attackRange":1, "produceTime":120, "moveTime":12, "attackTime":5, "harvestTime":10, "returnTime":10, "harvestAmount":1, "sightRadius":2, "isResource":false, "isStockpile":false, "canHarvest":false, "canMove":true, "canAttack":true, "produces":[], "producedBy":["Barracks"]}, {"ID":6, "name":"Ranged", "cost":2, "hp":1, "minDamage":1, "maxDamage":1, "attackRange":3, "produceTime":100, "moveTime":10, "attackTime":5, "harvestTime":10, "returnTime":10, "harvestAmount":1, "sightRadius":3, "isResource":false, "isStockpile":false, "canHarvest":false, "canMove":true, "canAttack":true, "produces":[], "producedBy":["Barracks"]}]}
{"moveConflictResolutionStrategy":3,"unitTypes":[{"ID":0, "name":"Resource", "cost":1, "hp":1, "minDamage":1, "maxDamage":1, "attackRange":1, "produceTime":10, "moveTime":10, "attackTime":10, "harvestTime":10, "returnTime":10, "harvestAmount":1, "sightRadius":0, "isResource":true, "isStockpile":false, "canHarvest":false, "canMove":false, "canAttack":false, "produces":[], "producedBy":[]}, {"ID":1, "name":"Base", "cost":10, "hp":10, "minDamage":1, "maxDamage":1, "attackRange":1, "produceTime":250, "moveTime":10, "attackTime":10, "harvestTime":10, "returnTime":10, "harvestAmount":1, "sightRadius":5, "isResource":false, "isStockpile":true, "canHarvest":false, "canMove":false, "canAttack":false, "produces":["Worker"], "producedBy":["Worker"]}, {"ID":2, "name":"Barracks", "cost":5, "hp":4, "minDamage":1, "maxDamage":1, "attackRange":1, "produceTime":200, "moveTime":10, "attackTime":10, "harvestTime":10, "returnTime":10, "harvestAmount":1, "sightRadius":3, "isResource":false, "isStockpile":false, "canHarvest":false, "canMove":false, "canAttack":false, "produces":["Light", "Heavy", "Ranged"], "producedBy":["Worker"]}, {"ID":3, "name":"Worker", "cost":1, "hp":1, "minDamage":1, "maxDamage":1, "attackRange":1, "produceTime":50, "moveTime":10, "attackTime":5, "harvestTime":20, "returnTime":10, "harvestAmount":1, "sightRadius":3, "isResource":false, "isStockpile":false, "canHarvest":true, "canMove":true, "canAttack":true, "produces":["Base", "Barracks"], "producedBy":["Base"]}, {"ID":4, "name":"Light", "cost":2, "hp":4, "minDamage":2, "maxDamage":2, "attackRange":1, "produceTime":80, "moveTime":8, "attackTime":5, "harvestTime":10, "returnTime":10, "harvestAmount":1, "sightRadius":2, "isResource":false, "isStockpile":false, "canHarvest":false, "canMove":true, "canAttack":true, "produces":[], "producedBy":["Barracks"]}, {"ID":5, "name":"Heavy", "cost":2, "hp":4, "minDamage":4, "maxDamage":4, "attackRange":1, "produceTime":120, "moveTime":12, "attackTime":5, "harvestTime":10, "returnTime":10, "harvestAmount":1, "sightRadius":2, "isResource":false, "isStockpile":false, "canHarvest":false, "canMove":true, "canAttack":true, "produces":[], "producedBy":["Barracks"]}, {"ID":6, "name":"Ranged", "cost":2, "hp":1, "minDamage":1, "maxDamage":1, "attackRange":3, "produceTime":100, "moveTime":10, "attackTime":5, "harvestTime":10, "returnTime":10, "harvestAmount":1, "sightRadius":3, "isResource":false, "isStockpile":false, "canHarvest":false, "canMove":true, "canAttack":true, "produces":[], "producedBy":["Barracks"]}]}
{"moveConflictResolutionStrategy":3,"unitTypes":[{"ID":0, "name":"Resource", "cost":1, "hp":1, "minDamage":1, "maxDamage":1, "attackRange":1, "produceTime":10, "moveTime":10, "attackTime":10, "harvestTime":10, "returnTime":10, "harvestAmount":1, "sightRadius":0, "isResource":true, "isStockpile":false, "canHarvest":false, "canMove":false, "canAttack":false, "produces":[], "producedBy":[]}, {"ID":1, "name":"Base", "cost":10, "hp":10, "minDamage":1, "maxDamage":1, "attackRange":1, "produceTime":250, "moveTime":10, "attackTime":10, "harvestTime":10, "returnTime":10, "harvestAmount":1, "sightRadius":5, "isResource":false, "isStockpile":true, "canHarvest":false, "canMove":false, "canAttack":false, "produces":["Worker"], "producedBy":["Worker"]}, {"ID":2, "name":"Barracks", "cost":5, "hp":4, "minDamage":1, "maxDamage":1, "attackRange":1, "produceTime":200, "moveTime":10, "attackTime":10, "harvestTime":10, "returnTime":10, "harvestAmount":1, "sightRadius":3, "isResource":false, "isStockpile":false, "canHarvest":false, "canMove":false, "canAttack":false, "produces":["Light", "Heavy", "Ranged"], "producedBy":["Worker"]}, {"ID":3, "name":"Worker", "cost":1, "hp":1, "minDamage":1, "maxDamage":1, "attackRange":1, "produceTime":50, "moveTime":10, "attackTime":5, "harvestTime":20, "returnTime":10, "harvestAmount":1, "sightRadius":3, "isResource":false, "isStockpile":false, "canHarvest":true, "canMove":true, "canAttack":true, "produces":["Base", "Barracks"], "producedBy":["Base"]}, {"ID":4, "name":"Light", "cost":2, "hp":4, "minDamage":2, "maxDamage":2, "attackRange":1, "produceTime":80, "moveTime":8, "attackTime":5, "harvestTime":10, "returnTime":10, "harvestAmount":1, "sightRadius":2, "isResource":false, "isStockpile":false, "canHarvest":false, "canMove":true, "canAttack":true, "produces":[], "producedBy":["Barracks"]}, {"ID":5, "name":"Heavy", "cost":2, "hp":4, "minDamage":4, "maxDamage":4, "attackRange":1, "produceTime":120, "moveTime":12, "attackTime":5, "harvestTime":10, "returnTime":10, "harvestAmount":1, "sightRadius":2, "isResource":false, "isStockpile":false, "canHarvest":false, "canMove":true, "canAttack":true, "produces":[], "producedBy":["Barracks"]}, {"ID":6, "name":"Ranged", "cost":2, "hp":1, "minDamage":1, "maxDamage":1, "attackRange":3, "produceTime":100, "moveTime":10, "attackTime":5, "harvestTime":10, "returnTime":10, "harvestAmount":1, "sightRadius":3, "isResource":false, "isStockpile":false, "canHarvest":false, "canMove":true, "canAttack":true, "produces":[], "producedBy":["Barracks"]}]}
{"moveConflictResolutionStrategy":3,"unitTypes":[{"ID":0, "name":"Resource", "cost":1, "hp":1, "minDamage":1, "maxDamage":1, "attackRange":1, "produceTime":10, "moveTime":10, "attackTime":10, "harvestTime":10, "returnTime":10, "harvestAmount":1, "sightRadius":0, "isResource":true, "isStockpile":false, "canHarvest":false, "canMove":false, "canAttack":false, "produces":[], "producedBy":[]}, {"ID":1, "name":"Base", "cost":10, "hp":10, "minDamage":1, "maxDamage":1, "attackRange":1, "produceTime":250, "moveTime":10, "attackTime":10, "harvestTime":10, "returnTime":10, "harvestAmount":1, "sightRadius":5, "isResource":false, "isStockpile":true, "canHarvest":false, "canMove":false, "canAttack":false, "produces":["Worker"], "producedBy":["Worker"]}, {"ID":2, "name":"Barracks", "cost":5, "hp":4, "minDamage":1, "maxDamage":1, "attackRange":1, "produceTime":200, "moveTime":10, "attackTime":10, "harvestTime":10, "returnTime":10, "harvestAmount":1, "sightRadius":3, "isResource":false, "isStockpile":false, "canHarvest":false, "canMove":false, "canAttack":false, "produces":["Light", "Heavy", "Ranged"], "producedBy":["Worker"]}, {"ID":3, "name":"Worker", "cost":1, "hp":1, "minDamage":1, "maxDamage":1, "attackRange":1, "produceTime":50, "moveTime":10, "attackTime":5, "harvestTime":20, "returnTime":10, "harvestAmount":1, "sightRadius":3, "isResource":false, "isStockpile":false, "canHarvest":true, "canMove":true, "canAttack":true, "produces":["Base", "Barracks"], "producedBy":["Base"]}, {"ID":4, "name":"Light", "cost":2, "hp":4, "minDamage":2, "maxDamage":2, "attackRange":1, "produceTime":80, "moveTime":8, "attackTime":5, "harvestTime":10, "returnTime":10, "harvestAmount":1, "sightRadius":2, "isResource":false, "isStockpile":false, "canHarvest":false, "canMove":true, "canAttack":true, "produces":[], "producedBy":["Barracks"]}, {"ID":5, "name":"Heavy", "cost":2, "hp":4, "minDamage":4, "maxDamage":4, "attackRange":1, "produceTime":120, "moveTime":12, "attackTime":5, "harvestTime":10, "returnTime":10, "harvestAmount":1, "sightRadius":2, "isResource":false, "isStockpile":false, "canHarvest":false, "canMove":true, "canAttack":true, "produces":[], "producedBy":["Barracks"]}, {"ID":6, "name":"Ranged", "cost":2, "hp":1, "minDamage":1, "maxDamage":1, "attackRange":3, "produceTime":100, "moveTime":10, "attackTime":5, "harvestTime":10, "returnTime":10, "harvestAmount":1, "sightRadius":3, "isResource":false, "isStockpile":false, "canHarvest":false, "canMove":true, "canAttack":true, "produces":[], "producedBy":["Barracks"]}]}
{"moveConflictResolutionStrategy":3,"unitTypes":[{"ID":0, "name":"Resource", "cost":1, "hp":1, "minDamage":1, "maxDamage":1, "attackRange":1, "produceTime":10, "moveTime":10, "attackTime":10, "harvestTime":10, "returnTime":10, "harvestAmount":1, "sightRadius":0, "isResource":true, "isStockpile":false, "canHarvest":false, "canMove":false, "canAttack":false, "produces":[], "producedBy":[]}, {"ID":1, "name":"Base", "cost":10, "hp":10, "minDamage":1, "maxDamage":1, "attackRange":1, "produceTime":250, "moveTime":10, "attackTime":10, "harvestTime":10, "returnTime":10, "harvestAmount":1, "sightRadius":5, "isResource":false, "isStockpile":true, "canHarvest":false, "canMove":false, "canAttack":false, "produces":["Worker"], "producedBy":["Worker"]}, {"ID":2, "name":"Barracks", "cost":5, "hp":4, "minDamage":1, "maxDamage":1, "attackRange":1, "produceTime":200, "moveTime":10, "attackTime":10, "harvestTime":10, "returnTime":10, "harvestAmount":1, "sightRadius":3, "isResource":false, "isStockpile":false, "canHarvest":false, "canMove":false, "canAttack":false, "produces":["Light", "Heavy", "Ranged"], "producedBy":["Worker"]}, {"ID":3, "name":"Worker", "cost":1, "hp":1, "minDamage":1, "maxDamage":1, "attackRange":1, "produceTime":50, "moveTime":10, "attackTime":5, "harvestTime":20, "returnTime":10, "harvestAmount":1, "sightRadius":3, "isResource":false, "isStockpile":false, "canHarvest":true, "canMove":true, "canAttack":true, "produces":["Base", "Barracks"], "producedBy":["Base"]}, {"ID":4, "name":"Light", "cost":2, "hp":4, "minDamage":2, "maxDamage":2, "attackRange":1, "produceTime":80, "moveTime":8, "attackTime":5, "harvestTime":10, "returnTime":10, "harvestAmount":1, "sightRadius":2, "isResource":false, "isStockpile":false, "canHarvest":false, "canMove":true, "canAttack":true, "produces":[], "producedBy":["Barracks"]}, {"ID":5, "name":"Heavy", "cost":2, "hp":4, "minDamage":4, "maxDamage":4, "attackRange":1, "produceTime":120, "moveTime":12, "attackTime":5, "harvestTime":10, "returnTime":10, "harvestAmount":1, "sightRadius":2, "isResource":false, "isStockpile":false, "canHarvest":false, "canMove":true, "canAttack":true, "produces":[], "producedBy":["Barracks"]}, {"ID":6, "name":"Ranged", "cost":2, "hp":1, "minDamage":1, "maxDamage":1, "attackRange":3, "produceTime":100, "moveTime":10, "attackTime":5, "harvestTime":10, "returnTime":10, "harvestAmount":1, "sightRadius":3, "isResource":false, "isStockpile":false, "canHarvest":false, "canMove":true, "canAttack":true, "produces":[], "producedBy":["Barracks"]}]}
{"moveConflictResolutionStrategy":3,"unitTypes":[{"ID":0, "name":"Resource", "cost":1, "hp":1, "minDamage":1, "maxDamage":1, "attackRange":1, "produceTime":10, "moveTime":10, "attackTime":10, "harvestTime":10, "returnTime":10, "harvestAmount":1, "sightRadius":0, "isResource":true, "isStockpile":false, "canHarvest":false, "canMove":false, "canAttack":false, "produces":[], "producedBy":[]}, {"ID":1, "name":"Base", "cost":10, "hp":10, "minDamage":1, "maxDamage":1, "attackRange":1, "produceTime":250, "moveTime":10, "attackTime":10, "harvestTime":10, "returnTime":10, "harvestAmount":1, "sightRadius":5, "isResource":false, "isStockpile":true, "canHarvest":false, "canMove":false, "canAttack":false, "produces":["Worker"], "producedBy":["Worker"]}, {"ID":2, "name":"Barracks", "cost":5, "hp":4, "minDamage":1, "maxDamage":1, "attackRange":1, "produceTime":200, "moveTime":10, "attackTime":10, "harvestTime":10, "returnTime":10, "harvestAmount":1, "sightRadius":3, "isResource":false, "isStockpile":false, "canHarvest":false, "canMove":false, "canAttack":false, "produces":["Light", "Heavy", "Ranged"], "producedBy":["Worker"]}, {"ID":3, "name":"Worker", "cost":1, "hp":1, "minDamage":1, "maxDamage":1, "attackRange":1, "produceTime":50, "moveTime":10, "attackTime":5, "harvestTime":20, "returnTime":10, "harvestAmount":1, "sightRadius":3, "isResource":false, "isStockpile":false, "canHarvest":true, "canMove":true, "canAttack":true, "produces":["Base", "Barracks"], "producedBy":["Base"]}, {"ID":4, "name":"Light", "cost":2, "hp":4, "minDamage":2, "maxDamage":2, "attackRange":1, "produceTime":80, "moveTime":8, "attackTime":5, "harvestTime":10, "returnTime":10, "harvestAmount":1, "sightRadius":2, "isResource":false, "isStockpile":false, "canHarvest":false, "canMove":true, "canAttack":true, "produces":[], "producedBy":["Barracks"]}, {"ID":5, "name":"Heavy", "cost":2, "hp":4, "minDamage":4, "maxDamage":4, "attackRange":1, "produceTime":120, "moveTime":12, "attackTime":5, "harvestTime":10, "returnTime":10, "harvestAmount":1, "sightRadius":2, "isResource":false, "isStockpile":false, "canHarvest":false, "canMove":true, "canAttack":true, "produces":[], "producedBy":["Barracks"]}, {"ID":6, "name":"Ranged", "cost":2, "hp":1, "minDamage":1, "maxDamage":1, "attackRange":3, "produceTime":100, "moveTime":10, "attackTime":5, "harvestTime":10, "returnTime":10, "harvestAmount":1, "sightRadius":3, "isResource":false, "isStockpile":false, "canHarvest":false, "canMove":true, "canAttack":true, "produces":[], "producedBy":["Barracks"]}]}
{"moveConflictResolutionStrategy":3,"unitTypes":[{"ID":0, "name":"Resource", "cost":1, "hp":1, "minDamage":1, "maxDamage":1, "attackRange":1, "produceTime":10, "moveTime":10, "attackTime":10, "harvestTime":10, "returnTime":10, "harvestAmount":1, "sightRadius":0, "isResource":true, "isStockpile":false, "canHarvest":false, "canMove":false, "canAttack":false, "produces":[], "producedBy":[]}, {"ID":1, "name":"Base", "cost":10, "hp":10, "minDamage":1, "maxDamage":1, "attackRange":1, "produceTime":250, "moveTime":10, "attackTime":10, "harvestTime":10, "returnTime":10, "harvestAmount":1, "sightRadius":5, "isResource":false, "isStockpile":true, "canHarvest":false, "canMove":false, "canAttack":false, "produces":["Worker"], "producedBy":["Worker"]}, {"ID":2, "name":"Barracks", "cost":5, "hp":4, "minDamage":1, "maxDamage":1, "attackRange":1, "produceTime":200, "moveTime":10, "attackTime":10, "harvestTime":10, "returnTime":10, "harvestAmount":1, "sightRadius":3, "isResource":false, "isStockpile":false, "canHarvest":false, "canMove":false, "canAttack":false, "produces":["Light", "Heavy", "Ranged"], "producedBy":["Worker"]}, {"ID":3, "name":"Worker", "cost":1, "hp":1, "minDamage":1, "maxDamage":1, "attackRange":1, "produceTime":50, "moveTime":10, "attackTime":5, "harvestTime":20, "returnTime":10, "harvestAmount":1, "sightRadius":3, "isResource":false, "isStockpile":false, "canHarvest":true, "canMove":true, "canAttack":true, "produces":["Base", "Barracks"], "producedBy":["Base"]}, {"ID":4, "name":"Light", "cost":2, "hp":4, "minDamage":2, "maxDamage":2, "attackRange":1, "produceTime":80, "moveTime":8, "attackTime":5, "harvestTime":10, "returnTime":10, "harvestAmount":1, "sightRadius":2, "isResource":false, "isStockpile":false, "canHarvest":false, "canMove":true, "canAttack":true, "produces":[], "producedBy":["Barracks"]}, {"ID":5, "name":"Heavy", "cost":2, "hp":4, "minDamage":4, "maxDamage":4, "attackRange":1, "produceTime":120, "moveTime":12, "attackTime":5, "harvestTime":10, "returnTime":10, "harvestAmount":1, "sightRadius":2, "isResource":false, "isStockpile":false, "canHarvest":false, "canMove":true, "canAttack":true, "produces":[], "producedBy":["Barracks"]}, {"ID":6, "name":"Ranged", "cost":2, "hp":1, "minDamage":1, "maxDamage":1, "attackRange":3, "produceTime":100, "moveTime":10, "attackTime":5, "harvestTime":10, "returnTime":10, "harvestAmount":1, "sightRadius":3, "isResource":false, "isStockpile":false, "canHarvest":false, "canMove":true, "canAttack":true, "produces":[], "producedBy":["Barracks"]}]}
{"moveConflictResolutionStrategy":3,"unitTypes":[{"ID":0, "name":"Resource", "cost":1, "hp":1, "minDamage":1, "maxDamage":1, "attackRange":1, "produceTime":10, "moveTime":10, "attackTime":10, "harvestTime":10, "returnTime":10, "harvestAmount":1, "sightRadius":0, "isResource":true, "isStockpile":false, "canHarvest":false, "canMove":false, "canAttack":false, "produces":[], "producedBy":[]}, {"ID":1, "name":"Base", "cost":10, "hp":10, "minDamage":1, "maxDamage":1, "attackRange":1, "produceTime":250, "moveTime":10, "attackTime":10, "harvestTime":10, "returnTime":10, "harvestAmount":1, "sightRadius":5, "isResource":false, "isStockpile":true, "canHarvest":false, "canMove":false, "canAttack":false, "produces":["Worker"], "producedBy":["Worker"]}, {"ID":2, "name":"Barracks", "cost":5, "hp":4, "minDamage":1, "maxDamage":1, "attackRange":1, "produceTime":200, "moveTime":10, "attackTime":10, "harvestTime":10, "returnTime":10, "harvestAmount":1, "sightRadius":3, "isResource":false, "isStockpile":false, "canHarvest":false, "canMove":false, "canAttack":false, "produces":["Light", "Heavy", "Ranged"], "producedBy":["Worker"]}, {"ID":3, "name":"Worker", "cost":1, "hp":1, "minDamage":1, "maxDamage":1, "attackRange":1, "produceTime":50, "moveTime":10, "attackTime":5, "harvestTime":20, "returnTime":10, "harvestAmount":1, "sightRadius":3, "isResource":false, "isStockpile":false, "canHarvest":true, "canMove":true, "canAttack":true, "produces":["Base", "Barracks"], "producedBy":["Base"]}, {"ID":4, "name":"Light", "cost":2, "hp":4, "minDamage":2, "maxDamage":2, "attackRange":1, "produceTime":80, "moveTime":8, "attackTime":5, "harvestTime":10, "returnTime":10, "harvestAmount":1, "sightRadius":2, "isResource":false, "isStockpile":false, "canHarvest":false, "canMove":true, "canAttack":true, "produces":[], "producedBy":["Barracks"]}, {"ID":5, "name":"Heavy", "cost":2, "hp":4, "minDamage":4, "maxDamage":4, "attackRange":1, "produceTime":120, "moveTime":12, "attackTime":5, "harvestTime":10, "returnTime":10, "harvestAmount":1, "sightRadius":2, "isResource":false, "isStockpile":false, "canHarvest":false, "canMove":true, "canAttack":true, "produces":[], "producedBy":["Barracks"]}, {"ID":6, "name":"Ranged", "cost":2, "hp":1, "minDamage":1, "maxDamage":1, "attackRange":3, "produceTime":100, "moveTime":10, "attackTime":5, "harvestTime":10, "returnTime":10, "harvestAmount":1, "sightRadius":3, "isResource":false, "isStockpile":false, "canHarvest":false, "canMove":true, "canAttack":true, "produces":[], "producedBy":["Barracks"]}]}
{"moveConflictResolutionStrategy":3,"unitTypes":[{"ID":0, "name":"Resource", "cost":1, "hp":1, "minDamage":1, "maxDamage":1, "attackRange":1, "produceTime":10, "moveTime":10, "attackTime":10, "harvestTime":10, "returnTime":10, "harvestAmount":1, "sightRadius":0, "isResource":true, "isStockpile":false, "canHarvest":false, "canMove":false, "canAttack":false, "produces":[], "producedBy":[]}, {"ID":1, "name":"Base", "cost":10, "hp":10, "minDamage":1, "maxDamage":1, "attackRange":1, "produceTime":250, "moveTime":10, "attackTime":10, "harvestTime":10, "returnTime":10, "harvestAmount":1, "sightRadius":5, "isResource":false, "isStockpile":true, "canHarvest":false, "canMove":false, "canAttack":false, "produces":["Worker"], "producedBy":["Worker"]}, {"ID":2, "name":"Barracks", "cost":5, "hp":4, "minDamage":1, "maxDamage":1, "attackRange":1, "produceTime":200, "moveTime":10, "attackTime":10, "harvestTime":10, "returnTime":10, "harvestAmount":1, "sightRadius":3, "isResource":false, "isStockpile":false, "canHarvest":false, "canMove":false, "canAttack":false, "produces":["Light", "Heavy", "Ranged"], "producedBy":["Worker"]}, {"ID":3, "name":"Worker", "cost":1, "hp":1, "minDamage":1, "maxDamage":1, "attackRange":1, "produceTime":50, "moveTime":10, "attackTime":5, "harvestTime":20, "returnTime":10, "harvestAmount":1, "sightRadius":3, "isResource":false, "isStockpile":false, "canHarvest":true, "canMove":true, "canAttack":true, "produces":["Base", "Barracks"], "producedBy":["Base"]}, {"ID":4, "name":"Light", "cost":2, "hp":4, "minDamage":2, "maxDamage":2, "attackRange":1, "produceTime":80, "moveTime":8, "attackTime":5, "harvestTime":10, "returnTime":10, "harvestAmount":1, "sightRadius":2, "isResource":false, "isStockpile":false, "canHarvest":false, "canMove":true, "canAttack":true, "produces":[], "producedBy":["Barracks"]}, {"ID":5, "name":"Heavy", "cost":2, "hp":4, "minDamage":4, "maxDamage":4, "attackRange":1, "produceTime":120, "moveTime":12, "attackTime":5, "harvestTime":10, "returnTime":10, "harvestAmount":1, "sightRadius":2, "isResource":false, "isStockpile":false, "canHarvest":false, "canMove":true, "canAttack":true, "produces":[], "producedBy":["Barracks"]}, {"ID":6, "name":"Ranged", "cost":2, "hp":1, "minDamage":1, "maxDamage":1, "attackRange":3, "produceTime":100, "moveTime":10, "attackTime":5, "harvestTime":10, "returnTime":10, "harvestAmount":1, "sightRadius":3, "isResource":false, "isStockpile":false, "canHarvest":false, "canMove":true, "canAttack":true, "produces":[], "producedBy":["Barracks"]}]}
{"moveConflictResolutionStrategy":3,"unitTypes":[{"ID":0, "name":"Resource", "cost":1, "hp":1, "minDamage":1, "maxDamage":1, "attackRange":1, "produceTime":10, "moveTime":10, "attackTime":10, "harvestTime":10, "returnTime":10, "harvestAmount":1, "sightRadius":0, "isResource":true, "isStockpile":false, "canHarvest":false, "canMove":false, "canAttack":false, "produces":[], "producedBy":[]}, {"ID":1, "name":"Base", "cost":10, "hp":10, "minDamage":1, "maxDamage":1, "attackRange":1, "produceTime":250, "moveTime":10, "attackTime":10, "harvestTime":10, "returnTime":10, "harvestAmount":1, "sightRadius":5, "isResource":false, "isStockpile":true, "canHarvest":false, "canMove":false, "canAttack":false, "produces":["Worker"], "producedBy":["Worker"]}, {"ID":2, "name":"Barracks", "cost":5, "hp":4, "minDamage":1, "maxDamage":1, "attackRange":1, "produceTime":200, "moveTime":10, "attackTime":10, "harvestTime":10, "returnTime":10, "harvestAmount":1, "sightRadius":3, "isResource":false, "isStockpile":false, "canHarvest":false, "canMove":false, "canAttack":false, "produces":["Light", "Heavy", "Ranged"], "producedBy":["Worker"]}, {"ID":3, "name":"Worker", "cost":1, "hp":1, "minDamage":1, "maxDamage":1, "attackRange":1, "produceTime":50, "moveTime":10, "attackTime":5, "harvestTime":20, "returnTime":10, "harvestAmount":1, "sightRadius":3, "isResource":false, "isStockpile":false, "canHarvest":true, "canMove":true, "canAttack":true, "produces":["Base", "Barracks"], "producedBy":["Base"]}, {"ID":4, "name":"Light", "cost":2, "hp":4, "minDamage":2, "maxDamage":2, "attackRange":1, "produceTime":80, "moveTime":8, "attackTime":5, "harvestTime":10, "returnTime":10, "harvestAmount":1, "sightRadius":2, "isResource":false, "isStockpile":false, "canHarvest":false, "canMove":true, "canAttack":true, "produces":[], "producedBy":["Barracks"]}, {"ID":5, "name":"Heavy", "cost":2, "hp":4, "minDamage":4, "maxDamage":4, "attackRange":1, "produceTime":120, "moveTime":12, "attackTime":5, "harvestTime":10, "returnTime":10, "harvestAmount":1, "sightRadius":2, "isResource":false, "isStockpile":false, "canHarvest":false, "canMove":true, "canAttack":true, "produces":[], "producedBy":["Barracks"]}, {"ID":6, "name":"Ranged", "cost":2, "hp":1, "minDamage":1, "maxDamage":1, "attackRange":3, "produceTime":100, "moveTime":10, "attackTime":5, "harvestTime":10, "returnTime":10, "harvestAmount":1, "sightRadius":3, "isResource":false, "isStockpile":false, "canHarvest":false, "canMove":true, "canAttack":true, "produces":[], "producedBy":["Barracks"]}]}
{"moveConflictResolutionStrategy":3,"unitTypes":[{"ID":0, "name":"Resource", "cost":1, "hp":1, "minDamage":1, "maxDamage":1, "attackRange":1, "produceTime":10, "moveTime":10, "attackTime":10, "harvestTime":10, "returnTime":10, "harvestAmount":1, "sightRadius":0, "isResource":true, "isStockpile":false, "canHarvest":false, "canMove":false, "canAttack":false, "produces":[], "producedBy":[]}, {"ID":1, "name":"Base", "cost":10, "hp":10, "minDamage":1, "maxDamage":1, "attackRange":1, "produceTime":250, "moveTime":10, "attackTime":10, "harvestTime":10, "returnTime":10, "harvestAmount":1, "sightRadius":5, "isResource":false, "isStockpile":true, "canHarvest":false, "canMove":false, "canAttack":false, "produces":["Worker"], "producedBy":["Worker"]}, {"ID":2, "name":"Barracks", "cost":5, "hp":4, "minDamage":1, "maxDamage":1, "attackRange":1, "produceTime":200, "moveTime":10, "attackTime":10, "harvestTime":10, "returnTime":10, "harvestAmount":1, "sightRadius":3, "isResource":false, "isStockpile":false, "canHarvest":false, "canMove":false, "canAttack":false, "produces":["Light", "Heavy", "Ranged"], "producedBy":["Worker"]}, {"ID":3, "name":"Worker", "cost":1, "hp":1, "minDamage":1, "maxDamage":1, "attackRange":1, "produceTime":50, "moveTime":10, "attackTime":5, "harvestTime":20, "returnTime":10, "harvestAmount":1, "sightRadius":3, "isResource":false, "isStockpile":false, "canHarvest":true, "canMove":true, "canAttack":true, "produces":["Base", "Barracks"], "producedBy":["Base"]}, {"ID":4, "name":"Light", "cost":2, "hp":4, "minDamage":2, "maxDamage":2, "attackRange":1, "produceTime":80, "moveTime":8, "attackTime":5, "harvestTime":10, "returnTime":10, "harvestAmount":1, "sightRadius":2, "isResource":false, "isStockpile":false, "canHarvest":false, "canMove":true, "canAttack":true, "produces":[], "producedBy":["Barracks"]}, {"ID":5, "name":"Heavy", "cost":2, "hp":4, "minDamage":4, "maxDamage":4, "attackRange":1, "produceTime":120, "moveTime":12, "attackTime":5, "harvestTime":10, "returnTime":10, "harvestAmount":1, "sightRadius":2, "isResource":false, "isStockpile":false, "canHarvest":false, "canMove":true, "canAttack":true, "produces":[], "producedBy":["Barracks"]}, {"ID":6, "name":"Ranged", "cost":2, "hp":1, "minDamage":1, "maxDamage":1, "attackRange":3, "produceTime":100, "moveTime":10, "attackTime":5, "harvestTime":10, "returnTime":10, "harvestAmount":1, "sightRadius":3, "isResource":false, "isStockpile":false, "canHarvest":false, "canMove":true, "canAttack":true, "produces":[], "producedBy":["Barracks"]}]}
{"moveConflictResolutionStrategy":3,"unitTypes":[{"ID":0, "name":"Resource", "cost":1, "hp":1, "minDamage":1, "maxDamage":1, "attackRange":1, "produceTime":10, "moveTime":10, "attackTime":10, "harvestTime":10, "returnTime":10, "harvestAmount":1, "sightRadius":0, "isResource":true, "isStockpile":false, "canHarvest":false, "canMove":false, "canAttack":false, "produces":[], "producedBy":[]}, {"ID":1, "name":"Base", "cost":10, "hp":10, "minDamage":1, "maxDamage":1, "attackRange":1, "produceTime":250, "moveTime":10, "attackTime":10, "harvestTime":10, "returnTime":10, "harvestAmount":1, "sightRadius":5, "isResource":false, "isStockpile":true, "canHarvest":false, "canMove":false, "canAttack":false, "produces":["Worker"], "producedBy":["Worker"]}, {"ID":2, "name":"Barracks", "cost":5, "hp":4, "minDamage":1, "maxDamage":1, "attackRange":1, "produceTime":200, "moveTime":10, "attackTime":10, "harvestTime":10, "returnTime":10, "harvestAmount":1, "sightRadius":3, "isResource":false, "isStockpile":false, "canHarvest":false, "canMove":false, "canAttack":false, "produces":["Light", "Heavy", "Ranged"], "producedBy":["Worker"]}, {"ID":3, "name":"Worker", "cost":1, "hp":1, "minDamage":1, "maxDamage":1, "attackRange":1, "produceTime":50, "moveTime":10, "attackTime":5, "harvestTime":20, "returnTime":10, "harvestAmount":1, "sightRadius":3, "isResource":false, "isStockpile":false, "canHarvest":true, "canMove":true, "canAttack":true, "produces":["Base", "Barracks"], "producedBy":["Base"]}, {"ID":4, "name":"Light", "cost":2, "hp":4, "minDamage":2, "maxDamage":2, "attackRange":1, "produceTime":80, "moveTime":8, "attackTime":5, "harvestTime":10, "returnTime":10, "harvestAmount":1, "sightRadius":2, "isResource":false, "isStockpile":false, "canHarvest":false, "canMove":true, "canAttack":true, "produces":[], "producedBy":["Barracks"]}, {"ID":5, "name":"Heavy", "cost":2, "hp":4, "minDamage":4, "maxDamage":4, "attackRange":1, "produceTime":120, "moveTime":12, "attackTime":5, "harvestTime":10, "returnTime":10, "harvestAmount":1, "sightRadius":2, "isResource":false, "isStockpile":false, "canHarvest":false, "canMove":true, "canAttack":true, "produces":[], "producedBy":["Barracks"]}, {"ID":6, "name":"Ranged", "cost":2, "hp":1, "minDamage":1, "maxDamage":1, "attackRange":3, "produceTime":100, "moveTime":10, "attackTime":5, "harvestTime":10, "returnTime":10, "harvestAmount":1, "sightRadius":3, "isResource":false, "isStockpile":false, "canHarvest":false, "canMove":true, "canAttack":true, "produces":[], "producedBy":["Barracks"]}]}
{"moveConflictResolutionStrategy":3,"unitTypes":[{"ID":0, "name":"Resource", "cost":1, "hp":1, "minDamage":1, "maxDamage":1, "attackRange":1, "produceTime":10, "moveTime":10, "attackTime":10, "harvestTime":10, "returnTime":10, "harvestAmount":1, "sightRadius":0, "isResource":true, "isStockpile":false, "canHarvest":false, "canMove":false, "canAttack":false, "produces":[], "producedBy":[]}, {"ID":1, "name":"Base", "cost":10, "hp":10, "minDamage":1, "maxDamage":1, "attackRange":1, "produceTime":250, "moveTime":10, "attackTime":10, "harvestTime":10, "returnTime":10, "harvestAmount":1, "sightRadius":5, "isResource":false, "isStockpile":true, "canHarvest":false, "canMove":false, "canAttack":false, "produces":["Worker"], "producedBy":["Worker"]}, {"ID":2, "name":"Barracks", "cost":5, "hp":4, "minDamage":1, "maxDamage":1, "attackRange":1, "produceTime":200, "moveTime":10, "attackTime":10, "harvestTime":10, "returnTime":10, "harvestAmount":1, "sightRadius":3, "isResource":false, "isStockpile":false, "canHarvest":false, "canMove":false, "canAttack":false, "produces":["Light", "Heavy", "Ranged"], "producedBy":["Worker"]}, {"ID":3, "name":"Worker", "cost":1, "hp":1, "minDamage":1, "maxDamage":1, "attackRange":1, "produceTime":50, "moveTime":10, "attackTime":5, "harvestTime":20, "returnTime":10, "harvestAmount":1, "sightRadius":3, "isResource":false, "isStockpile":false, "canHarvest":true, "canMove":true, "canAttack":true, "produces":["Base", "Barracks"], "producedBy":["Base"]}, {"ID":4, "name":"Light", "cost":2, "hp":4, "minDamage":2, "maxDamage":2, "attackRange":1, "produceTime":80, "moveTime":8, "attackTime":5, "harvestTime":10, "returnTime":10, "harvestAmount":1, "sightRadius":2, "isResource":false, "isStockpile":false, "canHarvest":false, "canMove":true, "canAttack":true, "produces":[], "producedBy":["Barracks"]}, {"ID":5, "name":"Heavy", "cost":2, "hp":4, "minDamage":4, "maxDamage":4, "attackRange":1, "produceTime":120, "moveTime":12, "attackTime":5, "harvestTime":10, "returnTime":10, "harvestAmount":1, "sightRadius":2, "isResource":false, "isStockpile":false, "canHarvest":false, "canMove":true, "canAttack":true, "produces":[], "producedBy":["Barracks"]}, {"ID":6, "name":"Ranged", "cost":2, "hp":1, "minDamage":1, "maxDamage":1, "attackRange":3, "produceTime":100, "moveTime":10, "attackTime":5, "harvestTime":10, "returnTime":10, "harvestAmount":1, "sightRadius":3, "isResource":false, "isStockpile":false, "canHarvest":false, "canMove":true, "canAttack":true, "produces":[], "producedBy":["Barracks"]}]}
reseted!!!!!!!
reseted!!!!!!!
reseted!!!!!!!
reseted!!!!!!!
reseted!!!!!!!
reseted!!!!!!!
reseted!!!!!!!
reseted!!!!!!!
reseted!!!!!!!
reseted!!!!!!!
reseted!!!!!!!
reseted!!!!!!!
reseted!!!!!!!
reseted!!!!!!!
reseted!!!!!!!
reseted!!!!!!!
reseted!!!!!!!
reseted!!!!!!!
reseted!!!!!!!
reseted!!!!!!!
reseted!!!!!!!
reseted!!!!!!!
reseted!!!!!!!
reseted!!!!!!!
reseted!!!!!!!
reseted!!!!!!!
reseted!!!!!!!
reseted!!!!!!!
reseted!!!!!!!
reseted!!!!!!!
reseted!!!!!!!
reseted!!!!!!!
reseted!!!!!!!
reseted!!!!!!!
reseted!!!!!!!
reseted!!!!!!!
reseted!!!!!!!
reseted!!!!!!!
reseted!!!!!!!
reseted!!!!!!!
reseted!!!!!!!
reseted!!!!!!!
reseted!!!!!!!
reseted!!!!!!!
reseted!!!!!!!
reseted!!!!!!!
reseted!!!!!!!
reseted!!!!!!!
reseted!!!!!!!
reseted!!!!!!!
reseted!!!!!!!
reseted!!!!!!!
reseted!!!!!!!
reseted!!!!!!!
reseted!!!!!!!
reseted!!!!!!!
reseted!!!!!!!
reseted!!!!!!!
reseted!!!!!!!
reseted!!!!!!!
reseted!!!!!!!
reseted!!!!!!!
reseted!!!!!!!
reseted!!!!!!!
reseted!!!!!!!
reseted!!!!!!!
reseted!!!!!!!
reseted!!!!!!!
reseted!!!!!!!
reseted!!!!!!!
reseted!!!!!!!
reseted!!!!!!!
reseted!!!!!!!
reseted!!!!!!!
reseted!!!!!!!
reseted!!!!!!!
reseted!!!!!!!
reseted!!!!!!!
reseted!!!!!!!
reseted!!!!!!!
reseted!!!!!!!
reseted!!!!!!!
reseted!!!!!!!
reseted!!!!!!!
reseted!!!!!!!
reseted!!!!!!!
reseted!!!!!!!
reseted!!!!!!!
reseted!!!!!!!
reseted!!!!!!!
reseted!!!!!!!
reseted!!!!!!!
reseted!!!!!!!
reseted!!!!!!!
reseted!!!!!!!
reseted!!!!!!!
reseted!!!!!!!
reseted!!!!!!!
reseted!!!!!!!reseted!!!!!!!reseted!!!!!!!reseted!!!!!!!
reseted!!!!!!!
reseted!!!!!!!



reseted!!!!!!!reseted!!!!!!!reseted!!!!!!!reseted!!!!!!!

reseted!!!!!!!

reseted!!!!!!!reseted!!!!!!!reseted!!!!!!!reseted!!!!!!!



reseted!!!!!!!

reseted!!!!!!!
reseted!!!!!!!
reseted!!!!!!!
reseted!!!!!!!
reseted!!!!!!!
reseted!!!!!!!reseted!!!!!!!

reseted!!!!!!!
reseted!!!!!!!
reseted!!!!!!!
reseted!!!!!!!
reseted!!!!!!!
reseted!!!!!!!
reseted!!!!!!!
reseted!!!!!!!
reseted!!!!!!!
reseted!!!!!!!
reseted!!!!!!!
reseted!!!!!!!
reseted!!!!!!!
reseted!!!!!!!
reseted!!!!!!!
reseted!!!!!!!
reseted!!!!!!!
reseted!!!!!!!
reseted!!!!!!!
reseted!!!!!!!
reseted!!!!!!!
reseted!!!!!!!
reseted!!!!!!!
reseted!!!!!!!
reseted!!!!!!!
reseted!!!!!!!
reseted!!!!!!!
reseted!!!!!!!
reseted!!!!!!!
reseted!!!!!!!
reseted!!!!!!!
reseted!!!!!!!
reseted!!!!!!!
reseted!!!!!!!
reseted!!!!!!!
reseted!!!!!!!
reseted!!!!!!!
reseted!!!!!!!
reseted!!!!!!!
reseted!!!!!!!
reseted!!!!!!!
reseted!!!!!!!
reseted!!!!!!!
reseted!!!!!!!
reseted!!!!!!!
reseted!!!!!!!
reseted!!!!!!!
reseted!!!!!!!
reseted!!!!!!!
reseted!!!!!!!
reseted!!!!!!!
reseted!!!!!!!
reseted!!!!!!!
reseted!!!!!!!
reseted!!!!!!!
reseted!!!!!!!
reseted!!!!!!!
reseted!!!!!!!
reseted!!!!!!!
reseted!!!!!!!
reseted!!!!!!!
reseted!!!!!!!
reseted!!!!!!!
reseted!!!!!!!reseted!!!!!!!reseted!!!!!!!


reseted!!!!!!!reseted!!!!!!!
reseted!!!!!!!reseted!!!!!!!


reseted!!!!!!!reseted!!!!!!!

reseted!!!!!!!
reseted!!!!!!!
reseted!!!!!!!
reseted!!!!!!!
reseted!!!!!!!
reseted!!!!!!!
reseted!!!!!!!reseted!!!!!!!

reseted!!!!!!!reseted!!!!!!!

reseted!!!!!!!
reseted!!!!!!!
reseted!!!!!!!
reseted!!!!!!!
reseted!!!!!!!
reseted!!!!!!!
reseted!!!!!!!reseted!!!!!!!

reseted!!!!!!!
reseted!!!!!!!
reseted!!!!!!!
reseted!!!!!!!
reseted!!!!!!!
reseted!!!!!!!
reseted!!!!!!!
reseted!!!!!!!
reseted!!!!!!!
reseted!!!!!!!
reseted!!!!!!!
reseted!!!!!!!
reseted!!!!!!!
reseted!!!!!!!
reseted!!!!!!!
reseted!!!!!!!
reseted!!!!!!!
reseted!!!!!!!
reseted!!!!!!!
reseted!!!!!!!
reseted!!!!!!!
reseted!!!!!!!
reseted!!!!!!!
reseted!!!!!!!
reseted!!!!!!!
reseted!!!!!!!
reseted!!!!!!!
reseted!!!!!!!
reseted!!!!!!!
reseted!!!!!!!
reseted!!!!!!!
reseted!!!!!!!
reseted!!!!!!!
reseted!!!!!!!
reseted!!!!!!!
reseted!!!!!!!
reseted!!!!!!!reseted!!!!!!!

reseted!!!!!!!
reseted!!!!!!!
reseted!!!!!!!
reseted!!!!!!!
reseted!!!!!!!
reseted!!!!!!!
reseted!!!!!!!
reseted!!!!!!!
reseted!!!!!!!
reseted!!!!!!!
reseted!!!!!!!
reseted!!!!!!!
reseted!!!!!!!
reseted!!!!!!!
reseted!!!!!!!
reseted!!!!!!!
reseted!!!!!!!
reseted!!!!!!!
reseted!!!!!!!
reseted!!!!!!!
reseted!!!!!!!
reseted!!!!!!!
reseted!!!!!!!
reseted!!!!!!!reseted!!!!!!!
reseted!!!!!!!

reseted!!!!!!!
reseted!!!!!!!reseted!!!!!!!

reseted!!!!!!!
reseted!!!!!!!reseted!!!!!!!

reseted!!!!!!!
reseted!!!!!!!
reseted!!!!!!!
reseted!!!!!!!reseted!!!!!!!

reseted!!!!!!!
reseted!!!!!!!
reseted!!!!!!!
reseted!!!!!!!
reseted!!!!!!!
reseted!!!!!!!
reseted!!!!!!!
reseted!!!!!!!
reseted!!!!!!!
reseted!!!!!!!
reseted!!!!!!!
reseted!!!!!!!
reseted!!!!!!!
reseted!!!!!!!
reseted!!!!!!!
reseted!!!!!!!
reseted!!!!!!!
reseted!!!!!!!
reseted!!!!!!!
reseted!!!!!!!
reseted!!!!!!!
reseted!!!!!!!
reseted!!!!!!!
reseted!!!!!!!
reseted!!!!!!!
reseted!!!!!!!
reseted!!!!!!!
reseted!!!!!!!
reseted!!!!!!!
reseted!!!!!!!
reseted!!!!!!!
reseted!!!!!!!
reseted!!!!!!!
reseted!!!!!!!
reseted!!!!!!!
reseted!!!!!!!
reseted!!!!!!!
reseted!!!!!!!
reseted!!!!!!!
reseted!!!!!!!
reseted!!!!!!!
reseted!!!!!!!
reseted!!!!!!!
reseted!!!!!!!
reseted!!!!!!!
reseted!!!!!!!
reseted!!!!!!!
reseted!!!!!!!
reseted!!!!!!!
reseted!!!!!!!
reseted!!!!!!!
reseted!!!!!!!
reseted!!!!!!!
reseted!!!!!!!
reseted!!!!!!!
reseted!!!!!!!
reseted!!!!!!!
reseted!!!!!!!
reseted!!!!!!!
reseted!!!!!!!
reseted!!!!!!!
reseted!!!!!!!
reseted!!!!!!!
reseted!!!!!!!
reseted!!!!!!!
reseted!!!!!!!
reseted!!!!!!!
reseted!!!!!!!
reseted!!!!!!!
reseted!!!!!!!
reseted!!!!!!!
reseted!!!!!!!
reseted!!!!!!!
reseted!!!!!!!reseted!!!!!!!
reseted!!!!!!!

reseted!!!!!!!reseted!!!!!!!

reseted!!!!!!!reseted!!!!!!!

reseted!!!!!!!
reseted!!!!!!!
reseted!!!!!!!
reseted!!!!!!!
reseted!!!!!!!
reseted!!!!!!!
reseted!!!!!!!
reseted!!!!!!!
reseted!!!!!!!
reseted!!!!!!!
reseted!!!!!!!
reseted!!!!!!!
reseted!!!!!!!
reseted!!!!!!!
reseted!!!!!!!
reseted!!!!!!!
reseted!!!!!!!
reseted!!!!!!!
reseted!!!!!!!
reseted!!!!!!!
reseted!!!!!!!
reseted!!!!!!!
reseted!!!!!!!
reseted!!!!!!!
reseted!!!!!!!
reseted!!!!!!!
reseted!!!!!!!
reseted!!!!!!!
reseted!!!!!!!
reseted!!!!!!!
reseted!!!!!!!
reseted!!!!!!!
reseted!!!!!!!
reseted!!!!!!!
reseted!!!!!!!
reseted!!!!!!!
reseted!!!!!!!
reseted!!!!!!!
reseted!!!!!!!
reseted!!!!!!!
reseted!!!!!!!
reseted!!!!!!!
reseted!!!!!!!
reseted!!!!!!!
reseted!!!!!!!
reseted!!!!!!!
reseted!!!!!!!
reseted!!!!!!!
reseted!!!!!!!
reseted!!!!!!!
reseted!!!!!!!
reseted!!!!!!!
reseted!!!!!!!
reseted!!!!!!!
reseted!!!!!!!
reseted!!!!!!!
reseted!!!!!!!
reseted!!!!!!!
reseted!!!!!!!
reseted!!!!!!!
reseted!!!!!!!
reseted!!!!!!!
reseted!!!!!!!
reseted!!!!!!!
reseted!!!!!!!
reseted!!!!!!!
reseted!!!!!!!
reseted!!!!!!!
reseted!!!!!!!
reseted!!!!!!!
reseted!!!!!!!
reseted!!!!!!!
reseted!!!!!!!
reseted!!!!!!!
reseted!!!!!!!
reseted!!!!!!!
reseted!!!!!!!
reseted!!!!!!!
reseted!!!!!!!
reseted!!!!!!!
reseted!!!!!!!
reseted!!!!!!!
reseted!!!!!!!
reseted!!!!!!!
reseted!!!!!!!
reseted!!!!!!!
reseted!!!!!!!
reseted!!!!!!!
reseted!!!!!!!
reseted!!!!!!!
reseted!!!!!!!
reseted!!!!!!!
reseted!!!!!!!
reseted!!!!!!!
reseted!!!!!!!
reseted!!!!!!!
reseted!!!!!!!
reseted!!!!!!!
reseted!!!!!!!
reseted!!!!!!!
reseted!!!!!!!
reseted!!!!!!!
reseted!!!!!!!
reseted!!!!!!!
reseted!!!!!!!
reseted!!!!!!!
reseted!!!!!!!
reseted!!!!!!!
reseted!!!!!!!
reseted!!!!!!!
reseted!!!!!!!
reseted!!!!!!!
reseted!!!!!!!
reseted!!!!!!!
reseted!!!!!!!
reseted!!!!!!!
reseted!!!!!!!
reseted!!!!!!!
reseted!!!!!!!
reseted!!!!!!!
reseted!!!!!!!
reseted!!!!!!!
reseted!!!!!!!
reseted!!!!!!!
reseted!!!!!!!
reseted!!!!!!!
reseted!!!!!!!
reseted!!!!!!!
reseted!!!!!!!
reseted!!!!!!!
reseted!!!!!!!
reseted!!!!!!!
reseted!!!!!!!
reseted!!!!!!!
reseted!!!!!!!
reseted!!!!!!!
reseted!!!!!!!
reseted!!!!!!!
reseted!!!!!!!
reseted!!!!!!!
reseted!!!!!!!
reseted!!!!!!!
reseted!!!!!!!
reseted!!!!!!!
reseted!!!!!!!
reseted!!!!!!!
reseted!!!!!!!
reseted!!!!!!!
reseted!!!!!!!
reseted!!!!!!!
reseted!!!!!!!
reseted!!!!!!!
reseted!!!!!!!
reseted!!!!!!!
reseted!!!!!!!
reseted!!!!!!!
reseted!!!!!!!
reseted!!!!!!!
reseted!!!!!!!
reseted!!!!!!!
reseted!!!!!!!
reseted!!!!!!!
reseted!!!!!!!
reseted!!!!!!!
reseted!!!!!!!
reseted!!!!!!!
reseted!!!!!!!
reseted!!!!!!!
reseted!!!!!!!
reseted!!!!!!!
reseted!!!!!!!
reseted!!!!!!!
reseted!!!!!!!
reseted!!!!!!!
reseted!!!!!!!
reseted!!!!!!!
reseted!!!!!!!
reseted!!!!!!!
reseted!!!!!!!
reseted!!!!!!!
reseted!!!!!!!
reseted!!!!!!!
reseted!!!!!!!
reseted!!!!!!!
reseted!!!!!!!
reseted!!!!!!!
reseted!!!!!!!
reseted!!!!!!!
reseted!!!!!!!
reseted!!!!!!!
reseted!!!!!!!
reseted!!!!!!!
reseted!!!!!!!
reseted!!!!!!!
reseted!!!!!!!
reseted!!!!!!!
reseted!!!!!!!
reseted!!!!!!!
reseted!!!!!!!
reseted!!!!!!!
reseted!!!!!!!
reseted!!!!!!!
reseted!!!!!!!
reseted!!!!!!!
reseted!!!!!!!
reseted!!!!!!!
reseted!!!!!!!
reseted!!!!!!!
reseted!!!!!!!
reseted!!!!!!!
reseted!!!!!!!
reseted!!!!!!!
reseted!!!!!!!
reseted!!!!!!!
reseted!!!!!!!
reseted!!!!!!!
reseted!!!!!!!
reseted!!!!!!!
reseted!!!!!!!
reseted!!!!!!!
reseted!!!!!!!
reseted!!!!!!!
reseted!!!!!!!
reseted!!!!!!!
reseted!!!!!!!
reseted!!!!!!!
reseted!!!!!!!
reseted!!!!!!!
reseted!!!!!!!
reseted!!!!!!!
reseted!!!!!!!
reseted!!!!!!!
reseted!!!!!!!
reseted!!!!!!!
reseted!!!!!!!
reseted!!!!!!!
reseted!!!!!!!
reseted!!!!!!!
reseted!!!!!!!
reseted!!!!!!!
reseted!!!!!!!
reseted!!!!!!!
reseted!!!!!!!
reseted!!!!!!!
reseted!!!!!!!
reseted!!!!!!!
reseted!!!!!!!
reseted!!!!!!!
reseted!!!!!!!
reseted!!!!!!!
reseted!!!!!!!
reseted!!!!!!!
reseted!!!!!!!
reseted!!!!!!!
reseted!!!!!!!
reseted!!!!!!!
reseted!!!!!!!
reseted!!!!!!!
reseted!!!!!!!
reseted!!!!!!!
reseted!!!!!!!
reseted!!!!!!!
reseted!!!!!!!
reseted!!!!!!!
reseted!!!!!!!
reseted!!!!!!!
reseted!!!!!!!
reseted!!!!!!!
reseted!!!!!!!
reseted!!!!!!!
reseted!!!!!!!
reseted!!!!!!!
reseted!!!!!!!
reseted!!!!!!!
reseted!!!!!!!
reseted!!!!!!!
reseted!!!!!!!
reseted!!!!!!!
reseted!!!!!!!
reseted!!!!!!!
reseted!!!!!!!
reseted!!!!!!!
reseted!!!!!!!
reseted!!!!!!!
reseted!!!!!!!
reseted!!!!!!!
reseted!!!!!!!
reseted!!!!!!!
reseted!!!!!!!
reseted!!!!!!!
reseted!!!!!!!
reseted!!!!!!!
reseted!!!!!!!
reseted!!!!!!!
reseted!!!!!!!
reseted!!!!!!!
reseted!!!!!!!
reseted!!!!!!!
reseted!!!!!!!
reseted!!!!!!!
reseted!!!!!!!
reseted!!!!!!!
reseted!!!!!!!
reseted!!!!!!!
reseted!!!!!!!
reseted!!!!!!!
reseted!!!!!!!
reseted!!!!!!!
reseted!!!!!!!
reseted!!!!!!!
reseted!!!!!!!
reseted!!!!!!!
reseted!!!!!!!
reseted!!!!!!!
reseted!!!!!!!
reseted!!!!!!!
reseted!!!!!!!
reseted!!!!!!!
reseted!!!!!!!
reseted!!!!!!!
reseted!!!!!!!
reseted!!!!!!!
reseted!!!!!!!
reseted!!!!!!!
reseted!!!!!!!
reseted!!!!!!!
reseted!!!!!!!
reseted!!!!!!!
reseted!!!!!!!
reseted!!!!!!!
reseted!!!!!!!
reseted!!!!!!!
reseted!!!!!!!
reseted!!!!!!!
reseted!!!!!!!
reseted!!!!!!!
reseted!!!!!!!
reseted!!!!!!!
reseted!!!!!!!
reseted!!!!!!!
reseted!!!!!!!
reseted!!!!!!!
reseted!!!!!!!
reseted!!!!!!!
reseted!!!!!!!
reseted!!!!!!!
reseted!!!!!!!
reseted!!!!!!!
reseted!!!!!!!
reseted!!!!!!!
reseted!!!!!!!
reseted!!!!!!!
reseted!!!!!!!
reseted!!!!!!!
reseted!!!!!!!
reseted!!!!!!!
reseted!!!!!!!
reseted!!!!!!!
reseted!!!!!!!
reseted!!!!!!!
reseted!!!!!!!
reseted!!!!!!!
reseted!!!!!!!
reseted!!!!!!!
reseted!!!!!!!
reseted!!!!!!!
reseted!!!!!!!
reseted!!!!!!!
reseted!!!!!!!
reseted!!!!!!!
reseted!!!!!!!
reseted!!!!!!!
reseted!!!!!!!
reseted!!!!!!!
reseted!!!!!!!
reseted!!!!!!!
reseted!!!!!!!
reseted!!!!!!!
reseted!!!!!!!
reseted!!!!!!!
reseted!!!!!!!
reseted!!!!!!!
reseted!!!!!!!
reseted!!!!!!!
reseted!!!!!!!
reseted!!!!!!!
reseted!!!!!!!
reseted!!!!!!!
reseted!!!!!!!
reseted!!!!!!!
reseted!!!!!!!
reseted!!!!!!!
reseted!!!!!!!
reseted!!!!!!!
reseted!!!!!!!
reseted!!!!!!!
reseted!!!!!!!
reseted!!!!!!!
reseted!!!!!!!
reseted!!!!!!!
reseted!!!!!!!
reseted!!!!!!!
reseted!!!!!!!
reseted!!!!!!!
reseted!!!!!!!
reseted!!!!!!!
reseted!!!!!!!
reseted!!!!!!!
reseted!!!!!!!
reseted!!!!!!!
reseted!!!!!!!
reseted!!!!!!!
reseted!!!!!!!
reseted!!!!!!!
reseted!!!!!!!
reseted!!!!!!!
reseted!!!!!!!
reseted!!!!!!!
reseted!!!!!!!
reseted!!!!!!!
reseted!!!!!!!
reseted!!!!!!!
reseted!!!!!!!
reseted!!!!!!!
reseted!!!!!!!
reseted!!!!!!!
reseted!!!!!!!
reseted!!!!!!!
reseted!!!!!!!
reseted!!!!!!!
reseted!!!!!!!
reseted!!!!!!!
reseted!!!!!!!
reseted!!!!!!!
reseted!!!!!!!
reseted!!!!!!!
reseted!!!!!!!
reseted!!!!!!!
reseted!!!!!!!
reseted!!!!!!!
reseted!!!!!!!
reseted!!!!!!!
reseted!!!!!!!
reseted!!!!!!!
reseted!!!!!!!
reseted!!!!!!!
reseted!!!!!!!
reseted!!!!!!!
reseted!!!!!!!
reseted!!!!!!!
reseted!!!!!!!
reseted!!!!!!!reseted!!!!!!!

reseted!!!!!!!
reseted!!!!!!!
reseted!!!!!!!
reseted!!!!!!!reseted!!!!!!!

reseted!!!!!!!
reseted!!!!!!!
reseted!!!!!!!
reseted!!!!!!!
reseted!!!!!!!
reseted!!!!!!!
reseted!!!!!!!
reseted!!!!!!!
reseted!!!!!!!
reseted!!!!!!!
reseted!!!!!!!
reseted!!!!!!!
reseted!!!!!!!
reseted!!!!!!!
reseted!!!!!!!
reseted!!!!!!!
reseted!!!!!!!
reseted!!!!!!!
reseted!!!!!!!
reseted!!!!!!!
reseted!!!!!!!
reseted!!!!!!!
reseted!!!!!!!
reseted!!!!!!!
reseted!!!!!!!
reseted!!!!!!!
reseted!!!!!!!
reseted!!!!!!!
reseted!!!!!!!
reseted!!!!!!!
reseted!!!!!!!
reseted!!!!!!!
reseted!!!!!!!
reseted!!!!!!!
reseted!!!!!!!
reseted!!!!!!!
reseted!!!!!!!
reseted!!!!!!!
reseted!!!!!!!
reseted!!!!!!!
reseted!!!!!!!
reseted!!!!!!!
reseted!!!!!!!
reseted!!!!!!!
reseted!!!!!!!
reseted!!!!!!!
reseted!!!!!!!
reseted!!!!!!!
reseted!!!!!!!
reseted!!!!!!!
reseted!!!!!!!
reseted!!!!!!!
reseted!!!!!!!
reseted!!!!!!!
reseted!!!!!!!
reseted!!!!!!!
reseted!!!!!!!
reseted!!!!!!!
reseted!!!!!!!
reseted!!!!!!!
reseted!!!!!!!
reseted!!!!!!!
reseted!!!!!!!
reseted!!!!!!!
reseted!!!!!!!
reseted!!!!!!!
reseted!!!!!!!
reseted!!!!!!!
reseted!!!!!!!
reseted!!!!!!!
reseted!!!!!!!
reseted!!!!!!!
reseted!!!!!!!
reseted!!!!!!!
reseted!!!!!!!
reseted!!!!!!!
reseted!!!!!!!
reseted!!!!!!!
reseted!!!!!!!
reseted!!!!!!!
reseted!!!!!!!
reseted!!!!!!!
reseted!!!!!!!
reseted!!!!!!!
reseted!!!!!!!
reseted!!!!!!!
reseted!!!!!!!
reseted!!!!!!!
reseted!!!!!!!
reseted!!!!!!!
reseted!!!!!!!
reseted!!!!!!!
reseted!!!!!!!
reseted!!!!!!!
reseted!!!!!!!
reseted!!!!!!!
reseted!!!!!!!
reseted!!!!!!!
reseted!!!!!!!
reseted!!!!!!!
reseted!!!!!!!
reseted!!!!!!!
reseted!!!!!!!
reseted!!!!!!!
reseted!!!!!!!
reseted!!!!!!!
reseted!!!!!!!
reseted!!!!!!!
reseted!!!!!!!
reseted!!!!!!!
reseted!!!!!!!
reseted!!!!!!!
reseted!!!!!!!
reseted!!!!!!!
reseted!!!!!!!
reseted!!!!!!!
reseted!!!!!!!
reseted!!!!!!!
reseted!!!!!!!
reseted!!!!!!!
reseted!!!!!!!
reseted!!!!!!!
reseted!!!!!!!
reseted!!!!!!!
reseted!!!!!!!
reseted!!!!!!!
reseted!!!!!!!
reseted!!!!!!!
reseted!!!!!!!
reseted!!!!!!!
reseted!!!!!!!
reseted!!!!!!!
reseted!!!!!!!
reseted!!!!!!!
reseted!!!!!!!
reseted!!!!!!!
reseted!!!!!!!
reseted!!!!!!!
reseted!!!!!!!
reseted!!!!!!!
reseted!!!!!!!
reseted!!!!!!!
reseted!!!!!!!
reseted!!!!!!!
reseted!!!!!!!
reseted!!!!!!!
reseted!!!!!!!
reseted!!!!!!!
reseted!!!!!!!
reseted!!!!!!!
reseted!!!!!!!
reseted!!!!!!!
reseted!!!!!!!
reseted!!!!!!!
reseted!!!!!!!
reseted!!!!!!!
reseted!!!!!!!
reseted!!!!!!!
reseted!!!!!!!
reseted!!!!!!!
reseted!!!!!!!
reseted!!!!!!!
reseted!!!!!!!
reseted!!!!!!!
reseted!!!!!!!
reseted!!!!!!!
reseted!!!!!!!
reseted!!!!!!!
reseted!!!!!!!
reseted!!!!!!!
reseted!!!!!!!
reseted!!!!!!!
reseted!!!!!!!
reseted!!!!!!!
reseted!!!!!!!
reseted!!!!!!!
reseted!!!!!!!
reseted!!!!!!!
reseted!!!!!!!
reseted!!!!!!!
reseted!!!!!!!
reseted!!!!!!!
reseted!!!!!!!
reseted!!!!!!!
reseted!!!!!!!
reseted!!!!!!!
reseted!!!!!!!
reseted!!!!!!!
reseted!!!!!!!
reseted!!!!!!!
reseted!!!!!!!
reseted!!!!!!!
reseted!!!!!!!
reseted!!!!!!!
reseted!!!!!!!
reseted!!!!!!!
reseted!!!!!!!
reseted!!!!!!!
reseted!!!!!!!
reseted!!!!!!!
reseted!!!!!!!
reseted!!!!!!!
reseted!!!!!!!
reseted!!!!!!!
reseted!!!!!!!
reseted!!!!!!!
reseted!!!!!!!
reseted!!!!!!!
reseted!!!!!!!
reseted!!!!!!!
reseted!!!!!!!
reseted!!!!!!!
reseted!!!!!!!
reseted!!!!!!!
reseted!!!!!!!
reseted!!!!!!!
reseted!!!!!!!
reseted!!!!!!!
reseted!!!!!!!
reseted!!!!!!!
reseted!!!!!!!
reseted!!!!!!!
reseted!!!!!!!
reseted!!!!!!!
reseted!!!!!!!
reseted!!!!!!!
reseted!!!!!!!
reseted!!!!!!!
reseted!!!!!!!
reseted!!!!!!!
reseted!!!!!!!
reseted!!!!!!!
reseted!!!!!!!
reseted!!!!!!!
reseted!!!!!!!
reseted!!!!!!!
reseted!!!!!!!
reseted!!!!!!!
reseted!!!!!!!
reseted!!!!!!!
reseted!!!!!!!
reseted!!!!!!!
reseted!!!!!!!
reseted!!!!!!!
reseted!!!!!!!
reseted!!!!!!!
reseted!!!!!!!
reseted!!!!!!!
reseted!!!!!!!
reseted!!!!!!!
reseted!!!!!!!
reseted!!!!!!!
reseted!!!!!!!
reseted!!!!!!!
reseted!!!!!!!
reseted!!!!!!!
reseted!!!!!!!
reseted!!!!!!!
reseted!!!!!!!
reseted!!!!!!!
reseted!!!!!!!
reseted!!!!!!!
reseted!!!!!!!
reseted!!!!!!!
reseted!!!!!!!
reseted!!!!!!!
reseted!!!!!!!
reseted!!!!!!!
reseted!!!!!!!
reseted!!!!!!!
reseted!!!!!!!
reseted!!!!!!!
reseted!!!!!!!
reseted!!!!!!!
reseted!!!!!!!
reseted!!!!!!!
reseted!!!!!!!
reseted!!!!!!!
reseted!!!!!!!
reseted!!!!!!!
reseted!!!!!!!
reseted!!!!!!!
reseted!!!!!!!
reseted!!!!!!!
reseted!!!!!!!
reseted!!!!!!!
reseted!!!!!!!
reseted!!!!!!!
reseted!!!!!!!
reseted!!!!!!!
reseted!!!!!!!
reseted!!!!!!!
reseted!!!!!!!
reseted!!!!!!!
reseted!!!!!!!
reseted!!!!!!!
reseted!!!!!!!
reseted!!!!!!!
reseted!!!!!!!
reseted!!!!!!!
reseted!!!!!!!
reseted!!!!!!!
reseted!!!!!!!
reseted!!!!!!!
reseted!!!!!!!
reseted!!!!!!!
reseted!!!!!!!
reseted!!!!!!!
reseted!!!!!!!
reseted!!!!!!!
reseted!!!!!!!
reseted!!!!!!!
reseted!!!!!!!
reseted!!!!!!!
reseted!!!!!!!
reseted!!!!!!!
reseted!!!!!!!
reseted!!!!!!!
reseted!!!!!!!
reseted!!!!!!!
reseted!!!!!!!
reseted!!!!!!!
reseted!!!!!!!
reseted!!!!!!!
reseted!!!!!!!
reseted!!!!!!!
reseted!!!!!!!
reseted!!!!!!!
reseted!!!!!!!
reseted!!!!!!!
reseted!!!!!!!
reseted!!!!!!!
reseted!!!!!!!
reseted!!!!!!!
reseted!!!!!!!
reseted!!!!!!!
reseted!!!!!!!
reseted!!!!!!!
reseted!!!!!!!
reseted!!!!!!!
reseted!!!!!!!
reseted!!!!!!!
reseted!!!!!!!
reseted!!!!!!!
reseted!!!!!!!
reseted!!!!!!!
reseted!!!!!!!
reseted!!!!!!!
reseted!!!!!!!
reseted!!!!!!!
reseted!!!!!!!
reseted!!!!!!!
reseted!!!!!!!
reseted!!!!!!!
reseted!!!!!!!
reseted!!!!!!!
reseted!!!!!!!
reseted!!!!!!!
reseted!!!!!!!
reseted!!!!!!!
reseted!!!!!!!
reseted!!!!!!!
reseted!!!!!!!
reseted!!!!!!!
reseted!!!!!!!
reseted!!!!!!!
reseted!!!!!!!
reseted!!!!!!!
reseted!!!!!!!
reseted!!!!!!!
reseted!!!!!!!
reseted!!!!!!!
reseted!!!!!!!
reseted!!!!!!!
reseted!!!!!!!
reseted!!!!!!!
reseted!!!!!!!
reseted!!!!!!!
reseted!!!!!!!
reseted!!!!!!!
reseted!!!!!!!
reseted!!!!!!!
reseted!!!!!!!
reseted!!!!!!!
reseted!!!!!!!
reseted!!!!!!!
reseted!!!!!!!
reseted!!!!!!!
reseted!!!!!!!
reseted!!!!!!!
reseted!!!!!!!
reseted!!!!!!!
reseted!!!!!!!
reseted!!!!!!!
reseted!!!!!!!
reseted!!!!!!!
reseted!!!!!!!
reseted!!!!!!!
reseted!!!!!!!
reseted!!!!!!!
reseted!!!!!!!
reseted!!!!!!!
reseted!!!!!!!
reseted!!!!!!!
reseted!!!!!!!
reseted!!!!!!!
reseted!!!!!!!
reseted!!!!!!!
reseted!!!!!!!
reseted!!!!!!!
reseted!!!!!!!
reseted!!!!!!!
reseted!!!!!!!
reseted!!!!!!!
reseted!!!!!!!
reseted!!!!!!!
reseted!!!!!!!
reseted!!!!!!!
reseted!!!!!!!
reseted!!!!!!!
reseted!!!!!!!
reseted!!!!!!!
reseted!!!!!!!
reseted!!!!!!!
reseted!!!!!!!
reseted!!!!!!!
reseted!!!!!!!
reseted!!!!!!!
reseted!!!!!!!
reseted!!!!!!!
reseted!!!!!!!
reseted!!!!!!!
reseted!!!!!!!
reseted!!!!!!!
reseted!!!!!!!
reseted!!!!!!!
reseted!!!!!!!
reseted!!!!!!!
reseted!!!!!!!
reseted!!!!!!!
reseted!!!!!!!
reseted!!!!!!!
reseted!!!!!!!
reseted!!!!!!!
reseted!!!!!!!
reseted!!!!!!!
reseted!!!!!!!
reseted!!!!!!!
reseted!!!!!!!
reseted!!!!!!!
reseted!!!!!!!
reseted!!!!!!!
reseted!!!!!!!
reseted!!!!!!!
reseted!!!!!!!
reseted!!!!!!!
reseted!!!!!!!
reseted!!!!!!!
reseted!!!!!!!
reseted!!!!!!!
reseted!!!!!!!
reseted!!!!!!!
reseted!!!!!!!
reseted!!!!!!!
reseted!!!!!!!
reseted!!!!!!!
reseted!!!!!!!
reseted!!!!!!!
reseted!!!!!!!
reseted!!!!!!!
reseted!!!!!!!
reseted!!!!!!!
reseted!!!!!!!
reseted!!!!!!!
reseted!!!!!!!
reseted!!!!!!!
reseted!!!!!!!
reseted!!!!!!!
reseted!!!!!!!
reseted!!!!!!!
reseted!!!!!!!
reseted!!!!!!!
reseted!!!!!!!
reseted!!!!!!!
reseted!!!!!!!
reseted!!!!!!!
reseted!!!!!!!
reseted!!!!!!!
reseted!!!!!!!
reseted!!!!!!!
reseted!!!!!!!
reseted!!!!!!!
reseted!!!!!!!
reseted!!!!!!!
reseted!!!!!!!
reseted!!!!!!!
reseted!!!!!!!
reseted!!!!!!!
reseted!!!!!!!
reseted!!!!!!!
reseted!!!!!!!
reseted!!!!!!!
reseted!!!!!!!
reseted!!!!!!!
reseted!!!!!!!
reseted!!!!!!!
reseted!!!!!!!
reseted!!!!!!!
reseted!!!!!!!
reseted!!!!!!!
reseted!!!!!!!
reseted!!!!!!!
reseted!!!!!!!
reseted!!!!!!!
reseted!!!!!!!
reseted!!!!!!!
reseted!!!!!!!
reseted!!!!!!!
reseted!!!!!!!
reseted!!!!!!!
reseted!!!!!!!
reseted!!!!!!!
reseted!!!!!!!
reseted!!!!!!!
reseted!!!!!!!
reseted!!!!!!!
reseted!!!!!!!
reseted!!!!!!!
reseted!!!!!!!
reseted!!!!!!!
reseted!!!!!!!
reseted!!!!!!!
reseted!!!!!!!
reseted!!!!!!!
reseted!!!!!!!
reseted!!!!!!!
reseted!!!!!!!
reseted!!!!!!!
reseted!!!!!!!
reseted!!!!!!!
reseted!!!!!!!
reseted!!!!!!!
reseted!!!!!!!
reseted!!!!!!!
reseted!!!!!!!
reseted!!!!!!!
reseted!!!!!!!
reseted!!!!!!!
reseted!!!!!!!
reseted!!!!!!!
reseted!!!!!!!
reseted!!!!!!!
reseted!!!!!!!
reseted!!!!!!!
reseted!!!!!!!
reseted!!!!!!!
reseted!!!!!!!
reseted!!!!!!!
reseted!!!!!!!
reseted!!!!!!!
reseted!!!!!!!
reseted!!!!!!!
reseted!!!!!!!
reseted!!!!!!!
reseted!!!!!!!
reseted!!!!!!!
reseted!!!!!!!
reseted!!!!!!!
reseted!!!!!!!
reseted!!!!!!!
reseted!!!!!!!
reseted!!!!!!!
reseted!!!!!!!
reseted!!!!!!!
reseted!!!!!!!
reseted!!!!!!!
reseted!!!!!!!
reseted!!!!!!!
reseted!!!!!!!
reseted!!!!!!!
reseted!!!!!!!
reseted!!!!!!!
reseted!!!!!!!
reseted!!!!!!!
reseted!!!!!!!
reseted!!!!!!!
reseted!!!!!!!
reseted!!!!!!!
reseted!!!!!!!
reseted!!!!!!!
reseted!!!!!!!
reseted!!!!!!!
reseted!!!!!!!
reseted!!!!!!!
reseted!!!!!!!
reseted!!!!!!!
reseted!!!!!!!
reseted!!!!!!!
reseted!!!!!!!
reseted!!!!!!!
reseted!!!!!!!
reseted!!!!!!!
reseted!!!!!!!
reseted!!!!!!!
reseted!!!!!!!reseted!!!!!!!

reseted!!!!!!!
reseted!!!!!!!
reseted!!!!!!!
reseted!!!!!!!
reseted!!!!!!!
reseted!!!!!!!
reseted!!!!!!!
reseted!!!!!!!
reseted!!!!!!!
reseted!!!!!!!
reseted!!!!!!!
reseted!!!!!!!
reseted!!!!!!!
reseted!!!!!!!
reseted!!!!!!!
reseted!!!!!!!
reseted!!!!!!!
reseted!!!!!!!
reseted!!!!!!!
reseted!!!!!!!
reseted!!!!!!!
reseted!!!!!!!
reseted!!!!!!!
reseted!!!!!!!
reseted!!!!!!!
reseted!!!!!!!
reseted!!!!!!!
reseted!!!!!!!
reseted!!!!!!!
reseted!!!!!!!
reseted!!!!!!!
reseted!!!!!!!
reseted!!!!!!!
reseted!!!!!!!
reseted!!!!!!!
reseted!!!!!!!
reseted!!!!!!!
reseted!!!!!!!
reseted!!!!!!!
reseted!!!!!!!
reseted!!!!!!!
reseted!!!!!!!
reseted!!!!!!!
reseted!!!!!!!
reseted!!!!!!!
reseted!!!!!!!
reseted!!!!!!!
reseted!!!!!!!
reseted!!!!!!!
reseted!!!!!!!
reseted!!!!!!!
reseted!!!!!!!
reseted!!!!!!!
reseted!!!!!!!
reseted!!!!!!!
reseted!!!!!!!
reseted!!!!!!!
reseted!!!!!!!
reseted!!!!!!!
reseted!!!!!!!
reseted!!!!!!!
reseted!!!!!!!
reseted!!!!!!!
reseted!!!!!!!
reseted!!!!!!!
reseted!!!!!!!
reseted!!!!!!!
reseted!!!!!!!
reseted!!!!!!!
reseted!!!!!!!
reseted!!!!!!!
reseted!!!!!!!
reseted!!!!!!!
reseted!!!!!!!
reseted!!!!!!!
reseted!!!!!!!
reseted!!!!!!!
reseted!!!!!!!
reseted!!!!!!!
reseted!!!!!!!
reseted!!!!!!!
reseted!!!!!!!
reseted!!!!!!!
reseted!!!!!!!
reseted!!!!!!!
reseted!!!!!!!
reseted!!!!!!!
reseted!!!!!!!
reseted!!!!!!!
reseted!!!!!!!
reseted!!!!!!!
reseted!!!!!!!
reseted!!!!!!!
reseted!!!!!!!
reseted!!!!!!!
reseted!!!!!!!
reseted!!!!!!!
reseted!!!!!!!
reseted!!!!!!!
reseted!!!!!!!
reseted!!!!!!!
reseted!!!!!!!
reseted!!!!!!!
reseted!!!!!!!
reseted!!!!!!!
reseted!!!!!!!
reseted!!!!!!!
reseted!!!!!!!
reseted!!!!!!!
reseted!!!!!!!
reseted!!!!!!!
reseted!!!!!!!
reseted!!!!!!!
reseted!!!!!!!
reseted!!!!!!!reseted!!!!!!!

reseted!!!!!!!
reseted!!!!!!!
reseted!!!!!!!
reseted!!!!!!!
reseted!!!!!!!
reseted!!!!!!!
reseted!!!!!!!
reseted!!!!!!!
reseted!!!!!!!
reseted!!!!!!!
reseted!!!!!!!
reseted!!!!!!!
reseted!!!!!!!
reseted!!!!!!!
reseted!!!!!!!
reseted!!!!!!!
reseted!!!!!!!
reseted!!!!!!!
reseted!!!!!!!
reseted!!!!!!!
reseted!!!!!!!
reseted!!!!!!!
reseted!!!!!!!
reseted!!!!!!!
reseted!!!!!!!
reseted!!!!!!!
reseted!!!!!!!
reseted!!!!!!!
reseted!!!!!!!
reseted!!!!!!!
reseted!!!!!!!
reseted!!!!!!!
reseted!!!!!!!
reseted!!!!!!!
reseted!!!!!!!
reseted!!!!!!!
reseted!!!!!!!
reseted!!!!!!!
reseted!!!!!!!
reseted!!!!!!!
reseted!!!!!!!
reseted!!!!!!!
reseted!!!!!!!
reseted!!!!!!!
reseted!!!!!!!
reseted!!!!!!!
reseted!!!!!!!
reseted!!!!!!!
reseted!!!!!!!
reseted!!!!!!!
reseted!!!!!!!
reseted!!!!!!!
reseted!!!!!!!
reseted!!!!!!!
reseted!!!!!!!
reseted!!!!!!!
reseted!!!!!!!
reseted!!!!!!!
reseted!!!!!!!
reseted!!!!!!!
reseted!!!!!!!reseted!!!!!!!

reseted!!!!!!!
reseted!!!!!!!
reseted!!!!!!!
reseted!!!!!!!
reseted!!!!!!!
reseted!!!!!!!
reseted!!!!!!!
reseted!!!!!!!
reseted!!!!!!!
reseted!!!!!!!
reseted!!!!!!!
reseted!!!!!!!
reseted!!!!!!!
reseted!!!!!!!
reseted!!!!!!!
reseted!!!!!!!
reseted!!!!!!!
reseted!!!!!!!
reseted!!!!!!!
reseted!!!!!!!
reseted!!!!!!!
reseted!!!!!!!
reseted!!!!!!!
reseted!!!!!!!
reseted!!!!!!!
reseted!!!!!!!
reseted!!!!!!!
reseted!!!!!!!
reseted!!!!!!!
reseted!!!!!!!
reseted!!!!!!!
reseted!!!!!!!
reseted!!!!!!!
reseted!!!!!!!
reseted!!!!!!!
reseted!!!!!!!
reseted!!!!!!!
reseted!!!!!!!reseted!!!!!!!

reseted!!!!!!!
reseted!!!!!!!
reseted!!!!!!!
reseted!!!!!!!
reseted!!!!!!!
reseted!!!!!!!
reseted!!!!!!!
reseted!!!!!!!
reseted!!!!!!!
reseted!!!!!!!
reseted!!!!!!!
reseted!!!!!!!
reseted!!!!!!!
reseted!!!!!!!
reseted!!!!!!!
reseted!!!!!!!
reseted!!!!!!!
reseted!!!!!!!
reseted!!!!!!!
reseted!!!!!!!
reseted!!!!!!!
reseted!!!!!!!
reseted!!!!!!!
reseted!!!!!!!
reseted!!!!!!!
reseted!!!!!!!
reseted!!!!!!!
reseted!!!!!!!
reseted!!!!!!!
reseted!!!!!!!
reseted!!!!!!!
reseted!!!!!!!
reseted!!!!!!!
reseted!!!!!!!
reseted!!!!!!!
reseted!!!!!!!
reseted!!!!!!!
reseted!!!!!!!
reseted!!!!!!!
reseted!!!!!!!
reseted!!!!!!!
reseted!!!!!!!
reseted!!!!!!!
reseted!!!!!!!
reseted!!!!!!!
reseted!!!!!!!
reseted!!!!!!!
reseted!!!!!!!
reseted!!!!!!!
reseted!!!!!!!
reseted!!!!!!!
reseted!!!!!!!
reseted!!!!!!!
reseted!!!!!!!
reseted!!!!!!!
reseted!!!!!!!
reseted!!!!!!!
reseted!!!!!!!
reseted!!!!!!!
reseted!!!!!!!
reseted!!!!!!!
reseted!!!!!!!
reseted!!!!!!!
reseted!!!!!!!
reseted!!!!!!!
reseted!!!!!!!
reseted!!!!!!!
reseted!!!!!!!
reseted!!!!!!!
reseted!!!!!!!
reseted!!!!!!!
reseted!!!!!!!
reseted!!!!!!!
reseted!!!!!!!
reseted!!!!!!!
reseted!!!!!!!
reseted!!!!!!!
reseted!!!!!!!
reseted!!!!!!!
reseted!!!!!!!
reseted!!!!!!!
reseted!!!!!!!
reseted!!!!!!!
reseted!!!!!!!
reseted!!!!!!!
reseted!!!!!!!
reseted!!!!!!!
reseted!!!!!!!
reseted!!!!!!!
reseted!!!!!!!
reseted!!!!!!!
reseted!!!!!!!
reseted!!!!!!!
reseted!!!!!!!
reseted!!!!!!!
reseted!!!!!!!
reseted!!!!!!!
reseted!!!!!!!
reseted!!!!!!!
reseted!!!!!!!
reseted!!!!!!!
reseted!!!!!!!
reseted!!!!!!!
reseted!!!!!!!
reseted!!!!!!!
reseted!!!!!!!
reseted!!!!!!!
reseted!!!!!!!
reseted!!!!!!!
reseted!!!!!!!
reseted!!!!!!!
reseted!!!!!!!
reseted!!!!!!!
reseted!!!!!!!
reseted!!!!!!!
reseted!!!!!!!
reseted!!!!!!!
reseted!!!!!!!
reseted!!!!!!!
reseted!!!!!!!
reseted!!!!!!!
reseted!!!!!!!
reseted!!!!!!!
reseted!!!!!!!
reseted!!!!!!!
reseted!!!!!!!
reseted!!!!!!!
reseted!!!!!!!
reseted!!!!!!!
reseted!!!!!!!
reseted!!!!!!!
reseted!!!!!!!
reseted!!!!!!!
reseted!!!!!!!
reseted!!!!!!!
reseted!!!!!!!
reseted!!!!!!!
reseted!!!!!!!
reseted!!!!!!!
reseted!!!!!!!
reseted!!!!!!!
reseted!!!!!!!
reseted!!!!!!!
reseted!!!!!!!
reseted!!!!!!!
reseted!!!!!!!
reseted!!!!!!!
reseted!!!!!!!
reseted!!!!!!!
reseted!!!!!!!
reseted!!!!!!!
reseted!!!!!!!
reseted!!!!!!!
reseted!!!!!!!
reseted!!!!!!!
reseted!!!!!!!
reseted!!!!!!!
reseted!!!!!!!
reseted!!!!!!!
reseted!!!!!!!
reseted!!!!!!!
reseted!!!!!!!
reseted!!!!!!!
reseted!!!!!!!
reseted!!!!!!!
reseted!!!!!!!
reseted!!!!!!!
reseted!!!!!!!
reseted!!!!!!!
reseted!!!!!!!
reseted!!!!!!!
reseted!!!!!!!
reseted!!!!!!!
reseted!!!!!!!
reseted!!!!!!!
reseted!!!!!!!
reseted!!!!!!!
reseted!!!!!!!
reseted!!!!!!!
reseted!!!!!!!
reseted!!!!!!!
reseted!!!!!!!
reseted!!!!!!!
reseted!!!!!!!
reseted!!!!!!!
reseted!!!!!!!
reseted!!!!!!!
reseted!!!!!!!
reseted!!!!!!!
reseted!!!!!!!
reseted!!!!!!!
reseted!!!!!!!
reseted!!!!!!!
reseted!!!!!!!
reseted!!!!!!!
reseted!!!!!!!
reseted!!!!!!!
reseted!!!!!!!
reseted!!!!!!!
reseted!!!!!!!
reseted!!!!!!!
reseted!!!!!!!
reseted!!!!!!!
reseted!!!!!!!
reseted!!!!!!!
reseted!!!!!!!
reseted!!!!!!!
reseted!!!!!!!
reseted!!!!!!!
reseted!!!!!!!
reseted!!!!!!!
reseted!!!!!!!
reseted!!!!!!!
reseted!!!!!!!
reseted!!!!!!!
reseted!!!!!!!
reseted!!!!!!!
reseted!!!!!!!
reseted!!!!!!!
reseted!!!!!!!
reseted!!!!!!!
reseted!!!!!!!
reseted!!!!!!!
reseted!!!!!!!
reseted!!!!!!!
reseted!!!!!!!
reseted!!!!!!!
reseted!!!!!!!
reseted!!!!!!!
reseted!!!!!!!
reseted!!!!!!!
reseted!!!!!!!
reseted!!!!!!!
reseted!!!!!!!
reseted!!!!!!!
reseted!!!!!!!
reseted!!!!!!!
reseted!!!!!!!
reseted!!!!!!!
reseted!!!!!!!
reseted!!!!!!!
reseted!!!!!!!
reseted!!!!!!!
reseted!!!!!!!
reseted!!!!!!!
reseted!!!!!!!
reseted!!!!!!!
reseted!!!!!!!
reseted!!!!!!!
reseted!!!!!!!
reseted!!!!!!!
reseted!!!!!!!
reseted!!!!!!!
reseted!!!!!!!
reseted!!!!!!!
reseted!!!!!!!
reseted!!!!!!!
reseted!!!!!!!
reseted!!!!!!!
reseted!!!!!!!
reseted!!!!!!!
reseted!!!!!!!
reseted!!!!!!!
reseted!!!!!!!
reseted!!!!!!!
reseted!!!!!!!
reseted!!!!!!!
reseted!!!!!!!
reseted!!!!!!!
reseted!!!!!!!
reseted!!!!!!!
reseted!!!!!!!
reseted!!!!!!!
reseted!!!!!!!
reseted!!!!!!!
reseted!!!!!!!
reseted!!!!!!!
reseted!!!!!!!
reseted!!!!!!!
reseted!!!!!!!
reseted!!!!!!!
reseted!!!!!!!
reseted!!!!!!!
reseted!!!!!!!
reseted!!!!!!!
reseted!!!!!!!
reseted!!!!!!!
reseted!!!!!!!
reseted!!!!!!!
reseted!!!!!!!
reseted!!!!!!!
reseted!!!!!!!
reseted!!!!!!!
reseted!!!!!!!
reseted!!!!!!!
reseted!!!!!!!
reseted!!!!!!!
reseted!!!!!!!
reseted!!!!!!!
reseted!!!!!!!
reseted!!!!!!!
reseted!!!!!!!
reseted!!!!!!!
reseted!!!!!!!
reseted!!!!!!!
reseted!!!!!!!
reseted!!!!!!!
reseted!!!!!!!
reseted!!!!!!!
reseted!!!!!!!
reseted!!!!!!!
reseted!!!!!!!
reseted!!!!!!!
reseted!!!!!!!
reseted!!!!!!!
reseted!!!!!!!
reseted!!!!!!!
reseted!!!!!!!
reseted!!!!!!!
reseted!!!!!!!
reseted!!!!!!!
reseted!!!!!!!
reseted!!!!!!!
reseted!!!!!!!
reseted!!!!!!!
reseted!!!!!!!
reseted!!!!!!!
reseted!!!!!!!
reseted!!!!!!!
reseted!!!!!!!
reseted!!!!!!!
reseted!!!!!!!
reseted!!!!!!!
reseted!!!!!!!
reseted!!!!!!!
reseted!!!!!!!
reseted!!!!!!!
reseted!!!!!!!
reseted!!!!!!!
reseted!!!!!!!
reseted!!!!!!!
reseted!!!!!!!
reseted!!!!!!!
reseted!!!!!!!
reseted!!!!!!!
reseted!!!!!!!
reseted!!!!!!!
reseted!!!!!!!
reseted!!!!!!!
reseted!!!!!!!
reseted!!!!!!!
reseted!!!!!!!
reseted!!!!!!!
reseted!!!!!!!
reseted!!!!!!!
reseted!!!!!!!
reseted!!!!!!!
reseted!!!!!!!
reseted!!!!!!!
reseted!!!!!!!
reseted!!!!!!!
reseted!!!!!!!
reseted!!!!!!!
reseted!!!!!!!
reseted!!!!!!!
reseted!!!!!!!
reseted!!!!!!!
reseted!!!!!!!
reseted!!!!!!!
reseted!!!!!!!
reseted!!!!!!!
reseted!!!!!!!
reseted!!!!!!!
reseted!!!!!!!
reseted!!!!!!!
reseted!!!!!!!
reseted!!!!!!!
reseted!!!!!!!
reseted!!!!!!!
reseted!!!!!!!
reseted!!!!!!!
reseted!!!!!!!
reseted!!!!!!!
reseted!!!!!!!
reseted!!!!!!!
reseted!!!!!!!
reseted!!!!!!!
reseted!!!!!!!
reseted!!!!!!!
reseted!!!!!!!
reseted!!!!!!!
reseted!!!!!!!
reseted!!!!!!!
reseted!!!!!!!
reseted!!!!!!!
reseted!!!!!!!
reseted!!!!!!!
reseted!!!!!!!
reseted!!!!!!!
reseted!!!!!!!
reseted!!!!!!!
reseted!!!!!!!
reseted!!!!!!!
reseted!!!!!!!
reseted!!!!!!!
reseted!!!!!!!
reseted!!!!!!!
reseted!!!!!!!
reseted!!!!!!!
reseted!!!!!!!
reseted!!!!!!!
reseted!!!!!!!
reseted!!!!!!!
reseted!!!!!!!
reseted!!!!!!!
reseted!!!!!!!
reseted!!!!!!!
reseted!!!!!!!
reseted!!!!!!!
reseted!!!!!!!
reseted!!!!!!!
reseted!!!!!!!
reseted!!!!!!!
reseted!!!!!!!
reseted!!!!!!!
reseted!!!!!!!
reseted!!!!!!!
reseted!!!!!!!
reseted!!!!!!!
reseted!!!!!!!
reseted!!!!!!!
reseted!!!!!!!
reseted!!!!!!!
reseted!!!!!!!
reseted!!!!!!!
reseted!!!!!!!
reseted!!!!!!!
reseted!!!!!!!
reseted!!!!!!!
reseted!!!!!!!
reseted!!!!!!!
reseted!!!!!!!
reseted!!!!!!!
reseted!!!!!!!
reseted!!!!!!!
reseted!!!!!!!
reseted!!!!!!!
reseted!!!!!!!
reseted!!!!!!!
reseted!!!!!!!
reseted!!!!!!!
reseted!!!!!!!
reseted!!!!!!!
reseted!!!!!!!
reseted!!!!!!!
reseted!!!!!!!
reseted!!!!!!!
reseted!!!!!!!
reseted!!!!!!!
reseted!!!!!!!
reseted!!!!!!!
reseted!!!!!!!
reseted!!!!!!!
reseted!!!!!!!
reseted!!!!!!!
reseted!!!!!!!
reseted!!!!!!!
reseted!!!!!!!
reseted!!!!!!!
reseted!!!!!!!
reseted!!!!!!!
reseted!!!!!!!
reseted!!!!!!!
reseted!!!!!!!
reseted!!!!!!!
reseted!!!!!!!
reseted!!!!!!!
reseted!!!!!!!
reseted!!!!!!!
reseted!!!!!!!
reseted!!!!!!!
reseted!!!!!!!
reseted!!!!!!!
reseted!!!!!!!
reseted!!!!!!!
reseted!!!!!!!
reseted!!!!!!!
reseted!!!!!!!
reseted!!!!!!!
reseted!!!!!!!
reseted!!!!!!!
reseted!!!!!!!
reseted!!!!!!!
reseted!!!!!!!
reseted!!!!!!!
reseted!!!!!!!
reseted!!!!!!!
reseted!!!!!!!
reseted!!!!!!!
reseted!!!!!!!
reseted!!!!!!!
reseted!!!!!!!
reseted!!!!!!!
reseted!!!!!!!
reseted!!!!!!!
reseted!!!!!!!
reseted!!!!!!!
reseted!!!!!!!
reseted!!!!!!!
reseted!!!!!!!
reseted!!!!!!!
reseted!!!!!!!
reseted!!!!!!!
reseted!!!!!!!
reseted!!!!!!!
reseted!!!!!!!
reseted!!!!!!!
reseted!!!!!!!
reseted!!!!!!!
reseted!!!!!!!
reseted!!!!!!!
reseted!!!!!!!
reseted!!!!!!!
reseted!!!!!!!
reseted!!!!!!!
reseted!!!!!!!
reseted!!!!!!!
reseted!!!!!!!
reseted!!!!!!!
reseted!!!!!!!
reseted!!!!!!!
reseted!!!!!!!
reseted!!!!!!!
reseted!!!!!!!
reseted!!!!!!!
reseted!!!!!!!
reseted!!!!!!!
reseted!!!!!!!
reseted!!!!!!!
reseted!!!!!!!
reseted!!!!!!!
reseted!!!!!!!
reseted!!!!!!!
reseted!!!!!!!
reseted!!!!!!!
reseted!!!!!!!
reseted!!!!!!!
reseted!!!!!!!
reseted!!!!!!!
reseted!!!!!!!
reseted!!!!!!!
reseted!!!!!!!
reseted!!!!!!!
reseted!!!!!!!
reseted!!!!!!!
reseted!!!!!!!
reseted!!!!!!!
reseted!!!!!!!
reseted!!!!!!!
reseted!!!!!!!
reseted!!!!!!!
reseted!!!!!!!
reseted!!!!!!!
reseted!!!!!!!
reseted!!!!!!!
reseted!!!!!!!
reseted!!!!!!!
reseted!!!!!!!
reseted!!!!!!!
reseted!!!!!!!
reseted!!!!!!!
reseted!!!!!!!
reseted!!!!!!!
reseted!!!!!!!
reseted!!!!!!!
reseted!!!!!!!
reseted!!!!!!!
reseted!!!!!!!
reseted!!!!!!!
reseted!!!!!!!
reseted!!!!!!!
reseted!!!!!!!
reseted!!!!!!!
reseted!!!!!!!
reseted!!!!!!!
reseted!!!!!!!
reseted!!!!!!!
reseted!!!!!!!
reseted!!!!!!!
reseted!!!!!!!
reseted!!!!!!!
reseted!!!!!!!
reseted!!!!!!!
reseted!!!!!!!
reseted!!!!!!!
reseted!!!!!!!
reseted!!!!!!!
reseted!!!!!!!
reseted!!!!!!!
reseted!!!!!!!
reseted!!!!!!!
reseted!!!!!!!
reseted!!!!!!!
reseted!!!!!!!
reseted!!!!!!!
reseted!!!!!!!
reseted!!!!!!!
reseted!!!!!!!
reseted!!!!!!!
reseted!!!!!!!
reseted!!!!!!!
reseted!!!!!!!
reseted!!!!!!!
reseted!!!!!!!
reseted!!!!!!!
reseted!!!!!!!
reseted!!!!!!!
reseted!!!!!!!
reseted!!!!!!!
reseted!!!!!!!
reseted!!!!!!!
reseted!!!!!!!
reseted!!!!!!!
reseted!!!!!!!
reseted!!!!!!!
reseted!!!!!!!
reseted!!!!!!!
reseted!!!!!!!
reseted!!!!!!!
reseted!!!!!!!
reseted!!!!!!!
reseted!!!!!!!
reseted!!!!!!!
reseted!!!!!!!
reseted!!!!!!!
reseted!!!!!!!
reseted!!!!!!!
reseted!!!!!!!
reseted!!!!!!!
reseted!!!!!!!
reseted!!!!!!!
reseted!!!!!!!
reseted!!!!!!!
reseted!!!!!!!
reseted!!!!!!!
reseted!!!!!!!
reseted!!!!!!!
reseted!!!!!!!
reseted!!!!!!!
reseted!!!!!!!
reseted!!!!!!!
reseted!!!!!!!
reseted!!!!!!!
reseted!!!!!!!
reseted!!!!!!!
reseted!!!!!!!
reseted!!!!!!!
reseted!!!!!!!
reseted!!!!!!!
reseted!!!!!!!
reseted!!!!!!!
reseted!!!!!!!
reseted!!!!!!!
reseted!!!!!!!
reseted!!!!!!!
reseted!!!!!!!
reseted!!!!!!!
reseted!!!!!!!
reseted!!!!!!!
reseted!!!!!!!
reseted!!!!!!!
reseted!!!!!!!
reseted!!!!!!!
reseted!!!!!!!
reseted!!!!!!!
reseted!!!!!!!
reseted!!!!!!!
reseted!!!!!!!
reseted!!!!!!!
reseted!!!!!!!
reseted!!!!!!!
reseted!!!!!!!
reseted!!!!!!!
reseted!!!!!!!
reseted!!!!!!!
reseted!!!!!!!
reseted!!!!!!!
reseted!!!!!!!
reseted!!!!!!!
reseted!!!!!!!
reseted!!!!!!!
reseted!!!!!!!
reseted!!!!!!!
reseted!!!!!!!
reseted!!!!!!!
reseted!!!!!!!
reseted!!!!!!!
reseted!!!!!!!
reseted!!!!!!!
reseted!!!!!!!
reseted!!!!!!!
reseted!!!!!!!
reseted!!!!!!!
reseted!!!!!!!
reseted!!!!!!!
reseted!!!!!!!
reseted!!!!!!!
reseted!!!!!!!
reseted!!!!!!!
reseted!!!!!!!
reseted!!!!!!!
reseted!!!!!!!
reseted!!!!!!!
reseted!!!!!!!
reseted!!!!!!!
reseted!!!!!!!
reseted!!!!!!!
reseted!!!!!!!
reseted!!!!!!!
reseted!!!!!!!
reseted!!!!!!!
reseted!!!!!!!
reseted!!!!!!!
reseted!!!!!!!
reseted!!!!!!!
reseted!!!!!!!
reseted!!!!!!!
reseted!!!!!!!
reseted!!!!!!!
reseted!!!!!!!
reseted!!!!!!!
reseted!!!!!!!
reseted!!!!!!!
reseted!!!!!!!
reseted!!!!!!!
reseted!!!!!!!
reseted!!!!!!!
reseted!!!!!!!
reseted!!!!!!!
reseted!!!!!!!
reseted!!!!!!!
reseted!!!!!!!
reseted!!!!!!!
reseted!!!!!!!
reseted!!!!!!!
reseted!!!!!!!
reseted!!!!!!!
reseted!!!!!!!
reseted!!!!!!!
reseted!!!!!!!
reseted!!!!!!!
reseted!!!!!!!
reseted!!!!!!!
reseted!!!!!!!
reseted!!!!!!!
reseted!!!!!!!
reseted!!!!!!!
reseted!!!!!!!
reseted!!!!!!!
reseted!!!!!!!
reseted!!!!!!!
reseted!!!!!!!
reseted!!!!!!!
reseted!!!!!!!
reseted!!!!!!!
reseted!!!!!!!
reseted!!!!!!!
reseted!!!!!!!
reseted!!!!!!!
reseted!!!!!!!
reseted!!!!!!!
reseted!!!!!!!
reseted!!!!!!!
reseted!!!!!!!
reseted!!!!!!!
reseted!!!!!!!
reseted!!!!!!!
reseted!!!!!!!
reseted!!!!!!!
reseted!!!!!!!
reseted!!!!!!!
reseted!!!!!!!
reseted!!!!!!!
reseted!!!!!!!
reseted!!!!!!!
reseted!!!!!!!
reseted!!!!!!!
reseted!!!!!!!
reseted!!!!!!!
reseted!!!!!!!
reseted!!!!!!!
reseted!!!!!!!
reseted!!!!!!!
reseted!!!!!!!
reseted!!!!!!!
reseted!!!!!!!
reseted!!!!!!!
reseted!!!!!!!
reseted!!!!!!!
reseted!!!!!!!
reseted!!!!!!!
reseted!!!!!!!
reseted!!!!!!!
reseted!!!!!!!
reseted!!!!!!!
reseted!!!!!!!
reseted!!!!!!!
reseted!!!!!!!
reseted!!!!!!!
reseted!!!!!!!
reseted!!!!!!!
reseted!!!!!!!
reseted!!!!!!!
reseted!!!!!!!
reseted!!!!!!!
reseted!!!!!!!
reseted!!!!!!!
reseted!!!!!!!
reseted!!!!!!!
reseted!!!!!!!
reseted!!!!!!!
reseted!!!!!!!
reseted!!!!!!!
reseted!!!!!!!
reseted!!!!!!!
reseted!!!!!!!
reseted!!!!!!!
reseted!!!!!!!
reseted!!!!!!!
reseted!!!!!!!
reseted!!!!!!!
reseted!!!!!!!
reseted!!!!!!!
reseted!!!!!!!
reseted!!!!!!!
reseted!!!!!!!
reseted!!!!!!!
reseted!!!!!!!
reseted!!!!!!!
reseted!!!!!!!
reseted!!!!!!!
reseted!!!!!!!
reseted!!!!!!!
reseted!!!!!!!
reseted!!!!!!!
reseted!!!!!!!
reseted!!!!!!!
reseted!!!!!!!
reseted!!!!!!!
reseted!!!!!!!
reseted!!!!!!!
reseted!!!!!!!
reseted!!!!!!!
reseted!!!!!!!
reseted!!!!!!!
reseted!!!!!!!
reseted!!!!!!!
reseted!!!!!!!
reseted!!!!!!!
reseted!!!!!!!
reseted!!!!!!!
reseted!!!!!!!
reseted!!!!!!!
reseted!!!!!!!
reseted!!!!!!!
reseted!!!!!!!
reseted!!!!!!!
reseted!!!!!!!
reseted!!!!!!!
reseted!!!!!!!
reseted!!!!!!!
reseted!!!!!!!
reseted!!!!!!!
reseted!!!!!!!
reseted!!!!!!!
reseted!!!!!!!
reseted!!!!!!!
reseted!!!!!!!
reseted!!!!!!!
reseted!!!!!!!
reseted!!!!!!!
reseted!!!!!!!
reseted!!!!!!!
reseted!!!!!!!
reseted!!!!!!!
reseted!!!!!!!
reseted!!!!!!!
reseted!!!!!!!
reseted!!!!!!!
reseted!!!!!!!
reseted!!!!!!!
reseted!!!!!!!
reseted!!!!!!!
reseted!!!!!!!
reseted!!!!!!!
reseted!!!!!!!
reseted!!!!!!!
reseted!!!!!!!
reseted!!!!!!!
reseted!!!!!!!
reseted!!!!!!!
reseted!!!!!!!
reseted!!!!!!!
reseted!!!!!!!
reseted!!!!!!!
reseted!!!!!!!
reseted!!!!!!!
reseted!!!!!!!
reseted!!!!!!!
reseted!!!!!!!
reseted!!!!!!!
reseted!!!!!!!
reseted!!!!!!!
reseted!!!!!!!
reseted!!!!!!!
reseted!!!!!!!
reseted!!!!!!!
reseted!!!!!!!
reseted!!!!!!!
reseted!!!!!!!
reseted!!!!!!!
reseted!!!!!!!
reseted!!!!!!!
reseted!!!!!!!
reseted!!!!!!!
reseted!!!!!!!
reseted!!!!!!!
reseted!!!!!!!
reseted!!!!!!!
reseted!!!!!!!
reseted!!!!!!!
reseted!!!!!!!
reseted!!!!!!!
reseted!!!!!!!
reseted!!!!!!!
reseted!!!!!!!
reseted!!!!!!!
reseted!!!!!!!
reseted!!!!!!!
reseted!!!!!!!
reseted!!!!!!!
reseted!!!!!!!
reseted!!!!!!!
reseted!!!!!!!
reseted!!!!!!!
reseted!!!!!!!
reseted!!!!!!!
reseted!!!!!!!
reseted!!!!!!!
reseted!!!!!!!
reseted!!!!!!!
reseted!!!!!!!
reseted!!!!!!!
reseted!!!!!!!
reseted!!!!!!!
reseted!!!!!!!
reseted!!!!!!!
reseted!!!!!!!
reseted!!!!!!!
reseted!!!!!!!
reseted!!!!!!!
reseted!!!!!!!
reseted!!!!!!!
reseted!!!!!!!
reseted!!!!!!!
reseted!!!!!!!
reseted!!!!!!!
reseted!!!!!!!
reseted!!!!!!!
reseted!!!!!!!
reseted!!!!!!!
reseted!!!!!!!
reseted!!!!!!!
reseted!!!!!!!
reseted!!!!!!!
reseted!!!!!!!
reseted!!!!!!!
reseted!!!!!!!
reseted!!!!!!!
reseted!!!!!!!
reseted!!!!!!!
reseted!!!!!!!
reseted!!!!!!!
reseted!!!!!!!
reseted!!!!!!!
reseted!!!!!!!
reseted!!!!!!!
reseted!!!!!!!
reseted!!!!!!!
reseted!!!!!!!
reseted!!!!!!!
reseted!!!!!!!
reseted!!!!!!!
reseted!!!!!!!
reseted!!!!!!!
reseted!!!!!!!
reseted!!!!!!!
reseted!!!!!!!
reseted!!!!!!!
reseted!!!!!!!
reseted!!!!!!!
reseted!!!!!!!
reseted!!!!!!!
reseted!!!!!!!
reseted!!!!!!!
reseted!!!!!!!
reseted!!!!!!!
reseted!!!!!!!
reseted!!!!!!!
reseted!!!!!!!
reseted!!!!!!!
reseted!!!!!!!
reseted!!!!!!!
reseted!!!!!!!
reseted!!!!!!!
reseted!!!!!!!
reseted!!!!!!!
reseted!!!!!!!
reseted!!!!!!!
reseted!!!!!!!
reseted!!!!!!!
reseted!!!!!!!
reseted!!!!!!!
reseted!!!!!!!
reseted!!!!!!!
reseted!!!!!!!
reseted!!!!!!!
reseted!!!!!!!
reseted!!!!!!!
reseted!!!!!!!
reseted!!!!!!!
reseted!!!!!!!
reseted!!!!!!!
reseted!!!!!!!
reseted!!!!!!!
reseted!!!!!!!
reseted!!!!!!!
reseted!!!!!!!
reseted!!!!!!!
reseted!!!!!!!
reseted!!!!!!!
reseted!!!!!!!
reseted!!!!!!!
reseted!!!!!!!
reseted!!!!!!!
reseted!!!!!!!
reseted!!!!!!!
reseted!!!!!!!
reseted!!!!!!!
reseted!!!!!!!
reseted!!!!!!!
reseted!!!!!!!
reseted!!!!!!!
reseted!!!!!!!
reseted!!!!!!!
reseted!!!!!!!
reseted!!!!!!!
reseted!!!!!!!
reseted!!!!!!!
reseted!!!!!!!
reseted!!!!!!!
reseted!!!!!!!
reseted!!!!!!!
reseted!!!!!!!
reseted!!!!!!!
reseted!!!!!!!
reseted!!!!!!!
reseted!!!!!!!
reseted!!!!!!!
reseted!!!!!!!
reseted!!!!!!!
reseted!!!!!!!
reseted!!!!!!!
reseted!!!!!!!
reseted!!!!!!!
reseted!!!!!!!
reseted!!!!!!!
reseted!!!!!!!
reseted!!!!!!!
reseted!!!!!!!
reseted!!!!!!!
reseted!!!!!!!
reseted!!!!!!!
reseted!!!!!!!
reseted!!!!!!!
reseted!!!!!!!
reseted!!!!!!!
reseted!!!!!!!
reseted!!!!!!!
reseted!!!!!!!reseted!!!!!!!

reseted!!!!!!!
reseted!!!!!!!
reseted!!!!!!!
reseted!!!!!!!
reseted!!!!!!!
reseted!!!!!!!
reseted!!!!!!!
reseted!!!!!!!
reseted!!!!!!!
reseted!!!!!!!
reseted!!!!!!!
reseted!!!!!!!
reseted!!!!!!!
reseted!!!!!!!
reseted!!!!!!!
reseted!!!!!!!
reseted!!!!!!!
reseted!!!!!!!
reseted!!!!!!!
reseted!!!!!!!
reseted!!!!!!!
reseted!!!!!!!
reseted!!!!!!!
reseted!!!!!!!
reseted!!!!!!!
reseted!!!!!!!
reseted!!!!!!!
reseted!!!!!!!
reseted!!!!!!!
reseted!!!!!!!
reseted!!!!!!!
reseted!!!!!!!
reseted!!!!!!!
reseted!!!!!!!
reseted!!!!!!!
reseted!!!!!!!
reseted!!!!!!!
reseted!!!!!!!
reseted!!!!!!!
reseted!!!!!!!
reseted!!!!!!!
reseted!!!!!!!
reseted!!!!!!!
reseted!!!!!!!
reseted!!!!!!!
reseted!!!!!!!
reseted!!!!!!!
reseted!!!!!!!
reseted!!!!!!!
reseted!!!!!!!
reseted!!!!!!!
reseted!!!!!!!
reseted!!!!!!!
reseted!!!!!!!
reseted!!!!!!!
reseted!!!!!!!
reseted!!!!!!!
reseted!!!!!!!
reseted!!!!!!!
reseted!!!!!!!
reseted!!!!!!!
reseted!!!!!!!
reseted!!!!!!!
reseted!!!!!!!
reseted!!!!!!!
reseted!!!!!!!
reseted!!!!!!!
reseted!!!!!!!
reseted!!!!!!!
reseted!!!!!!!
reseted!!!!!!!
reseted!!!!!!!
reseted!!!!!!!
reseted!!!!!!!
reseted!!!!!!!
reseted!!!!!!!
reseted!!!!!!!
reseted!!!!!!!
reseted!!!!!!!
reseted!!!!!!!
reseted!!!!!!!
reseted!!!!!!!
reseted!!!!!!!
reseted!!!!!!!
reseted!!!!!!!
reseted!!!!!!!
reseted!!!!!!!
reseted!!!!!!!
reseted!!!!!!!
reseted!!!!!!!
reseted!!!!!!!
reseted!!!!!!!
reseted!!!!!!!
reseted!!!!!!!
reseted!!!!!!!
reseted!!!!!!!
reseted!!!!!!!
reseted!!!!!!!
reseted!!!!!!!
reseted!!!!!!!
reseted!!!!!!!
reseted!!!!!!!
reseted!!!!!!!
reseted!!!!!!!
reseted!!!!!!!
reseted!!!!!!!
reseted!!!!!!!
reseted!!!!!!!
reseted!!!!!!!
reseted!!!!!!!
reseted!!!!!!!
reseted!!!!!!!
reseted!!!!!!!
reseted!!!!!!!
reseted!!!!!!!
reseted!!!!!!!
reseted!!!!!!!
reseted!!!!!!!
reseted!!!!!!!
reseted!!!!!!!
reseted!!!!!!!
reseted!!!!!!!
reseted!!!!!!!
reseted!!!!!!!
reseted!!!!!!!
reseted!!!!!!!
reseted!!!!!!!
reseted!!!!!!!
reseted!!!!!!!
reseted!!!!!!!
reseted!!!!!!!
reseted!!!!!!!
reseted!!!!!!!
reseted!!!!!!!
reseted!!!!!!!
reseted!!!!!!!
reseted!!!!!!!
reseted!!!!!!!
reseted!!!!!!!
reseted!!!!!!!
reseted!!!!!!!
reseted!!!!!!!
reseted!!!!!!!
reseted!!!!!!!
reseted!!!!!!!
reseted!!!!!!!
reseted!!!!!!!
reseted!!!!!!!
reseted!!!!!!!
reseted!!!!!!!
reseted!!!!!!!
reseted!!!!!!!
reseted!!!!!!!
reseted!!!!!!!
reseted!!!!!!!
reseted!!!!!!!
reseted!!!!!!!
reseted!!!!!!!
reseted!!!!!!!
reseted!!!!!!!
reseted!!!!!!!
reseted!!!!!!!
reseted!!!!!!!reseted!!!!!!!

reseted!!!!!!!
reseted!!!!!!!
reseted!!!!!!!
reseted!!!!!!!
reseted!!!!!!!
reseted!!!!!!!
reseted!!!!!!!
reseted!!!!!!!
reseted!!!!!!!
reseted!!!!!!!
reseted!!!!!!!
reseted!!!!!!!
reseted!!!!!!!
reseted!!!!!!!
reseted!!!!!!!
reseted!!!!!!!
reseted!!!!!!!
reseted!!!!!!!
reseted!!!!!!!
reseted!!!!!!!
reseted!!!!!!!
reseted!!!!!!!
reseted!!!!!!!
reseted!!!!!!!
reseted!!!!!!!
reseted!!!!!!!
reseted!!!!!!!
reseted!!!!!!!
reseted!!!!!!!
reseted!!!!!!!
reseted!!!!!!!
reseted!!!!!!!
reseted!!!!!!!
reseted!!!!!!!
reseted!!!!!!!
reseted!!!!!!!
reseted!!!!!!!
reseted!!!!!!!
reseted!!!!!!!
reseted!!!!!!!
reseted!!!!!!!
reseted!!!!!!!
reseted!!!!!!!
reseted!!!!!!!
reseted!!!!!!!
reseted!!!!!!!
reseted!!!!!!!
reseted!!!!!!!
reseted!!!!!!!
reseted!!!!!!!
reseted!!!!!!!
reseted!!!!!!!
reseted!!!!!!!
reseted!!!!!!!
reseted!!!!!!!
reseted!!!!!!!
reseted!!!!!!!
reseted!!!!!!!
reseted!!!!!!!
reseted!!!!!!!
reseted!!!!!!!
reseted!!!!!!!
reseted!!!!!!!
reseted!!!!!!!
reseted!!!!!!!
reseted!!!!!!!
reseted!!!!!!!
reseted!!!!!!!
reseted!!!!!!!
reseted!!!!!!!
reseted!!!!!!!
reseted!!!!!!!
reseted!!!!!!!
reseted!!!!!!!
reseted!!!!!!!
reseted!!!!!!!
reseted!!!!!!!
reseted!!!!!!!
reseted!!!!!!!
reseted!!!!!!!
reseted!!!!!!!
reseted!!!!!!!
reseted!!!!!!!
reseted!!!!!!!
reseted!!!!!!!
reseted!!!!!!!
reseted!!!!!!!
reseted!!!!!!!
reseted!!!!!!!
reseted!!!!!!!
reseted!!!!!!!
reseted!!!!!!!
reseted!!!!!!!
reseted!!!!!!!
reseted!!!!!!!
reseted!!!!!!!
reseted!!!!!!!
reseted!!!!!!!
reseted!!!!!!!
reseted!!!!!!!
reseted!!!!!!!
reseted!!!!!!!
reseted!!!!!!!
reseted!!!!!!!
reseted!!!!!!!
reseted!!!!!!!
reseted!!!!!!!
reseted!!!!!!!
reseted!!!!!!!
reseted!!!!!!!
reseted!!!!!!!
reseted!!!!!!!
reseted!!!!!!!
reseted!!!!!!!
reseted!!!!!!!
reseted!!!!!!!
reseted!!!!!!!
reseted!!!!!!!
reseted!!!!!!!
reseted!!!!!!!
reseted!!!!!!!
reseted!!!!!!!
reseted!!!!!!!
reseted!!!!!!!
reseted!!!!!!!
reseted!!!!!!!
reseted!!!!!!!
reseted!!!!!!!
reseted!!!!!!!
reseted!!!!!!!
reseted!!!!!!!
reseted!!!!!!!
reseted!!!!!!!
reseted!!!!!!!
reseted!!!!!!!
reseted!!!!!!!
reseted!!!!!!!
reseted!!!!!!!
reseted!!!!!!!
reseted!!!!!!!
reseted!!!!!!!
reseted!!!!!!!
reseted!!!!!!!
reseted!!!!!!!
reseted!!!!!!!
reseted!!!!!!!
reseted!!!!!!!
reseted!!!!!!!
reseted!!!!!!!
reseted!!!!!!!
reseted!!!!!!!
reseted!!!!!!!
reseted!!!!!!!
reseted!!!!!!!
reseted!!!!!!!
reseted!!!!!!!
reseted!!!!!!!
reseted!!!!!!!
reseted!!!!!!!
reseted!!!!!!!
reseted!!!!!!!
reseted!!!!!!!
reseted!!!!!!!
reseted!!!!!!!
reseted!!!!!!!
reseted!!!!!!!
reseted!!!!!!!
reseted!!!!!!!
reseted!!!!!!!
reseted!!!!!!!
reseted!!!!!!!
reseted!!!!!!!
reseted!!!!!!!
reseted!!!!!!!
reseted!!!!!!!
reseted!!!!!!!
reseted!!!!!!!
reseted!!!!!!!
reseted!!!!!!!
reseted!!!!!!!
reseted!!!!!!!
reseted!!!!!!!
reseted!!!!!!!
reseted!!!!!!!
reseted!!!!!!!
reseted!!!!!!!
reseted!!!!!!!
reseted!!!!!!!
reseted!!!!!!!
reseted!!!!!!!
reseted!!!!!!!
reseted!!!!!!!
reseted!!!!!!!
reseted!!!!!!!
reseted!!!!!!!
reseted!!!!!!!
reseted!!!!!!!
reseted!!!!!!!
reseted!!!!!!!
reseted!!!!!!!
reseted!!!!!!!
reseted!!!!!!!
reseted!!!!!!!
reseted!!!!!!!
reseted!!!!!!!
reseted!!!!!!!
reseted!!!!!!!
reseted!!!!!!!
reseted!!!!!!!
reseted!!!!!!!
reseted!!!!!!!
reseted!!!!!!!
reseted!!!!!!!
reseted!!!!!!!
reseted!!!!!!!
reseted!!!!!!!
reseted!!!!!!!
reseted!!!!!!!
reseted!!!!!!!
reseted!!!!!!!
reseted!!!!!!!
reseted!!!!!!!
reseted!!!!!!!
reseted!!!!!!!
reseted!!!!!!!
reseted!!!!!!!
reseted!!!!!!!
reseted!!!!!!!
reseted!!!!!!!
reseted!!!!!!!
reseted!!!!!!!
reseted!!!!!!!
reseted!!!!!!!
reseted!!!!!!!
reseted!!!!!!!
reseted!!!!!!!
reseted!!!!!!!
reseted!!!!!!!
reseted!!!!!!!
reseted!!!!!!!
reseted!!!!!!!
reseted!!!!!!!
reseted!!!!!!!
reseted!!!!!!!
reseted!!!!!!!
reseted!!!!!!!
reseted!!!!!!!
reseted!!!!!!!
reseted!!!!!!!
reseted!!!!!!!
reseted!!!!!!!
reseted!!!!!!!
reseted!!!!!!!
reseted!!!!!!!
reseted!!!!!!!
reseted!!!!!!!
reseted!!!!!!!
reseted!!!!!!!
reseted!!!!!!!
reseted!!!!!!!
reseted!!!!!!!
reseted!!!!!!!
reseted!!!!!!!
reseted!!!!!!!
reseted!!!!!!!
reseted!!!!!!!
reseted!!!!!!!
reseted!!!!!!!
reseted!!!!!!!
reseted!!!!!!!
reseted!!!!!!!
reseted!!!!!!!
reseted!!!!!!!
reseted!!!!!!!
reseted!!!!!!!
reseted!!!!!!!
reseted!!!!!!!
reseted!!!!!!!
reseted!!!!!!!
reseted!!!!!!!
reseted!!!!!!!
reseted!!!!!!!
reseted!!!!!!!
reseted!!!!!!!
reseted!!!!!!!
reseted!!!!!!!
reseted!!!!!!!
reseted!!!!!!!
reseted!!!!!!!
reseted!!!!!!!
reseted!!!!!!!
reseted!!!!!!!
reseted!!!!!!!
reseted!!!!!!!
reseted!!!!!!!
reseted!!!!!!!
reseted!!!!!!!
reseted!!!!!!!
reseted!!!!!!!
reseted!!!!!!!
reseted!!!!!!!
reseted!!!!!!!
reseted!!!!!!!
reseted!!!!!!!
reseted!!!!!!!
reseted!!!!!!!
reseted!!!!!!!
reseted!!!!!!!
reseted!!!!!!!
reseted!!!!!!!
reseted!!!!!!!
reseted!!!!!!!
reseted!!!!!!!
reseted!!!!!!!
reseted!!!!!!!
reseted!!!!!!!
reseted!!!!!!!
reseted!!!!!!!
reseted!!!!!!!
reseted!!!!!!!
reseted!!!!!!!
reseted!!!!!!!
reseted!!!!!!!
reseted!!!!!!!
reseted!!!!!!!
reseted!!!!!!!
reseted!!!!!!!
reseted!!!!!!!
reseted!!!!!!!
reseted!!!!!!!
reseted!!!!!!!
reseted!!!!!!!
reseted!!!!!!!
reseted!!!!!!!
reseted!!!!!!!
reseted!!!!!!!
reseted!!!!!!!
reseted!!!!!!!
reseted!!!!!!!
reseted!!!!!!!
reseted!!!!!!!
reseted!!!!!!!
reseted!!!!!!!
reseted!!!!!!!
reseted!!!!!!!
reseted!!!!!!!
reseted!!!!!!!
reseted!!!!!!!
reseted!!!!!!!
reseted!!!!!!!
reseted!!!!!!!
reseted!!!!!!!
reseted!!!!!!!
reseted!!!!!!!
reseted!!!!!!!
reseted!!!!!!!
reseted!!!!!!!
reseted!!!!!!!
reseted!!!!!!!
reseted!!!!!!!
reseted!!!!!!!
reseted!!!!!!!
reseted!!!!!!!
reseted!!!!!!!
reseted!!!!!!!
reseted!!!!!!!
reseted!!!!!!!
reseted!!!!!!!
reseted!!!!!!!
reseted!!!!!!!
reseted!!!!!!!
reseted!!!!!!!
reseted!!!!!!!
reseted!!!!!!!
reseted!!!!!!!
reseted!!!!!!!
reseted!!!!!!!
reseted!!!!!!!
reseted!!!!!!!
reseted!!!!!!!
reseted!!!!!!!
reseted!!!!!!!
reseted!!!!!!!
reseted!!!!!!!
reseted!!!!!!!
reseted!!!!!!!
reseted!!!!!!!
reseted!!!!!!!
reseted!!!!!!!
reseted!!!!!!!
reseted!!!!!!!
reseted!!!!!!!
reseted!!!!!!!
reseted!!!!!!!
reseted!!!!!!!
reseted!!!!!!!
reseted!!!!!!!
reseted!!!!!!!
reseted!!!!!!!
reseted!!!!!!!
reseted!!!!!!!
reseted!!!!!!!
reseted!!!!!!!
reseted!!!!!!!
reseted!!!!!!!
reseted!!!!!!!
reseted!!!!!!!
reseted!!!!!!!
reseted!!!!!!!
reseted!!!!!!!
reseted!!!!!!!
reseted!!!!!!!
reseted!!!!!!!
reseted!!!!!!!
reseted!!!!!!!
reseted!!!!!!!
reseted!!!!!!!
reseted!!!!!!!
reseted!!!!!!!
reseted!!!!!!!
reseted!!!!!!!
reseted!!!!!!!
reseted!!!!!!!
reseted!!!!!!!
reseted!!!!!!!
reseted!!!!!!!
reseted!!!!!!!
reseted!!!!!!!
reseted!!!!!!!
reseted!!!!!!!
reseted!!!!!!!
reseted!!!!!!!
reseted!!!!!!!
reseted!!!!!!!
reseted!!!!!!!
reseted!!!!!!!
reseted!!!!!!!
reseted!!!!!!!
reseted!!!!!!!
reseted!!!!!!!
reseted!!!!!!!
reseted!!!!!!!
reseted!!!!!!!
reseted!!!!!!!
reseted!!!!!!!
reseted!!!!!!!
reseted!!!!!!!
reseted!!!!!!!
reseted!!!!!!!
reseted!!!!!!!
reseted!!!!!!!
reseted!!!!!!!
reseted!!!!!!!
reseted!!!!!!!
reseted!!!!!!!
reseted!!!!!!!
reseted!!!!!!!
reseted!!!!!!!
reseted!!!!!!!
reseted!!!!!!!
reseted!!!!!!!
reseted!!!!!!!
reseted!!!!!!!
reseted!!!!!!!
reseted!!!!!!!
reseted!!!!!!!
reseted!!!!!!!
reseted!!!!!!!
reseted!!!!!!!
reseted!!!!!!!
reseted!!!!!!!
reseted!!!!!!!
reseted!!!!!!!
reseted!!!!!!!
reseted!!!!!!!
reseted!!!!!!!
reseted!!!!!!!
reseted!!!!!!!
reseted!!!!!!!
reseted!!!!!!!
reseted!!!!!!!
reseted!!!!!!!
reseted!!!!!!!
reseted!!!!!!!
reseted!!!!!!!
reseted!!!!!!!
reseted!!!!!!!
reseted!!!!!!!
reseted!!!!!!!
reseted!!!!!!!
reseted!!!!!!!
reseted!!!!!!!
reseted!!!!!!!
reseted!!!!!!!
reseted!!!!!!!
reseted!!!!!!!
reseted!!!!!!!
reseted!!!!!!!
reseted!!!!!!!
reseted!!!!!!!
reseted!!!!!!!
reseted!!!!!!!
reseted!!!!!!!
reseted!!!!!!!
reseted!!!!!!!
reseted!!!!!!!
reseted!!!!!!!
reseted!!!!!!!
reseted!!!!!!!
reseted!!!!!!!
reseted!!!!!!!
reseted!!!!!!!
reseted!!!!!!!
reseted!!!!!!!
reseted!!!!!!!
reseted!!!!!!!
reseted!!!!!!!
reseted!!!!!!!
reseted!!!!!!!
reseted!!!!!!!
reseted!!!!!!!
reseted!!!!!!!
reseted!!!!!!!
reseted!!!!!!!
reseted!!!!!!!
reseted!!!!!!!
reseted!!!!!!!
reseted!!!!!!!
reseted!!!!!!!
reseted!!!!!!!
reseted!!!!!!!
reseted!!!!!!!
reseted!!!!!!!
reseted!!!!!!!
reseted!!!!!!!
reseted!!!!!!!
reseted!!!!!!!
reseted!!!!!!!
reseted!!!!!!!
reseted!!!!!!!
reseted!!!!!!!
reseted!!!!!!!
reseted!!!!!!!
reseted!!!!!!!
reseted!!!!!!!
reseted!!!!!!!
reseted!!!!!!!
reseted!!!!!!!
reseted!!!!!!!
reseted!!!!!!!
reseted!!!!!!!
reseted!!!!!!!
reseted!!!!!!!
reseted!!!!!!!
reseted!!!!!!!
reseted!!!!!!!
reseted!!!!!!!
reseted!!!!!!!
reseted!!!!!!!
reseted!!!!!!!
reseted!!!!!!!
reseted!!!!!!!
reseted!!!!!!!
reseted!!!!!!!
reseted!!!!!!!
reseted!!!!!!!
reseted!!!!!!!
reseted!!!!!!!
reseted!!!!!!!
reseted!!!!!!!
reseted!!!!!!!
reseted!!!!!!!
reseted!!!!!!!
reseted!!!!!!!
reseted!!!!!!!
reseted!!!!!!!
reseted!!!!!!!
reseted!!!!!!!
reseted!!!!!!!
reseted!!!!!!!
reseted!!!!!!!
reseted!!!!!!!
reseted!!!!!!!
reseted!!!!!!!
reseted!!!!!!!
reseted!!!!!!!
reseted!!!!!!!
reseted!!!!!!!
reseted!!!!!!!
reseted!!!!!!!
reseted!!!!!!!
reseted!!!!!!!
reseted!!!!!!!
reseted!!!!!!!
reseted!!!!!!!
reseted!!!!!!!
reseted!!!!!!!
reseted!!!!!!!
reseted!!!!!!!
reseted!!!!!!!
reseted!!!!!!!
reseted!!!!!!!
reseted!!!!!!!
reseted!!!!!!!
reseted!!!!!!!
reseted!!!!!!!
reseted!!!!!!!
reseted!!!!!!!
reseted!!!!!!!
reseted!!!!!!!
reseted!!!!!!!
reseted!!!!!!!
reseted!!!!!!!
reseted!!!!!!!
reseted!!!!!!!
reseted!!!!!!!
reseted!!!!!!!
reseted!!!!!!!
reseted!!!!!!!
reseted!!!!!!!
reseted!!!!!!!
reseted!!!!!!!
reseted!!!!!!!
reseted!!!!!!!
reseted!!!!!!!
reseted!!!!!!!
reseted!!!!!!!
reseted!!!!!!!
reseted!!!!!!!
reseted!!!!!!!
reseted!!!!!!!
reseted!!!!!!!
reseted!!!!!!!
reseted!!!!!!!
reseted!!!!!!!
reseted!!!!!!!
reseted!!!!!!!
reseted!!!!!!!
reseted!!!!!!!
reseted!!!!!!!
reseted!!!!!!!
reseted!!!!!!!
reseted!!!!!!!
reseted!!!!!!!
reseted!!!!!!!
reseted!!!!!!!
reseted!!!!!!!
reseted!!!!!!!
reseted!!!!!!!
reseted!!!!!!!
reseted!!!!!!!
reseted!!!!!!!
reseted!!!!!!!
reseted!!!!!!!
reseted!!!!!!!
reseted!!!!!!!
reseted!!!!!!!
reseted!!!!!!!
reseted!!!!!!!
reseted!!!!!!!
reseted!!!!!!!
reseted!!!!!!!
reseted!!!!!!!
reseted!!!!!!!
reseted!!!!!!!
reseted!!!!!!!
reseted!!!!!!!
reseted!!!!!!!
reseted!!!!!!!
reseted!!!!!!!
reseted!!!!!!!
reseted!!!!!!!
reseted!!!!!!!
reseted!!!!!!!
reseted!!!!!!!
reseted!!!!!!!
reseted!!!!!!!
reseted!!!!!!!
reseted!!!!!!!
reseted!!!!!!!
reseted!!!!!!!
reseted!!!!!!!
reseted!!!!!!!
reseted!!!!!!!
reseted!!!!!!!
reseted!!!!!!!
reseted!!!!!!!
reseted!!!!!!!
reseted!!!!!!!
reseted!!!!!!!
reseted!!!!!!!
reseted!!!!!!!
reseted!!!!!!!
reseted!!!!!!!
reseted!!!!!!!
reseted!!!!!!!
reseted!!!!!!!
reseted!!!!!!!
reseted!!!!!!!
reseted!!!!!!!
reseted!!!!!!!
reseted!!!!!!!
reseted!!!!!!!
reseted!!!!!!!
reseted!!!!!!!
reseted!!!!!!!
reseted!!!!!!!
reseted!!!!!!!
reseted!!!!!!!
reseted!!!!!!!
reseted!!!!!!!
reseted!!!!!!!
reseted!!!!!!!
reseted!!!!!!!
reseted!!!!!!!
reseted!!!!!!!
reseted!!!!!!!
reseted!!!!!!!
reseted!!!!!!!
reseted!!!!!!!
reseted!!!!!!!
reseted!!!!!!!
reseted!!!!!!!
reseted!!!!!!!
reseted!!!!!!!
reseted!!!!!!!
reseted!!!!!!!
reseted!!!!!!!
reseted!!!!!!!
reseted!!!!!!!
reseted!!!!!!!
reseted!!!!!!!
reseted!!!!!!!
reseted!!!!!!!
reseted!!!!!!!
reseted!!!!!!!
reseted!!!!!!!
reseted!!!!!!!
reseted!!!!!!!
reseted!!!!!!!
reseted!!!!!!!
reseted!!!!!!!
reseted!!!!!!!
reseted!!!!!!!
reseted!!!!!!!
reseted!!!!!!!
reseted!!!!!!!
reseted!!!!!!!
reseted!!!!!!!
reseted!!!!!!!
reseted!!!!!!!
reseted!!!!!!!
reseted!!!!!!!
reseted!!!!!!!
reseted!!!!!!!
reseted!!!!!!!
reseted!!!!!!!
reseted!!!!!!!
reseted!!!!!!!
reseted!!!!!!!
reseted!!!!!!!
reseted!!!!!!!
reseted!!!!!!!
reseted!!!!!!!
reseted!!!!!!!
reseted!!!!!!!
reseted!!!!!!!
reseted!!!!!!!
reseted!!!!!!!
reseted!!!!!!!
reseted!!!!!!!
reseted!!!!!!!
reseted!!!!!!!
reseted!!!!!!!
reseted!!!!!!!
reseted!!!!!!!
reseted!!!!!!!
reseted!!!!!!!
reseted!!!!!!!
reseted!!!!!!!
reseted!!!!!!!
reseted!!!!!!!
reseted!!!!!!!
reseted!!!!!!!
reseted!!!!!!!
reseted!!!!!!!
reseted!!!!!!!
reseted!!!!!!!
reseted!!!!!!!
reseted!!!!!!!
reseted!!!!!!!
reseted!!!!!!!
reseted!!!!!!!
reseted!!!!!!!
reseted!!!!!!!
reseted!!!!!!!
reseted!!!!!!!
reseted!!!!!!!
reseted!!!!!!!
reseted!!!!!!!
reseted!!!!!!!
reseted!!!!!!!
reseted!!!!!!!
reseted!!!!!!!
reseted!!!!!!!
reseted!!!!!!!
reseted!!!!!!!
reseted!!!!!!!
reseted!!!!!!!
reseted!!!!!!!
reseted!!!!!!!
reseted!!!!!!!
reseted!!!!!!!
reseted!!!!!!!
reseted!!!!!!!
reseted!!!!!!!
reseted!!!!!!!
reseted!!!!!!!
reseted!!!!!!!
reseted!!!!!!!
reseted!!!!!!!
reseted!!!!!!!
reseted!!!!!!!
reseted!!!!!!!
reseted!!!!!!!
reseted!!!!!!!
reseted!!!!!!!
reseted!!!!!!!
reseted!!!!!!!
reseted!!!!!!!
reseted!!!!!!!
reseted!!!!!!!
reseted!!!!!!!
reseted!!!!!!!
reseted!!!!!!!
reseted!!!!!!!
reseted!!!!!!!
reseted!!!!!!!
reseted!!!!!!!
reseted!!!!!!!
reseted!!!!!!!
reseted!!!!!!!
reseted!!!!!!!
reseted!!!!!!!
reseted!!!!!!!
reseted!!!!!!!
reseted!!!!!!!
reseted!!!!!!!
reseted!!!!!!!
reseted!!!!!!!
reseted!!!!!!!
reseted!!!!!!!
reseted!!!!!!!
reseted!!!!!!!
reseted!!!!!!!
reseted!!!!!!!
reseted!!!!!!!
reseted!!!!!!!
reseted!!!!!!!
reseted!!!!!!!
reseted!!!!!!!
reseted!!!!!!!
reseted!!!!!!!
reseted!!!!!!!
reseted!!!!!!!
reseted!!!!!!!
reseted!!!!!!!
reseted!!!!!!!
reseted!!!!!!!
reseted!!!!!!!
reseted!!!!!!!
reseted!!!!!!!
reseted!!!!!!!
reseted!!!!!!!
reseted!!!!!!!
reseted!!!!!!!
reseted!!!!!!!
reseted!!!!!!!
reseted!!!!!!!
reseted!!!!!!!
reseted!!!!!!!
reseted!!!!!!!
reseted!!!!!!!
reseted!!!!!!!
reseted!!!!!!!
reseted!!!!!!!
reseted!!!!!!!
reseted!!!!!!!
reseted!!!!!!!
reseted!!!!!!!
reseted!!!!!!!
reseted!!!!!!!
reseted!!!!!!!
reseted!!!!!!!
reseted!!!!!!!
reseted!!!!!!!
reseted!!!!!!!
reseted!!!!!!!
reseted!!!!!!!
reseted!!!!!!!
reseted!!!!!!!
reseted!!!!!!!
reseted!!!!!!!
reseted!!!!!!!
reseted!!!!!!!
reseted!!!!!!!
reseted!!!!!!!
reseted!!!!!!!
reseted!!!!!!!
reseted!!!!!!!
reseted!!!!!!!
reseted!!!!!!!
reseted!!!!!!!
reseted!!!!!!!
reseted!!!!!!!
reseted!!!!!!!
reseted!!!!!!!
reseted!!!!!!!
reseted!!!!!!!
reseted!!!!!!!
reseted!!!!!!!
reseted!!!!!!!
reseted!!!!!!!
reseted!!!!!!!
reseted!!!!!!!
reseted!!!!!!!
reseted!!!!!!!
reseted!!!!!!!
reseted!!!!!!!
reseted!!!!!!!
reseted!!!!!!!
reseted!!!!!!!
reseted!!!!!!!
reseted!!!!!!!
reseted!!!!!!!
reseted!!!!!!!
reseted!!!!!!!
reseted!!!!!!!
reseted!!!!!!!
reseted!!!!!!!
reseted!!!!!!!
reseted!!!!!!!
reseted!!!!!!!
reseted!!!!!!!
reseted!!!!!!!
reseted!!!!!!!
reseted!!!!!!!
reseted!!!!!!!
reseted!!!!!!!
reseted!!!!!!!
reseted!!!!!!!
reseted!!!!!!!
reseted!!!!!!!
reseted!!!!!!!
reseted!!!!!!!
reseted!!!!!!!
reseted!!!!!!!
reseted!!!!!!!
reseted!!!!!!!
reseted!!!!!!!
reseted!!!!!!!
reseted!!!!!!!
reseted!!!!!!!
reseted!!!!!!!
reseted!!!!!!!
reseted!!!!!!!
reseted!!!!!!!
reseted!!!!!!!
reseted!!!!!!!
reseted!!!!!!!
reseted!!!!!!!
reseted!!!!!!!
reseted!!!!!!!
reseted!!!!!!!
reseted!!!!!!!
reseted!!!!!!!
reseted!!!!!!!
reseted!!!!!!!
reseted!!!!!!!
reseted!!!!!!!
reseted!!!!!!!
reseted!!!!!!!
reseted!!!!!!!
reseted!!!!!!!
reseted!!!!!!!
reseted!!!!!!!
reseted!!!!!!!
reseted!!!!!!!
reseted!!!!!!!
reseted!!!!!!!
reseted!!!!!!!
reseted!!!!!!!
reseted!!!!!!!
reseted!!!!!!!
reseted!!!!!!!
reseted!!!!!!!
reseted!!!!!!!
reseted!!!!!!!
reseted!!!!!!!
reseted!!!!!!!
reseted!!!!!!!
reseted!!!!!!!
reseted!!!!!!!
reseted!!!!!!!
reseted!!!!!!!
reseted!!!!!!!
reseted!!!!!!!
reseted!!!!!!!
reseted!!!!!!!
reseted!!!!!!!
reseted!!!!!!!
reseted!!!!!!!
reseted!!!!!!!
reseted!!!!!!!
reseted!!!!!!!
reseted!!!!!!!
reseted!!!!!!!
reseted!!!!!!!
reseted!!!!!!!
reseted!!!!!!!
reseted!!!!!!!
reseted!!!!!!!
reseted!!!!!!!
reseted!!!!!!!
reseted!!!!!!!
reseted!!!!!!!
reseted!!!!!!!
reseted!!!!!!!
reseted!!!!!!!
reseted!!!!!!!
reseted!!!!!!!
reseted!!!!!!!
reseted!!!!!!!
reseted!!!!!!!
reseted!!!!!!!
reseted!!!!!!!
reseted!!!!!!!
reseted!!!!!!!
reseted!!!!!!!
reseted!!!!!!!
reseted!!!!!!!
reseted!!!!!!!
reseted!!!!!!!
reseted!!!!!!!
reseted!!!!!!!
reseted!!!!!!!
reseted!!!!!!!
reseted!!!!!!!
reseted!!!!!!!
reseted!!!!!!!
reseted!!!!!!!
reseted!!!!!!!
reseted!!!!!!!
reseted!!!!!!!
reseted!!!!!!!
reseted!!!!!!!
reseted!!!!!!!
reseted!!!!!!!
reseted!!!!!!!
reseted!!!!!!!
reseted!!!!!!!
reseted!!!!!!!
reseted!!!!!!!
reseted!!!!!!!
reseted!!!!!!!
reseted!!!!!!!
reseted!!!!!!!
reseted!!!!!!!
reseted!!!!!!!
reseted!!!!!!!
reseted!!!!!!!
reseted!!!!!!!
reseted!!!!!!!
reseted!!!!!!!
reseted!!!!!!!
reseted!!!!!!!
reseted!!!!!!!
reseted!!!!!!!
reseted!!!!!!!
reseted!!!!!!!
reseted!!!!!!!
reseted!!!!!!!
reseted!!!!!!!
reseted!!!!!!!
reseted!!!!!!!
reseted!!!!!!!
reseted!!!!!!!
reseted!!!!!!!
reseted!!!!!!!
reseted!!!!!!!
reseted!!!!!!!
reseted!!!!!!!
reseted!!!!!!!
reseted!!!!!!!
reseted!!!!!!!
reseted!!!!!!!
reseted!!!!!!!
reseted!!!!!!!
reseted!!!!!!!
reseted!!!!!!!
reseted!!!!!!!
reseted!!!!!!!
reseted!!!!!!!
reseted!!!!!!!
reseted!!!!!!!
reseted!!!!!!!
reseted!!!!!!!
reseted!!!!!!!
reseted!!!!!!!
reseted!!!!!!!
reseted!!!!!!!
reseted!!!!!!!
reseted!!!!!!!
reseted!!!!!!!
reseted!!!!!!!
reseted!!!!!!!
reseted!!!!!!!
reseted!!!!!!!
reseted!!!!!!!
reseted!!!!!!!
reseted!!!!!!!
reseted!!!!!!!
reseted!!!!!!!
reseted!!!!!!!
reseted!!!!!!!
reseted!!!!!!!
reseted!!!!!!!
reseted!!!!!!!
reseted!!!!!!!
reseted!!!!!!!
reseted!!!!!!!
reseted!!!!!!!
reseted!!!!!!!
reseted!!!!!!!
reseted!!!!!!!
reseted!!!!!!!
reseted!!!!!!!
reseted!!!!!!!
reseted!!!!!!!
reseted!!!!!!!
reseted!!!!!!!
reseted!!!!!!!
reseted!!!!!!!
reseted!!!!!!!
reseted!!!!!!!
reseted!!!!!!!
reseted!!!!!!!
reseted!!!!!!!
reseted!!!!!!!
reseted!!!!!!!
reseted!!!!!!!
reseted!!!!!!!
reseted!!!!!!!
reseted!!!!!!!
reseted!!!!!!!
reseted!!!!!!!
reseted!!!!!!!
reseted!!!!!!!
reseted!!!!!!!
reseted!!!!!!!
reseted!!!!!!!
reseted!!!!!!!
reseted!!!!!!!
reseted!!!!!!!
reseted!!!!!!!
reseted!!!!!!!
reseted!!!!!!!
reseted!!!!!!!
reseted!!!!!!!
reseted!!!!!!!
reseted!!!!!!!
reseted!!!!!!!
reseted!!!!!!!
reseted!!!!!!!
reseted!!!!!!!
reseted!!!!!!!
reseted!!!!!!!
reseted!!!!!!!
reseted!!!!!!!
reseted!!!!!!!
reseted!!!!!!!
reseted!!!!!!!
reseted!!!!!!!
reseted!!!!!!!
reseted!!!!!!!
reseted!!!!!!!
reseted!!!!!!!
reseted!!!!!!!
reseted!!!!!!!
reseted!!!!!!!
reseted!!!!!!!
reseted!!!!!!!
reseted!!!!!!!
reseted!!!!!!!
reseted!!!!!!!
reseted!!!!!!!
reseted!!!!!!!
reseted!!!!!!!
reseted!!!!!!!
reseted!!!!!!!
reseted!!!!!!!
reseted!!!!!!!
reseted!!!!!!!
reseted!!!!!!!
reseted!!!!!!!
reseted!!!!!!!
reseted!!!!!!!
reseted!!!!!!!
reseted!!!!!!!
reseted!!!!!!!
reseted!!!!!!!
reseted!!!!!!!
reseted!!!!!!!
reseted!!!!!!!reseted!!!!!!!

reseted!!!!!!!
reseted!!!!!!!
reseted!!!!!!!
reseted!!!!!!!
reseted!!!!!!!
reseted!!!!!!!
reseted!!!!!!!
reseted!!!!!!!
reseted!!!!!!!
reseted!!!!!!!
reseted!!!!!!!
reseted!!!!!!!
reseted!!!!!!!
reseted!!!!!!!
reseted!!!!!!!
reseted!!!!!!!
reseted!!!!!!!
reseted!!!!!!!
reseted!!!!!!!
reseted!!!!!!!
reseted!!!!!!!
reseted!!!!!!!
reseted!!!!!!!
reseted!!!!!!!
reseted!!!!!!!
reseted!!!!!!!
reseted!!!!!!!
reseted!!!!!!!
reseted!!!!!!!
reseted!!!!!!!
reseted!!!!!!!
reseted!!!!!!!
reseted!!!!!!!
reseted!!!!!!!
reseted!!!!!!!
reseted!!!!!!!
reseted!!!!!!!
reseted!!!!!!!
reseted!!!!!!!
reseted!!!!!!!
reseted!!!!!!!
reseted!!!!!!!
reseted!!!!!!!
reseted!!!!!!!
reseted!!!!!!!
reseted!!!!!!!
reseted!!!!!!!
reseted!!!!!!!
reseted!!!!!!!
reseted!!!!!!!
reseted!!!!!!!
reseted!!!!!!!
reseted!!!!!!!
reseted!!!!!!!
reseted!!!!!!!
reseted!!!!!!!
reseted!!!!!!!
reseted!!!!!!!
reseted!!!!!!!
reseted!!!!!!!
reseted!!!!!!!
reseted!!!!!!!
reseted!!!!!!!
reseted!!!!!!!
reseted!!!!!!!
reseted!!!!!!!
reseted!!!!!!!
reseted!!!!!!!
reseted!!!!!!!
reseted!!!!!!!
reseted!!!!!!!
reseted!!!!!!!
reseted!!!!!!!
reseted!!!!!!!
reseted!!!!!!!
reseted!!!!!!!
reseted!!!!!!!
reseted!!!!!!!
reseted!!!!!!!
reseted!!!!!!!
reseted!!!!!!!
reseted!!!!!!!
reseted!!!!!!!
reseted!!!!!!!
reseted!!!!!!!
reseted!!!!!!!
reseted!!!!!!!
reseted!!!!!!!
reseted!!!!!!!
reseted!!!!!!!
reseted!!!!!!!
reseted!!!!!!!
reseted!!!!!!!
reseted!!!!!!!
reseted!!!!!!!
reseted!!!!!!!
reseted!!!!!!!
reseted!!!!!!!
reseted!!!!!!!
reseted!!!!!!!
reseted!!!!!!!
reseted!!!!!!!
reseted!!!!!!!
reseted!!!!!!!
reseted!!!!!!!
reseted!!!!!!!
reseted!!!!!!!
reseted!!!!!!!
reseted!!!!!!!
reseted!!!!!!!
reseted!!!!!!!
reseted!!!!!!!
reseted!!!!!!!
reseted!!!!!!!
reseted!!!!!!!
reseted!!!!!!!
reseted!!!!!!!
reseted!!!!!!!
reseted!!!!!!!
reseted!!!!!!!
reseted!!!!!!!
reseted!!!!!!!
reseted!!!!!!!
reseted!!!!!!!
reseted!!!!!!!
reseted!!!!!!!
reseted!!!!!!!
reseted!!!!!!!
reseted!!!!!!!
reseted!!!!!!!
reseted!!!!!!!
reseted!!!!!!!
reseted!!!!!!!
reseted!!!!!!!
reseted!!!!!!!
reseted!!!!!!!
reseted!!!!!!!
reseted!!!!!!!
reseted!!!!!!!
reseted!!!!!!!
reseted!!!!!!!
reseted!!!!!!!
reseted!!!!!!!
reseted!!!!!!!
reseted!!!!!!!
reseted!!!!!!!
reseted!!!!!!!
reseted!!!!!!!
reseted!!!!!!!
reseted!!!!!!!
reseted!!!!!!!
reseted!!!!!!!
reseted!!!!!!!
reseted!!!!!!!
reseted!!!!!!!
reseted!!!!!!!
reseted!!!!!!!
reseted!!!!!!!
reseted!!!!!!!
reseted!!!!!!!
reseted!!!!!!!
reseted!!!!!!!
reseted!!!!!!!
reseted!!!!!!!
reseted!!!!!!!
reseted!!!!!!!
reseted!!!!!!!
reseted!!!!!!!
reseted!!!!!!!
reseted!!!!!!!
reseted!!!!!!!
reseted!!!!!!!
reseted!!!!!!!
reseted!!!!!!!
reseted!!!!!!!
reseted!!!!!!!
reseted!!!!!!!
reseted!!!!!!!
reseted!!!!!!!
reseted!!!!!!!
reseted!!!!!!!
reseted!!!!!!!
reseted!!!!!!!
reseted!!!!!!!
reseted!!!!!!!
reseted!!!!!!!
reseted!!!!!!!
reseted!!!!!!!
reseted!!!!!!!
reseted!!!!!!!
reseted!!!!!!!
reseted!!!!!!!
reseted!!!!!!!
reseted!!!!!!!
reseted!!!!!!!
reseted!!!!!!!
reseted!!!!!!!
reseted!!!!!!!
reseted!!!!!!!
reseted!!!!!!!
reseted!!!!!!!
reseted!!!!!!!
reseted!!!!!!!
reseted!!!!!!!
reseted!!!!!!!
reseted!!!!!!!
reseted!!!!!!!
reseted!!!!!!!
reseted!!!!!!!
reseted!!!!!!!
reseted!!!!!!!
reseted!!!!!!!
reseted!!!!!!!
reseted!!!!!!!
reseted!!!!!!!
reseted!!!!!!!
reseted!!!!!!!
reseted!!!!!!!
reseted!!!!!!!
reseted!!!!!!!
reseted!!!!!!!
reseted!!!!!!!
reseted!!!!!!!
reseted!!!!!!!
reseted!!!!!!!
reseted!!!!!!!
reseted!!!!!!!
reseted!!!!!!!
reseted!!!!!!!
reseted!!!!!!!
reseted!!!!!!!
reseted!!!!!!!
reseted!!!!!!!
reseted!!!!!!!
reseted!!!!!!!
reseted!!!!!!!
reseted!!!!!!!
reseted!!!!!!!
reseted!!!!!!!
reseted!!!!!!!
reseted!!!!!!!
reseted!!!!!!!
reseted!!!!!!!
reseted!!!!!!!
reseted!!!!!!!
reseted!!!!!!!
reseted!!!!!!!
reseted!!!!!!!
reseted!!!!!!!
reseted!!!!!!!
reseted!!!!!!!
reseted!!!!!!!
reseted!!!!!!!
reseted!!!!!!!
reseted!!!!!!!
reseted!!!!!!!
reseted!!!!!!!
reseted!!!!!!!
reseted!!!!!!!
reseted!!!!!!!
reseted!!!!!!!
reseted!!!!!!!
reseted!!!!!!!
reseted!!!!!!!
reseted!!!!!!!
reseted!!!!!!!
reseted!!!!!!!
reseted!!!!!!!
reseted!!!!!!!
reseted!!!!!!!
reseted!!!!!!!
reseted!!!!!!!
reseted!!!!!!!
reseted!!!!!!!
reseted!!!!!!!
reseted!!!!!!!
reseted!!!!!!!
reseted!!!!!!!
reseted!!!!!!!
reseted!!!!!!!
reseted!!!!!!!
reseted!!!!!!!
reseted!!!!!!!
reseted!!!!!!!
reseted!!!!!!!
reseted!!!!!!!
reseted!!!!!!!
reseted!!!!!!!
reseted!!!!!!!
reseted!!!!!!!
reseted!!!!!!!
reseted!!!!!!!
reseted!!!!!!!
reseted!!!!!!!
reseted!!!!!!!
reseted!!!!!!!
reseted!!!!!!!
reseted!!!!!!!
reseted!!!!!!!
reseted!!!!!!!
reseted!!!!!!!
reseted!!!!!!!
reseted!!!!!!!
reseted!!!!!!!
reseted!!!!!!!
reseted!!!!!!!
reseted!!!!!!!
reseted!!!!!!!
reseted!!!!!!!
reseted!!!!!!!
reseted!!!!!!!
reseted!!!!!!!
reseted!!!!!!!
reseted!!!!!!!
reseted!!!!!!!
reseted!!!!!!!
reseted!!!!!!!
reseted!!!!!!!
reseted!!!!!!!
reseted!!!!!!!
reseted!!!!!!!
reseted!!!!!!!
reseted!!!!!!!
reseted!!!!!!!
reseted!!!!!!!
reseted!!!!!!!
reseted!!!!!!!
reseted!!!!!!!
reseted!!!!!!!
reseted!!!!!!!
reseted!!!!!!!
reseted!!!!!!!
reseted!!!!!!!
reseted!!!!!!!
reseted!!!!!!!
reseted!!!!!!!
reseted!!!!!!!
reseted!!!!!!!
reseted!!!!!!!
reseted!!!!!!!
reseted!!!!!!!
reseted!!!!!!!
reseted!!!!!!!
reseted!!!!!!!
reseted!!!!!!!
reseted!!!!!!!
reseted!!!!!!!
reseted!!!!!!!
reseted!!!!!!!
reseted!!!!!!!
reseted!!!!!!!
reseted!!!!!!!
reseted!!!!!!!
reseted!!!!!!!
reseted!!!!!!!
reseted!!!!!!!
reseted!!!!!!!
reseted!!!!!!!
reseted!!!!!!!
reseted!!!!!!!
reseted!!!!!!!
reseted!!!!!!!
reseted!!!!!!!
reseted!!!!!!!
reseted!!!!!!!
reseted!!!!!!!
reseted!!!!!!!
reseted!!!!!!!
reseted!!!!!!!
reseted!!!!!!!
reseted!!!!!!!
reseted!!!!!!!
reseted!!!!!!!
reseted!!!!!!!
reseted!!!!!!!
reseted!!!!!!!
reseted!!!!!!!
reseted!!!!!!!
reseted!!!!!!!
reseted!!!!!!!
reseted!!!!!!!
reseted!!!!!!!
reseted!!!!!!!
reseted!!!!!!!
reseted!!!!!!!
reseted!!!!!!!
reseted!!!!!!!
reseted!!!!!!!
reseted!!!!!!!
reseted!!!!!!!
reseted!!!!!!!
reseted!!!!!!!
reseted!!!!!!!
reseted!!!!!!!
reseted!!!!!!!
reseted!!!!!!!
reseted!!!!!!!
reseted!!!!!!!
reseted!!!!!!!
reseted!!!!!!!
reseted!!!!!!!
reseted!!!!!!!
reseted!!!!!!!
reseted!!!!!!!
reseted!!!!!!!
reseted!!!!!!!
reseted!!!!!!!
reseted!!!!!!!
reseted!!!!!!!
reseted!!!!!!!
reseted!!!!!!!
reseted!!!!!!!
reseted!!!!!!!
reseted!!!!!!!
reseted!!!!!!!
reseted!!!!!!!
reseted!!!!!!!
reseted!!!!!!!
reseted!!!!!!!
reseted!!!!!!!
reseted!!!!!!!
reseted!!!!!!!
reseted!!!!!!!
reseted!!!!!!!
reseted!!!!!!!
reseted!!!!!!!
reseted!!!!!!!
reseted!!!!!!!
reseted!!!!!!!
reseted!!!!!!!
reseted!!!!!!!
reseted!!!!!!!
reseted!!!!!!!
reseted!!!!!!!
reseted!!!!!!!
reseted!!!!!!!
reseted!!!!!!!
reseted!!!!!!!
reseted!!!!!!!
reseted!!!!!!!
reseted!!!!!!!
reseted!!!!!!!
reseted!!!!!!!
reseted!!!!!!!
reseted!!!!!!!
reseted!!!!!!!
reseted!!!!!!!
reseted!!!!!!!
reseted!!!!!!!
reseted!!!!!!!
reseted!!!!!!!
reseted!!!!!!!
reseted!!!!!!!
reseted!!!!!!!
reseted!!!!!!!
reseted!!!!!!!
reseted!!!!!!!
reseted!!!!!!!
reseted!!!!!!!
reseted!!!!!!!
reseted!!!!!!!
reseted!!!!!!!
reseted!!!!!!!
reseted!!!!!!!
reseted!!!!!!!
reseted!!!!!!!
reseted!!!!!!!
reseted!!!!!!!
reseted!!!!!!!
reseted!!!!!!!
reseted!!!!!!!
reseted!!!!!!!
reseted!!!!!!!
reseted!!!!!!!
reseted!!!!!!!
reseted!!!!!!!
reseted!!!!!!!
reseted!!!!!!!
reseted!!!!!!!
reseted!!!!!!!
reseted!!!!!!!
reseted!!!!!!!
reseted!!!!!!!
reseted!!!!!!!
reseted!!!!!!!
reseted!!!!!!!
reseted!!!!!!!
reseted!!!!!!!
reseted!!!!!!!
reseted!!!!!!!
reseted!!!!!!!
reseted!!!!!!!
reseted!!!!!!!
reseted!!!!!!!
reseted!!!!!!!
reseted!!!!!!!
reseted!!!!!!!
reseted!!!!!!!
reseted!!!!!!!
reseted!!!!!!!
reseted!!!!!!!
reseted!!!!!!!
reseted!!!!!!!
reseted!!!!!!!
reseted!!!!!!!
reseted!!!!!!!
reseted!!!!!!!
reseted!!!!!!!
reseted!!!!!!!
reseted!!!!!!!
reseted!!!!!!!
reseted!!!!!!!
reseted!!!!!!!
reseted!!!!!!!
reseted!!!!!!!
reseted!!!!!!!
reseted!!!!!!!
reseted!!!!!!!
reseted!!!!!!!
reseted!!!!!!!
reseted!!!!!!!
reseted!!!!!!!
reseted!!!!!!!
reseted!!!!!!!
reseted!!!!!!!
reseted!!!!!!!
reseted!!!!!!!
reseted!!!!!!!
reseted!!!!!!!
reseted!!!!!!!
reseted!!!!!!!
reseted!!!!!!!
reseted!!!!!!!
reseted!!!!!!!
reseted!!!!!!!
reseted!!!!!!!
reseted!!!!!!!
reseted!!!!!!!
reseted!!!!!!!
reseted!!!!!!!
reseted!!!!!!!
reseted!!!!!!!
reseted!!!!!!!
reseted!!!!!!!
reseted!!!!!!!
reseted!!!!!!!
reseted!!!!!!!
reseted!!!!!!!
reseted!!!!!!!
reseted!!!!!!!
reseted!!!!!!!
reseted!!!!!!!
reseted!!!!!!!
reseted!!!!!!!
reseted!!!!!!!
reseted!!!!!!!
reseted!!!!!!!
reseted!!!!!!!
reseted!!!!!!!
reseted!!!!!!!
reseted!!!!!!!
reseted!!!!!!!
reseted!!!!!!!
reseted!!!!!!!
reseted!!!!!!!
reseted!!!!!!!
reseted!!!!!!!
reseted!!!!!!!
reseted!!!!!!!
reseted!!!!!!!
reseted!!!!!!!
reseted!!!!!!!
reseted!!!!!!!
reseted!!!!!!!
reseted!!!!!!!
reseted!!!!!!!
reseted!!!!!!!
reseted!!!!!!!
reseted!!!!!!!
reseted!!!!!!!
reseted!!!!!!!
reseted!!!!!!!
reseted!!!!!!!
reseted!!!!!!!
reseted!!!!!!!
reseted!!!!!!!
reseted!!!!!!!
reseted!!!!!!!
reseted!!!!!!!
reseted!!!!!!!
reseted!!!!!!!
reseted!!!!!!!
reseted!!!!!!!
reseted!!!!!!!
reseted!!!!!!!
reseted!!!!!!!
reseted!!!!!!!
reseted!!!!!!!
reseted!!!!!!!
reseted!!!!!!!
reseted!!!!!!!
reseted!!!!!!!
reseted!!!!!!!
reseted!!!!!!!
reseted!!!!!!!
reseted!!!!!!!
reseted!!!!!!!
reseted!!!!!!!
reseted!!!!!!!
reseted!!!!!!!
reseted!!!!!!!
reseted!!!!!!!
reseted!!!!!!!
reseted!!!!!!!
reseted!!!!!!!
reseted!!!!!!!
reseted!!!!!!!
reseted!!!!!!!
reseted!!!!!!!
reseted!!!!!!!
reseted!!!!!!!
reseted!!!!!!!
reseted!!!!!!!
reseted!!!!!!!
reseted!!!!!!!
reseted!!!!!!!
reseted!!!!!!!
reseted!!!!!!!
reseted!!!!!!!
reseted!!!!!!!
reseted!!!!!!!
reseted!!!!!!!
reseted!!!!!!!
reseted!!!!!!!
reseted!!!!!!!
reseted!!!!!!!
reseted!!!!!!!
reseted!!!!!!!
reseted!!!!!!!
reseted!!!!!!!
reseted!!!!!!!
reseted!!!!!!!
reseted!!!!!!!
reseted!!!!!!!
reseted!!!!!!!
reseted!!!!!!!
reseted!!!!!!!
reseted!!!!!!!
reseted!!!!!!!
reseted!!!!!!!
reseted!!!!!!!
reseted!!!!!!!
reseted!!!!!!!
reseted!!!!!!!
reseted!!!!!!!
reseted!!!!!!!
reseted!!!!!!!
reseted!!!!!!!
reseted!!!!!!!
reseted!!!!!!!
reseted!!!!!!!
reseted!!!!!!!
reseted!!!!!!!
reseted!!!!!!!
reseted!!!!!!!
reseted!!!!!!!
reseted!!!!!!!
reseted!!!!!!!
reseted!!!!!!!
reseted!!!!!!!
reseted!!!!!!!
reseted!!!!!!!
reseted!!!!!!!
reseted!!!!!!!
reseted!!!!!!!
reseted!!!!!!!
reseted!!!!!!!
reseted!!!!!!!
reseted!!!!!!!
reseted!!!!!!!
reseted!!!!!!!
reseted!!!!!!!
reseted!!!!!!!
reseted!!!!!!!
reseted!!!!!!!
reseted!!!!!!!
reseted!!!!!!!
reseted!!!!!!!
reseted!!!!!!!
reseted!!!!!!!
reseted!!!!!!!
reseted!!!!!!!
reseted!!!!!!!
reseted!!!!!!!
reseted!!!!!!!
reseted!!!!!!!
reseted!!!!!!!
reseted!!!!!!!
reseted!!!!!!!
reseted!!!!!!!
reseted!!!!!!!
reseted!!!!!!!
reseted!!!!!!!
reseted!!!!!!!
reseted!!!!!!!
reseted!!!!!!!
reseted!!!!!!!
reseted!!!!!!!
reseted!!!!!!!
reseted!!!!!!!
reseted!!!!!!!
reseted!!!!!!!
reseted!!!!!!!
reseted!!!!!!!
reseted!!!!!!!
reseted!!!!!!!
reseted!!!!!!!
reseted!!!!!!!
reseted!!!!!!!
reseted!!!!!!!
reseted!!!!!!!
reseted!!!!!!!
reseted!!!!!!!
reseted!!!!!!!
reseted!!!!!!!
reseted!!!!!!!
reseted!!!!!!!
reseted!!!!!!!
reseted!!!!!!!
reseted!!!!!!!
reseted!!!!!!!
reseted!!!!!!!
reseted!!!!!!!
reseted!!!!!!!
reseted!!!!!!!
reseted!!!!!!!
reseted!!!!!!!
reseted!!!!!!!
reseted!!!!!!!
reseted!!!!!!!
reseted!!!!!!!
reseted!!!!!!!
reseted!!!!!!!
reseted!!!!!!!
reseted!!!!!!!
reseted!!!!!!!
reseted!!!!!!!
reseted!!!!!!!
reseted!!!!!!!
reseted!!!!!!!
reseted!!!!!!!
reseted!!!!!!!
reseted!!!!!!!
reseted!!!!!!!
reseted!!!!!!!
reseted!!!!!!!
reseted!!!!!!!
reseted!!!!!!!
reseted!!!!!!!
reseted!!!!!!!
reseted!!!!!!!
reseted!!!!!!!
reseted!!!!!!!
reseted!!!!!!!
reseted!!!!!!!
reseted!!!!!!!
reseted!!!!!!!
reseted!!!!!!!
reseted!!!!!!!
reseted!!!!!!!
reseted!!!!!!!
reseted!!!!!!!
reseted!!!!!!!
reseted!!!!!!!
reseted!!!!!!!
reseted!!!!!!!
reseted!!!!!!!
reseted!!!!!!!
reseted!!!!!!!
reseted!!!!!!!
reseted!!!!!!!
reseted!!!!!!!
reseted!!!!!!!
reseted!!!!!!!
reseted!!!!!!!
reseted!!!!!!!
reseted!!!!!!!
reseted!!!!!!!
reseted!!!!!!!
reseted!!!!!!!
reseted!!!!!!!
reseted!!!!!!!
reseted!!!!!!!
reseted!!!!!!!
reseted!!!!!!!
reseted!!!!!!!
reseted!!!!!!!
reseted!!!!!!!
reseted!!!!!!!
reseted!!!!!!!
reseted!!!!!!!
reseted!!!!!!!
reseted!!!!!!!
reseted!!!!!!!
reseted!!!!!!!
reseted!!!!!!!
reseted!!!!!!!
reseted!!!!!!!
reseted!!!!!!!
reseted!!!!!!!
reseted!!!!!!!
reseted!!!!!!!
reseted!!!!!!!
reseted!!!!!!!
reseted!!!!!!!
reseted!!!!!!!
reseted!!!!!!!
reseted!!!!!!!
reseted!!!!!!!
reseted!!!!!!!
reseted!!!!!!!
reseted!!!!!!!
reseted!!!!!!!
reseted!!!!!!!
reseted!!!!!!!
reseted!!!!!!!
reseted!!!!!!!
reseted!!!!!!!
reseted!!!!!!!
reseted!!!!!!!
reseted!!!!!!!
reseted!!!!!!!
reseted!!!!!!!
reseted!!!!!!!
reseted!!!!!!!
reseted!!!!!!!
reseted!!!!!!!
reseted!!!!!!!
reseted!!!!!!!
reseted!!!!!!!
reseted!!!!!!!
reseted!!!!!!!
reseted!!!!!!!
reseted!!!!!!!
reseted!!!!!!!
reseted!!!!!!!
reseted!!!!!!!
reseted!!!!!!!
reseted!!!!!!!
reseted!!!!!!!
reseted!!!!!!!
reseted!!!!!!!
reseted!!!!!!!
reseted!!!!!!!
reseted!!!!!!!
reseted!!!!!!!
reseted!!!!!!!
reseted!!!!!!!
reseted!!!!!!!
reseted!!!!!!!
reseted!!!!!!!
reseted!!!!!!!
reseted!!!!!!!
reseted!!!!!!!
reseted!!!!!!!
reseted!!!!!!!
reseted!!!!!!!
reseted!!!!!!!
reseted!!!!!!!
reseted!!!!!!!
reseted!!!!!!!
reseted!!!!!!!
reseted!!!!!!!
reseted!!!!!!!
reseted!!!!!!!
reseted!!!!!!!
reseted!!!!!!!
reseted!!!!!!!
reseted!!!!!!!
reseted!!!!!!!
reseted!!!!!!!
reseted!!!!!!!
reseted!!!!!!!
reseted!!!!!!!
reseted!!!!!!!
reseted!!!!!!!
reseted!!!!!!!
reseted!!!!!!!
reseted!!!!!!!
reseted!!!!!!!
reseted!!!!!!!
reseted!!!!!!!
reseted!!!!!!!
reseted!!!!!!!
reseted!!!!!!!
reseted!!!!!!!
reseted!!!!!!!
reseted!!!!!!!
reseted!!!!!!!
reseted!!!!!!!
reseted!!!!!!!
reseted!!!!!!!
reseted!!!!!!!
reseted!!!!!!!
reseted!!!!!!!
reseted!!!!!!!
reseted!!!!!!!
reseted!!!!!!!
reseted!!!!!!!
reseted!!!!!!!
reseted!!!!!!!
reseted!!!!!!!
reseted!!!!!!!
reseted!!!!!!!
reseted!!!!!!!
reseted!!!!!!!
reseted!!!!!!!
reseted!!!!!!!
reseted!!!!!!!
reseted!!!!!!!
reseted!!!!!!!
reseted!!!!!!!
reseted!!!!!!!
reseted!!!!!!!
reseted!!!!!!!
reseted!!!!!!!
reseted!!!!!!!
reseted!!!!!!!
reseted!!!!!!!
reseted!!!!!!!
reseted!!!!!!!
reseted!!!!!!!
reseted!!!!!!!
reseted!!!!!!!
reseted!!!!!!!
reseted!!!!!!!
reseted!!!!!!!
reseted!!!!!!!
reseted!!!!!!!
reseted!!!!!!!
reseted!!!!!!!
reseted!!!!!!!
reseted!!!!!!!
reseted!!!!!!!
reseted!!!!!!!
reseted!!!!!!!
reseted!!!!!!!
reseted!!!!!!!
reseted!!!!!!!
reseted!!!!!!!
reseted!!!!!!!
reseted!!!!!!!
reseted!!!!!!!
reseted!!!!!!!
reseted!!!!!!!
reseted!!!!!!!
reseted!!!!!!!
reseted!!!!!!!
reseted!!!!!!!
reseted!!!!!!!
reseted!!!!!!!
reseted!!!!!!!
reseted!!!!!!!
reseted!!!!!!!
reseted!!!!!!!
reseted!!!!!!!
reseted!!!!!!!
reseted!!!!!!!
reseted!!!!!!!
reseted!!!!!!!
reseted!!!!!!!
reseted!!!!!!!
reseted!!!!!!!
reseted!!!!!!!
reseted!!!!!!!
reseted!!!!!!!
reseted!!!!!!!
reseted!!!!!!!
reseted!!!!!!!
reseted!!!!!!!
reseted!!!!!!!
reseted!!!!!!!
reseted!!!!!!!
reseted!!!!!!!
reseted!!!!!!!
reseted!!!!!!!
reseted!!!!!!!
reseted!!!!!!!
reseted!!!!!!!
reseted!!!!!!!
reseted!!!!!!!
reseted!!!!!!!
reseted!!!!!!!
reseted!!!!!!!
reseted!!!!!!!
reseted!!!!!!!
reseted!!!!!!!
reseted!!!!!!!
reseted!!!!!!!
reseted!!!!!!!
reseted!!!!!!!
reseted!!!!!!!
reseted!!!!!!!
reseted!!!!!!!
reseted!!!!!!!
reseted!!!!!!!
reseted!!!!!!!
reseted!!!!!!!
reseted!!!!!!!
reseted!!!!!!!
reseted!!!!!!!
reseted!!!!!!!
reseted!!!!!!!
reseted!!!!!!!
reseted!!!!!!!
reseted!!!!!!!
reseted!!!!!!!
reseted!!!!!!!
reseted!!!!!!!
reseted!!!!!!!
reseted!!!!!!!
reseted!!!!!!!
reseted!!!!!!!
reseted!!!!!!!
reseted!!!!!!!
reseted!!!!!!!
reseted!!!!!!!
reseted!!!!!!!
reseted!!!!!!!
reseted!!!!!!!
reseted!!!!!!!
reseted!!!!!!!
reseted!!!!!!!
reseted!!!!!!!
reseted!!!!!!!
reseted!!!!!!!
reseted!!!!!!!
reseted!!!!!!!
reseted!!!!!!!
reseted!!!!!!!
reseted!!!!!!!
reseted!!!!!!!
reseted!!!!!!!
reseted!!!!!!!
reseted!!!!!!!
reseted!!!!!!!
reseted!!!!!!!
reseted!!!!!!!
reseted!!!!!!!
reseted!!!!!!!
reseted!!!!!!!
reseted!!!!!!!
reseted!!!!!!!
reseted!!!!!!!
reseted!!!!!!!
reseted!!!!!!!
reseted!!!!!!!
reseted!!!!!!!
reseted!!!!!!!
reseted!!!!!!!
reseted!!!!!!!
reseted!!!!!!!
reseted!!!!!!!
reseted!!!!!!!
reseted!!!!!!!
reseted!!!!!!!
reseted!!!!!!!
reseted!!!!!!!
reseted!!!!!!!
reseted!!!!!!!
reseted!!!!!!!
reseted!!!!!!!
reseted!!!!!!!
reseted!!!!!!!
reseted!!!!!!!
reseted!!!!!!!
reseted!!!!!!!
reseted!!!!!!!
reseted!!!!!!!
reseted!!!!!!!
reseted!!!!!!!
reseted!!!!!!!
reseted!!!!!!!
reseted!!!!!!!
reseted!!!!!!!
reseted!!!!!!!
reseted!!!!!!!
reseted!!!!!!!
reseted!!!!!!!
reseted!!!!!!!
reseted!!!!!!!
reseted!!!!!!!
reseted!!!!!!!
reseted!!!!!!!
reseted!!!!!!!
reseted!!!!!!!
reseted!!!!!!!
reseted!!!!!!!
reseted!!!!!!!
reseted!!!!!!!
reseted!!!!!!!
reseted!!!!!!!
reseted!!!!!!!
reseted!!!!!!!
reseted!!!!!!!
reseted!!!!!!!
reseted!!!!!!!
reseted!!!!!!!
reseted!!!!!!!
reseted!!!!!!!
reseted!!!!!!!
reseted!!!!!!!
reseted!!!!!!!
reseted!!!!!!!
reseted!!!!!!!
reseted!!!!!!!
reseted!!!!!!!
reseted!!!!!!!
reseted!!!!!!!
reseted!!!!!!!
reseted!!!!!!!
reseted!!!!!!!
reseted!!!!!!!
reseted!!!!!!!
reseted!!!!!!!
reseted!!!!!!!
reseted!!!!!!!
reseted!!!!!!!
reseted!!!!!!!
reseted!!!!!!!
reseted!!!!!!!
reseted!!!!!!!
reseted!!!!!!!
reseted!!!!!!!
reseted!!!!!!!
reseted!!!!!!!
reseted!!!!!!!
reseted!!!!!!!
reseted!!!!!!!
reseted!!!!!!!
reseted!!!!!!!
reseted!!!!!!!
reseted!!!!!!!
reseted!!!!!!!
reseted!!!!!!!
reseted!!!!!!!
reseted!!!!!!!
reseted!!!!!!!
reseted!!!!!!!
reseted!!!!!!!
reseted!!!!!!!
reseted!!!!!!!
reseted!!!!!!!
reseted!!!!!!!
reseted!!!!!!!
reseted!!!!!!!
reseted!!!!!!!
reseted!!!!!!!
reseted!!!!!!!
reseted!!!!!!!
reseted!!!!!!!
reseted!!!!!!!
reseted!!!!!!!
reseted!!!!!!!
reseted!!!!!!!
reseted!!!!!!!
reseted!!!!!!!
reseted!!!!!!!
reseted!!!!!!!
reseted!!!!!!!
reseted!!!!!!!
reseted!!!!!!!
reseted!!!!!!!
reseted!!!!!!!
reseted!!!!!!!
reseted!!!!!!!
reseted!!!!!!!
reseted!!!!!!!
reseted!!!!!!!
reseted!!!!!!!
reseted!!!!!!!
reseted!!!!!!!
reseted!!!!!!!
reseted!!!!!!!
reseted!!!!!!!
reseted!!!!!!!
reseted!!!!!!!
reseted!!!!!!!
reseted!!!!!!!
reseted!!!!!!!
reseted!!!!!!!
reseted!!!!!!!
reseted!!!!!!!
reseted!!!!!!!
reseted!!!!!!!
reseted!!!!!!!
reseted!!!!!!!
reseted!!!!!!!
reseted!!!!!!!
reseted!!!!!!!
reseted!!!!!!!
reseted!!!!!!!
reseted!!!!!!!
reseted!!!!!!!
reseted!!!!!!!
reseted!!!!!!!
reseted!!!!!!!
reseted!!!!!!!
reseted!!!!!!!
reseted!!!!!!!
reseted!!!!!!!
reseted!!!!!!!
reseted!!!!!!!
reseted!!!!!!!
reseted!!!!!!!
reseted!!!!!!!
reseted!!!!!!!
reseted!!!!!!!
reseted!!!!!!!
reseted!!!!!!!
reseted!!!!!!!
reseted!!!!!!!
reseted!!!!!!!
reseted!!!!!!!
reseted!!!!!!!
reseted!!!!!!!
reseted!!!!!!!
reseted!!!!!!!
reseted!!!!!!!
reseted!!!!!!!
reseted!!!!!!!
reseted!!!!!!!
reseted!!!!!!!
reseted!!!!!!!
reseted!!!!!!!
reseted!!!!!!!
reseted!!!!!!!
reseted!!!!!!!
reseted!!!!!!!
reseted!!!!!!!
reseted!!!!!!!
reseted!!!!!!!
reseted!!!!!!!
reseted!!!!!!!
reseted!!!!!!!
reseted!!!!!!!
reseted!!!!!!!
reseted!!!!!!!
reseted!!!!!!!
reseted!!!!!!!
reseted!!!!!!!
reseted!!!!!!!
reseted!!!!!!!
reseted!!!!!!!
reseted!!!!!!!
reseted!!!!!!!
reseted!!!!!!!
reseted!!!!!!!
reseted!!!!!!!
reseted!!!!!!!
reseted!!!!!!!
reseted!!!!!!!
reseted!!!!!!!
reseted!!!!!!!
reseted!!!!!!!
reseted!!!!!!!
reseted!!!!!!!
reseted!!!!!!!
reseted!!!!!!!
reseted!!!!!!!
reseted!!!!!!!
reseted!!!!!!!
reseted!!!!!!!
reseted!!!!!!!
reseted!!!!!!!
reseted!!!!!!!
reseted!!!!!!!
reseted!!!!!!!
reseted!!!!!!!
reseted!!!!!!!
reseted!!!!!!!
reseted!!!!!!!
reseted!!!!!!!
reseted!!!!!!!
reseted!!!!!!!
reseted!!!!!!!
reseted!!!!!!!
reseted!!!!!!!
reseted!!!!!!!
reseted!!!!!!!
reseted!!!!!!!
reseted!!!!!!!
reseted!!!!!!!
reseted!!!!!!!
reseted!!!!!!!
reseted!!!!!!!
reseted!!!!!!!
reseted!!!!!!!
reseted!!!!!!!
reseted!!!!!!!
reseted!!!!!!!
reseted!!!!!!!
reseted!!!!!!!
reseted!!!!!!!
reseted!!!!!!!
reseted!!!!!!!
reseted!!!!!!!
reseted!!!!!!!
reseted!!!!!!!
reseted!!!!!!!
reseted!!!!!!!
reseted!!!!!!!
reseted!!!!!!!
reseted!!!!!!!
reseted!!!!!!!
reseted!!!!!!!
reseted!!!!!!!
reseted!!!!!!!
reseted!!!!!!!
reseted!!!!!!!
reseted!!!!!!!
reseted!!!!!!!
reseted!!!!!!!
reseted!!!!!!!
reseted!!!!!!!
reseted!!!!!!!
reseted!!!!!!!
reseted!!!!!!!
reseted!!!!!!!
reseted!!!!!!!
reseted!!!!!!!
reseted!!!!!!!
reseted!!!!!!!
reseted!!!!!!!
reseted!!!!!!!
reseted!!!!!!!
reseted!!!!!!!
reseted!!!!!!!
reseted!!!!!!!
reseted!!!!!!!
reseted!!!!!!!
reseted!!!!!!!
reseted!!!!!!!
reseted!!!!!!!
reseted!!!!!!!
reseted!!!!!!!
reseted!!!!!!!
reseted!!!!!!!
reseted!!!!!!!
reseted!!!!!!!
reseted!!!!!!!
reseted!!!!!!!
reseted!!!!!!!
reseted!!!!!!!
reseted!!!!!!!
reseted!!!!!!!
reseted!!!!!!!
reseted!!!!!!!
reseted!!!!!!!
reseted!!!!!!!
reseted!!!!!!!
reseted!!!!!!!
reseted!!!!!!!
reseted!!!!!!!
reseted!!!!!!!
reseted!!!!!!!
reseted!!!!!!!
reseted!!!!!!!
reseted!!!!!!!
reseted!!!!!!!
reseted!!!!!!!
reseted!!!!!!!
reseted!!!!!!!
reseted!!!!!!!
reseted!!!!!!!
reseted!!!!!!!
reseted!!!!!!!
reseted!!!!!!!
reseted!!!!!!!
reseted!!!!!!!
reseted!!!!!!!
reseted!!!!!!!
reseted!!!!!!!
reseted!!!!!!!
reseted!!!!!!!
reseted!!!!!!!
reseted!!!!!!!
Exception in thread Thread-1:
Traceback (most recent call last):
  File "/seu_share/home/weiweiwu/anaconda3/lib/python3.8/threading.py", line 932, in _bootstrap_inner
    self.run()
  File "/seu_share/home/weiweiwu/anaconda3/lib/python3.8/site-packages/tensorboard/summary/writer/event_file_writer.py", line 238, in run
    self._record_writer.write(data)
  File "/seu_share/home/weiweiwu/anaconda3/lib/python3.8/site-packages/tensorboard/summary/writer/record_writer.py", line 40, in write
    self._writer.write(header + header_crc + data + footer_crc)
  File "/seu_share/home/weiweiwu/anaconda3/lib/python3.8/site-packages/tensorboard/compat/tensorflow_stub/io/gfile.py", line 531, in write
    self.fs.append(self.filename, file_content, self.binary_mode)
  File "/seu_share/home/weiweiwu/anaconda3/lib/python3.8/site-packages/tensorboard/compat/tensorflow_stub/io/gfile.py", line 154, in append
    self._write(filename, file_content, "ab" if binary_mode else "a")
  File "/seu_share/home/weiweiwu/anaconda3/lib/python3.8/site-packages/tensorboard/compat/tensorflow_stub/io/gfile.py", line 158, in _write
    with io.open(filename, mode, encoding=encoding) as f:
FileNotFoundError: [Errno 2] No such file or directory: b'runs/Mar11_17-45-43_c01n14/events.out.tfevents.1615455943.c01n14.31724.0'
reseted!!!!!!!
reseted!!!!!!!
reseted!!!!!!!
reseted!!!!!!!
Traceback (most recent call last):
  File "/seu_share/home/weiweiwu/anaconda3/lib/python3.8/threading.py", line 302, in wait
    waiter.acquire()
KeyboardInterrupt

During handling of the above exception, another exception occurred:

Traceback (most recent call last):
  File "/seu_share/home/weiweiwu/anaconda3/lib/python3.8/queue.py", line 139, in put
    self.not_full.wait()
  File "/seu_share/home/weiweiwu/anaconda3/lib/python3.8/threading.py", line 302, in wait
    waiter.acquire()
KeyboardInterrupt

During handling of the above exception, another exception occurred:

Traceback (most recent call last):
  File "test_paralell.py", line 278, in <module>
    play(args) #, nn_path=os.path.join(settings.models_dir,"rl39699.pth"))
  File "test_paralell.py", line 150, in play
    writer.add_scalar("rewards_per_step", agents[i][j].rewards / (obses_n[i][j].info["time_stamp"]), epi_idx)
  File "/seu_share/home/weiweiwu/anaconda3/lib/python3.8/site-packages/torch/utils/tensorboard/writer.py", line 344, in add_scalar
    self._get_file_writer().add_summary(
  File "/seu_share/home/weiweiwu/anaconda3/lib/python3.8/site-packages/torch/utils/tensorboard/writer.py", line 96, in add_summary
    self.add_event(event, global_step, walltime)
  File "/seu_share/home/weiweiwu/anaconda3/lib/python3.8/site-packages/torch/utils/tensorboard/writer.py", line 81, in add_event
    self.event_writer.add_event(event)
  File "/seu_share/home/weiweiwu/anaconda3/lib/python3.8/site-packages/tensorboard/summary/writer/event_file_writer.py", line 118, in add_event
    self._async_writer.write(event.SerializeToString())
  File "/seu_share/home/weiweiwu/anaconda3/lib/python3.8/site-packages/tensorboard/summary/writer/event_file_writer.py", line 171, in write
    self._byte_queue.put(bytestring)
  File "/seu_share/home/weiweiwu/anaconda3/lib/python3.8/queue.py", line 151, in put
    self.not_empty.notify()
  File "/seu_share/home/weiweiwu/anaconda3/lib/python3.8/threading.py", line 250, in __exit__
    return self._lock.__exit__(*args)
RuntimeError: release unlocked lock
Process ForkProcess-11:
Traceback (most recent call last):
  File "/seu_share/home/weiweiwu/uRTS/microrts/microrts/rts_wrapper/envs/multi_envs.py", line 72, in _subproc_worker
    cmd, data = pipe.recv()
  File "/seu_share/home/weiweiwu/anaconda3/lib/python3.8/multiprocessing/connection.py", line 250, in recv
    buf = self._recv_bytes()
  File "/seu_share/home/weiweiwu/anaconda3/lib/python3.8/multiprocessing/connection.py", line 414, in _recv_bytes
    buf = self._recv(4)
  File "/seu_share/home/weiweiwu/anaconda3/lib/python3.8/multiprocessing/connection.py", line 379, in _recv
    chunk = read(handle, remaining)
KeyboardInterrupt

During handling of the above exception, another exception occurred:

Traceback (most recent call last):
  File "/seu_share/home/weiweiwu/anaconda3/lib/python3.8/multiprocessing/process.py", line 315, in _bootstrap
    self.run()
  File "/seu_share/home/weiweiwu/anaconda3/lib/python3.8/multiprocessing/process.py", line 108, in run
    self._target(*self._args, **self._kwargs)
  File "/seu_share/home/weiweiwu/uRTS/microrts/microrts/rts_wrapper/envs/multi_envs.py", line 72, in _subproc_worker
    cmd, data = pipe.recv()
KeyboardInterrupt
Process ForkProcess-2:
Traceback (most recent call last):
  File "/seu_share/home/weiweiwu/anaconda3/lib/python3.8/multiprocessing/process.py", line 318, in _bootstrap
    util._exit_function()
  File "/seu_share/home/weiweiwu/anaconda3/lib/python3.8/multiprocessing/util.py", line 332, in _exit_function
    info('process shutting down')
  File "/seu_share/home/weiweiwu/anaconda3/lib/python3.8/multiprocessing/util.py", line 52, in info
    def info(msg, *args):
KeyboardInterrupt
Process ForkProcess-12:
Traceback (most recent call last):
  File "/seu_share/home/weiweiwu/uRTS/microrts/microrts/rts_wrapper/envs/multi_envs.py", line 72, in _subproc_worker
    cmd, data = pipe.recv()
  File "/seu_share/home/weiweiwu/anaconda3/lib/python3.8/multiprocessing/connection.py", line 250, in recv
    buf = self._recv_bytes()
  File "/seu_share/home/weiweiwu/anaconda3/lib/python3.8/multiprocessing/connection.py", line 414, in _recv_bytes
    buf = self._recv(4)
  File "/seu_share/home/weiweiwu/anaconda3/lib/python3.8/multiprocessing/connection.py", line 379, in _recv
    chunk = read(handle, remaining)
KeyboardInterrupt

During handling of the above exception, another exception occurred:

Traceback (most recent call last):
  File "/seu_share/home/weiweiwu/anaconda3/lib/python3.8/multiprocessing/process.py", line 315, in _bootstrap
    self.run()
  File "/seu_share/home/weiweiwu/anaconda3/lib/python3.8/multiprocessing/process.py", line 108, in run
    self._target(*self._args, **self._kwargs)
  File "/seu_share/home/weiweiwu/uRTS/microrts/microrts/rts_wrapper/envs/multi_envs.py", line 72, in _subproc_worker
    cmd, data = pipe.recv()
KeyboardInterrupt
Process ForkProcess-6:
Traceback (most recent call last):
  File "/seu_share/home/weiweiwu/uRTS/microrts/microrts/rts_wrapper/envs/multi_envs.py", line 72, in _subproc_worker
    cmd, data = pipe.recv()
  File "/seu_share/home/weiweiwu/anaconda3/lib/python3.8/multiprocessing/connection.py", line 250, in recv
    buf = self._recv_bytes()
  File "/seu_share/home/weiweiwu/anaconda3/lib/python3.8/multiprocessing/connection.py", line 414, in _recv_bytes
    buf = self._recv(4)
  File "/seu_share/home/weiweiwu/anaconda3/lib/python3.8/multiprocessing/connection.py", line 379, in _recv
    chunk = read(handle, remaining)
KeyboardInterrupt

During handling of the above exception, another exception occurred:

Traceback (most recent call last):
  File "/seu_share/home/weiweiwu/anaconda3/lib/python3.8/multiprocessing/process.py", line 315, in _bootstrap
    self.run()
  File "/seu_share/home/weiweiwu/anaconda3/lib/python3.8/multiprocessing/process.py", line 108, in run
    self._target(*self._args, **self._kwargs)
  File "/seu_share/home/weiweiwu/uRTS/microrts/microrts/rts_wrapper/envs/multi_envs.py", line 72, in _subproc_worker
    cmd, data = pipe.recv()
KeyboardInterrupt
Process ForkProcess-9:
Traceback (most recent call last):
  File "/seu_share/home/weiweiwu/anaconda3/lib/python3.8/multiprocessing/process.py", line 315, in _bootstrap
    self.run()
  File "/seu_share/home/weiweiwu/anaconda3/lib/python3.8/multiprocessing/process.py", line 108, in run
    self._target(*self._args, **self._kwargs)
  File "/seu_share/home/weiweiwu/uRTS/microrts/microrts/rts_wrapper/envs/multi_envs.py", line 101, in _subproc_worker
    env.close()
KeyboardInterrupt
Process ForkProcess-3:
Traceback (most recent call last):
  File "/seu_share/home/weiweiwu/uRTS/microrts/microrts/rts_wrapper/envs/multi_envs.py", line 72, in _subproc_worker
    cmd, data = pipe.recv()
  File "/seu_share/home/weiweiwu/anaconda3/lib/python3.8/multiprocessing/connection.py", line 250, in recv
    buf = self._recv_bytes()
  File "/seu_share/home/weiweiwu/anaconda3/lib/python3.8/multiprocessing/connection.py", line 414, in _recv_bytes
    buf = self._recv(4)
  File "/seu_share/home/weiweiwu/anaconda3/lib/python3.8/multiprocessing/connection.py", line 379, in _recv
    chunk = read(handle, remaining)
KeyboardInterrupt

During handling of the above exception, another exception occurred:

Traceback (most recent call last):
  File "/seu_share/home/weiweiwu/anaconda3/lib/python3.8/multiprocessing/process.py", line 315, in _bootstrap
    self.run()
  File "/seu_share/home/weiweiwu/anaconda3/lib/python3.8/multiprocessing/process.py", line 108, in run
    self._target(*self._args, **self._kwargs)
  File "/seu_share/home/weiweiwu/uRTS/microrts/microrts/rts_wrapper/envs/multi_envs.py", line 72, in _subproc_worker
    cmd, data = pipe.recv()
KeyboardInterrupt
Process ForkProcess-16:
Traceback (most recent call last):
  File "/seu_share/home/weiweiwu/uRTS/microrts/microrts/rts_wrapper/envs/multi_envs.py", line 72, in _subproc_worker
    cmd, data = pipe.recv()
  File "/seu_share/home/weiweiwu/anaconda3/lib/python3.8/multiprocessing/connection.py", line 250, in recv
    buf = self._recv_bytes()
  File "/seu_share/home/weiweiwu/anaconda3/lib/python3.8/multiprocessing/connection.py", line 414, in _recv_bytes
    buf = self._recv(4)
  File "/seu_share/home/weiweiwu/anaconda3/lib/python3.8/multiprocessing/connection.py", line 379, in _recv
    chunk = read(handle, remaining)
KeyboardInterrupt

During handling of the above exception, another exception occurred:

Traceback (most recent call last):
  File "/seu_share/home/weiweiwu/anaconda3/lib/python3.8/multiprocessing/process.py", line 315, in _bootstrap
    self.run()
  File "/seu_share/home/weiweiwu/anaconda3/lib/python3.8/multiprocessing/process.py", line 108, in run
    self._target(*self._args, **self._kwargs)
  File "/seu_share/home/weiweiwu/uRTS/microrts/microrts/rts_wrapper/envs/multi_envs.py", line 72, in _subproc_worker
    cmd, data = pipe.recv()
KeyboardInterrupt
Process ForkProcess-4:
Traceback (most recent call last):
  File "/seu_share/home/weiweiwu/uRTS/microrts/microrts/rts_wrapper/envs/multi_envs.py", line 72, in _subproc_worker
    cmd, data = pipe.recv()
  File "/seu_share/home/weiweiwu/anaconda3/lib/python3.8/multiprocessing/connection.py", line 250, in recv
    buf = self._recv_bytes()
  File "/seu_share/home/weiweiwu/anaconda3/lib/python3.8/multiprocessing/connection.py", line 414, in _recv_bytes
    buf = self._recv(4)
  File "/seu_share/home/weiweiwu/anaconda3/lib/python3.8/multiprocessing/connection.py", line 379, in _recv
    chunk = read(handle, remaining)
KeyboardInterrupt

During handling of the above exception, another exception occurred:

Traceback (most recent call last):
  File "/seu_share/home/weiweiwu/anaconda3/lib/python3.8/multiprocessing/process.py", line 315, in _bootstrap
    self.run()
  File "/seu_share/home/weiweiwu/anaconda3/lib/python3.8/multiprocessing/process.py", line 108, in run
    self._target(*self._args, **self._kwargs)
  File "/seu_share/home/weiweiwu/uRTS/microrts/microrts/rts_wrapper/envs/multi_envs.py", line 72, in _subproc_worker
    cmd, data = pipe.recv()
KeyboardInterrupt
Process ForkProcess-18:
Traceback (most recent call last):
  File "/seu_share/home/weiweiwu/uRTS/microrts/microrts/rts_wrapper/envs/multi_envs.py", line 72, in _subproc_worker
    cmd, data = pipe.recv()
  File "/seu_share/home/weiweiwu/anaconda3/lib/python3.8/multiprocessing/connection.py", line 250, in recv
    buf = self._recv_bytes()
  File "/seu_share/home/weiweiwu/anaconda3/lib/python3.8/multiprocessing/connection.py", line 414, in _recv_bytes
    buf = self._recv(4)
  File "/seu_share/home/weiweiwu/anaconda3/lib/python3.8/multiprocessing/connection.py", line 379, in _recv
    chunk = read(handle, remaining)
KeyboardInterrupt

During handling of the above exception, another exception occurred:

Traceback (most recent call last):
  File "/seu_share/home/weiweiwu/anaconda3/lib/python3.8/multiprocessing/process.py", line 315, in _bootstrap
    self.run()
  File "/seu_share/home/weiweiwu/anaconda3/lib/python3.8/multiprocessing/process.py", line 108, in run
    self._target(*self._args, **self._kwargs)
  File "/seu_share/home/weiweiwu/uRTS/microrts/microrts/rts_wrapper/envs/multi_envs.py", line 99, in _subproc_worker
    print('ParallelVecEnv worker: got KeyboardInterrupt')
KeyboardInterrupt
Process ForkProcess-1:
Traceback (most recent call last):
  File "/seu_share/home/weiweiwu/uRTS/microrts/microrts/rts_wrapper/envs/multi_envs.py", line 72, in _subproc_worker
    cmd, data = pipe.recv()
  File "/seu_share/home/weiweiwu/anaconda3/lib/python3.8/multiprocessing/connection.py", line 250, in recv
    buf = self._recv_bytes()
  File "/seu_share/home/weiweiwu/anaconda3/lib/python3.8/multiprocessing/connection.py", line 414, in _recv_bytes
    buf = self._recv(4)
  File "/seu_share/home/weiweiwu/anaconda3/lib/python3.8/multiprocessing/connection.py", line 379, in _recv
    chunk = read(handle, remaining)
KeyboardInterrupt

During handling of the above exception, another exception occurred:

Traceback (most recent call last):
  File "/seu_share/home/weiweiwu/anaconda3/lib/python3.8/multiprocessing/process.py", line 315, in _bootstrap
    self.run()
  File "/seu_share/home/weiweiwu/anaconda3/lib/python3.8/multiprocessing/process.py", line 108, in run
    self._target(*self._args, **self._kwargs)
  File "/seu_share/home/weiweiwu/uRTS/microrts/microrts/rts_wrapper/envs/multi_envs.py", line 72, in _subproc_worker
    cmd, data = pipe.recv()
KeyboardInterrupt
Process ForkProcess-15:
Traceback (most recent call last):
  File "/seu_share/home/weiweiwu/uRTS/microrts/microrts/rts_wrapper/envs/multi_envs.py", line 72, in _subproc_worker
    cmd, data = pipe.recv()
  File "/seu_share/home/weiweiwu/anaconda3/lib/python3.8/multiprocessing/connection.py", line 250, in recv
    buf = self._recv_bytes()
  File "/seu_share/home/weiweiwu/anaconda3/lib/python3.8/multiprocessing/connection.py", line 414, in _recv_bytes
    buf = self._recv(4)
  File "/seu_share/home/weiweiwu/anaconda3/lib/python3.8/multiprocessing/connection.py", line 379, in _recv
    chunk = read(handle, remaining)
KeyboardInterrupt

During handling of the above exception, another exception occurred:

Traceback (most recent call last):
  File "/seu_share/home/weiweiwu/anaconda3/lib/python3.8/multiprocessing/process.py", line 315, in _bootstrap
    self.run()
  File "/seu_share/home/weiweiwu/anaconda3/lib/python3.8/multiprocessing/process.py", line 108, in run
    self._target(*self._args, **self._kwargs)
  File "/seu_share/home/weiweiwu/uRTS/microrts/microrts/rts_wrapper/envs/multi_envs.py", line 99, in _subproc_worker
    print('ParallelVecEnv worker: got KeyboardInterrupt')
KeyboardInterrupt
Process ForkProcess-19:
Traceback (most recent call last):
  File "/seu_share/home/weiweiwu/anaconda3/lib/python3.8/multiprocessing/process.py", line 315, in _bootstrap
    self.run()
  File "/seu_share/home/weiweiwu/anaconda3/lib/python3.8/multiprocessing/process.py", line 108, in run
    self._target(*self._args, **self._kwargs)
KeyboardInterrupt
Process ForkProcess-17:
Traceback (most recent call last):
  File "/seu_share/home/weiweiwu/anaconda3/lib/python3.8/multiprocessing/process.py", line 315, in _bootstrap
    self.run()
  File "/seu_share/home/weiweiwu/anaconda3/lib/python3.8/multiprocessing/process.py", line 108, in run
    self._target(*self._args, **self._kwargs)
KeyboardInterrupt
Process ForkProcess-14:
Traceback (most recent call last):
  File "/seu_share/home/weiweiwu/anaconda3/lib/python3.8/multiprocessing/process.py", line 315, in _bootstrap
    self.run()
  File "/seu_share/home/weiweiwu/anaconda3/lib/python3.8/multiprocessing/process.py", line 108, in run
    self._target(*self._args, **self._kwargs)
  File "/seu_share/home/weiweiwu/uRTS/microrts/microrts/rts_wrapper/envs/multi_envs.py", line 101, in _subproc_worker
    env.close()
KeyboardInterrupt
Process ForkProcess-5:
Traceback (most recent call last):
  File "/seu_share/home/weiweiwu/uRTS/microrts/microrts/rts_wrapper/envs/multi_envs.py", line 72, in _subproc_worker
    cmd, data = pipe.recv()
  File "/seu_share/home/weiweiwu/anaconda3/lib/python3.8/multiprocessing/connection.py", line 250, in recv
    buf = self._recv_bytes()
  File "/seu_share/home/weiweiwu/anaconda3/lib/python3.8/multiprocessing/connection.py", line 414, in _recv_bytes
    buf = self._recv(4)
  File "/seu_share/home/weiweiwu/anaconda3/lib/python3.8/multiprocessing/connection.py", line 379, in _recv
    chunk = read(handle, remaining)
KeyboardInterrupt

During handling of the above exception, another exception occurred:

Traceback (most recent call last):
  File "/seu_share/home/weiweiwu/anaconda3/lib/python3.8/multiprocessing/process.py", line 315, in _bootstrap
    self.run()
  File "/seu_share/home/weiweiwu/anaconda3/lib/python3.8/multiprocessing/process.py", line 108, in run
    self._target(*self._args, **self._kwargs)
  File "/seu_share/home/weiweiwu/uRTS/microrts/microrts/rts_wrapper/envs/multi_envs.py", line 72, in _subproc_worker
    cmd, data = pipe.recv()
KeyboardInterrupt
Process ForkProcess-20:
Traceback (most recent call last):
  File "/seu_share/home/weiweiwu/uRTS/microrts/microrts/rts_wrapper/envs/multi_envs.py", line 72, in _subproc_worker
    cmd, data = pipe.recv()
  File "/seu_share/home/weiweiwu/anaconda3/lib/python3.8/multiprocessing/connection.py", line 250, in recv
    buf = self._recv_bytes()
  File "/seu_share/home/weiweiwu/anaconda3/lib/python3.8/multiprocessing/connection.py", line 414, in _recv_bytes
    buf = self._recv(4)
  File "/seu_share/home/weiweiwu/anaconda3/lib/python3.8/multiprocessing/connection.py", line 379, in _recv
    chunk = read(handle, remaining)
KeyboardInterrupt

During handling of the above exception, another exception occurred:

Traceback (most recent call last):
  File "/seu_share/home/weiweiwu/anaconda3/lib/python3.8/multiprocessing/process.py", line 315, in _bootstrap
    self.run()
  File "/seu_share/home/weiweiwu/anaconda3/lib/python3.8/multiprocessing/process.py", line 108, in run
    self._target(*self._args, **self._kwargs)
  File "/seu_share/home/weiweiwu/uRTS/microrts/microrts/rts_wrapper/envs/multi_envs.py", line 99, in _subproc_worker
    print('ParallelVecEnv worker: got KeyboardInterrupt')
KeyboardInterrupt
Process ForkProcess-13:
Traceback (most recent call last):
  File "/seu_share/home/weiweiwu/uRTS/microrts/microrts/rts_wrapper/envs/multi_envs.py", line 72, in _subproc_worker
    cmd, data = pipe.recv()
  File "/seu_share/home/weiweiwu/anaconda3/lib/python3.8/multiprocessing/connection.py", line 250, in recv
    buf = self._recv_bytes()
  File "/seu_share/home/weiweiwu/anaconda3/lib/python3.8/multiprocessing/connection.py", line 414, in _recv_bytes
    buf = self._recv(4)
  File "/seu_share/home/weiweiwu/anaconda3/lib/python3.8/multiprocessing/connection.py", line 379, in _recv
    chunk = read(handle, remaining)
KeyboardInterrupt

During handling of the above exception, another exception occurred:

Traceback (most recent call last):
  File "/seu_share/home/weiweiwu/anaconda3/lib/python3.8/multiprocessing/process.py", line 315, in _bootstrap
    self.run()
  File "/seu_share/home/weiweiwu/anaconda3/lib/python3.8/multiprocessing/process.py", line 108, in run
    self._target(*self._args, **self._kwargs)
  File "/seu_share/home/weiweiwu/uRTS/microrts/microrts/rts_wrapper/envs/multi_envs.py", line 99, in _subproc_worker
    print('ParallelVecEnv worker: got KeyboardInterrupt')
KeyboardInterrupt
Process ForkProcess-8:
Traceback (most recent call last):
  File "/seu_share/home/weiweiwu/anaconda3/lib/python3.8/multiprocessing/process.py", line 315, in _bootstrap
    self.run()
  File "/seu_share/home/weiweiwu/anaconda3/lib/python3.8/multiprocessing/process.py", line 108, in run
    self._target(*self._args, **self._kwargs)
  File "/seu_share/home/weiweiwu/uRTS/microrts/microrts/rts_wrapper/envs/multi_envs.py", line 101, in _subproc_worker
    env.close()
KeyboardInterrupt
Process ForkProcess-23:
Traceback (most recent call last):
  File "/seu_share/home/weiweiwu/uRTS/microrts/microrts/rts_wrapper/envs/multi_envs.py", line 72, in _subproc_worker
    cmd, data = pipe.recv()
  File "/seu_share/home/weiweiwu/anaconda3/lib/python3.8/multiprocessing/connection.py", line 250, in recv
    buf = self._recv_bytes()
  File "/seu_share/home/weiweiwu/anaconda3/lib/python3.8/multiprocessing/connection.py", line 414, in _recv_bytes
    buf = self._recv(4)
  File "/seu_share/home/weiweiwu/anaconda3/lib/python3.8/multiprocessing/connection.py", line 379, in _recv
    chunk = read(handle, remaining)
KeyboardInterrupt

During handling of the above exception, another exception occurred:

Traceback (most recent call last):
  File "/seu_share/home/weiweiwu/anaconda3/lib/python3.8/multiprocessing/process.py", line 315, in _bootstrap
    self.run()
  File "/seu_share/home/weiweiwu/anaconda3/lib/python3.8/multiprocessing/process.py", line 108, in run
    self._target(*self._args, **self._kwargs)
  File "/seu_share/home/weiweiwu/uRTS/microrts/microrts/rts_wrapper/envs/multi_envs.py", line 72, in _subproc_worker
    cmd, data = pipe.recv()
KeyboardInterrupt
Process ForkProcess-10:
Traceback (most recent call last):
  File "/seu_share/home/weiweiwu/uRTS/microrts/microrts/rts_wrapper/envs/multi_envs.py", line 72, in _subproc_worker
    cmd, data = pipe.recv()
  File "/seu_share/home/weiweiwu/anaconda3/lib/python3.8/multiprocessing/connection.py", line 250, in recv
    buf = self._recv_bytes()
  File "/seu_share/home/weiweiwu/anaconda3/lib/python3.8/multiprocessing/connection.py", line 414, in _recv_bytes
    buf = self._recv(4)
  File "/seu_share/home/weiweiwu/anaconda3/lib/python3.8/multiprocessing/connection.py", line 379, in _recv
    chunk = read(handle, remaining)
KeyboardInterrupt

During handling of the above exception, another exception occurred:

Traceback (most recent call last):
  File "/seu_share/home/weiweiwu/anaconda3/lib/python3.8/multiprocessing/process.py", line 315, in _bootstrap
    self.run()
  File "/seu_share/home/weiweiwu/anaconda3/lib/python3.8/multiprocessing/process.py", line 108, in run
    self._target(*self._args, **self._kwargs)
  File "/seu_share/home/weiweiwu/uRTS/microrts/microrts/rts_wrapper/envs/multi_envs.py", line 72, in _subproc_worker
    cmd, data = pipe.recv()
KeyboardInterrupt
Process ForkProcess-7:
Traceback (most recent call last):
  File "/seu_share/home/weiweiwu/uRTS/microrts/microrts/rts_wrapper/envs/multi_envs.py", line 72, in _subproc_worker
    cmd, data = pipe.recv()
  File "/seu_share/home/weiweiwu/anaconda3/lib/python3.8/multiprocessing/connection.py", line 250, in recv
    buf = self._recv_bytes()
  File "/seu_share/home/weiweiwu/anaconda3/lib/python3.8/multiprocessing/connection.py", line 414, in _recv_bytes
    buf = self._recv(4)
  File "/seu_share/home/weiweiwu/anaconda3/lib/python3.8/multiprocessing/connection.py", line 379, in _recv
    chunk = read(handle, remaining)
KeyboardInterrupt

During handling of the above exception, another exception occurred:

Traceback (most recent call last):
  File "/seu_share/home/weiweiwu/anaconda3/lib/python3.8/multiprocessing/process.py", line 315, in _bootstrap
    self.run()
  File "/seu_share/home/weiweiwu/anaconda3/lib/python3.8/multiprocessing/process.py", line 108, in run
    self._target(*self._args, **self._kwargs)
  File "/seu_share/home/weiweiwu/uRTS/microrts/microrts/rts_wrapper/envs/multi_envs.py", line 72, in _subproc_worker
    cmd, data = pipe.recv()
KeyboardInterrupt
Process ForkProcess-22:
Traceback (most recent call last):
  File "/seu_share/home/weiweiwu/uRTS/microrts/microrts/rts_wrapper/envs/multi_envs.py", line 72, in _subproc_worker
    cmd, data = pipe.recv()
  File "/seu_share/home/weiweiwu/anaconda3/lib/python3.8/multiprocessing/connection.py", line 250, in recv
    buf = self._recv_bytes()
  File "/seu_share/home/weiweiwu/anaconda3/lib/python3.8/multiprocessing/connection.py", line 414, in _recv_bytes
    buf = self._recv(4)
  File "/seu_share/home/weiweiwu/anaconda3/lib/python3.8/multiprocessing/connection.py", line 379, in _recv
    chunk = read(handle, remaining)
KeyboardInterrupt

During handling of the above exception, another exception occurred:

Traceback (most recent call last):
  File "/seu_share/home/weiweiwu/anaconda3/lib/python3.8/multiprocessing/process.py", line 315, in _bootstrap
    self.run()
  File "/seu_share/home/weiweiwu/anaconda3/lib/python3.8/multiprocessing/process.py", line 108, in run
    self._target(*self._args, **self._kwargs)
  File "/seu_share/home/weiweiwu/uRTS/microrts/microrts/rts_wrapper/envs/multi_envs.py", line 72, in _subproc_worker
    cmd, data = pipe.recv()
KeyboardInterrupt
